#
# A fatal error has been detected by the Java Runtime Environment:
#
#  SIGSEGV (0xb) at pc=0x00007f9535e14785, pid=19088, tid=19089
#
# JRE version: OpenJDK Runtime Environment Temurin-21.0.7+6 (21.0.7+6) (build 21.0.7+6-LTS)
# Java VM: OpenJDK 64-Bit Server VM Temurin-21.0.7+6 (21.0.7+6-LTS, mixed mode, sharing, tiered, compressed oops, compressed class ptrs, g1 gc, linux-amd64)
# Problematic frame:
# J 73 c1 java.lang.StringLatin1.lastIndexOf([BI[BII)I java.base@21.0.7 (125 bytes) @ 0x00007f9535e14785 [0x00007f9535e14760+0x0000000000000025]
#
# Core dump will be written. Default location: Core dumps may be processed with "/usr/lib/systemd/systemd-coredump %P %u %g %s %t %c %h %d" (or dumping to /home/ccordeiro/area_dev/spring-boot/rest-with-spring-boot-and-java/rest/core.19088)
#
# If you would like to submit a bug report, please visit:
#   https://github.com/adoptium/adoptium-support/issues
#

---------------  S U M M A R Y ------------

Command Line: -Dapplication.home=/home/ccordeiro/.vscode/extensions/redhat.java-1.43.0-linux-x64/jre/21.0.7-linux-x86_64 -Xms8m -Djdk.module.main=jdk.jcmd jdk.jcmd/sun.tools.jcmd.JCmd 5300 VM.uptime

Host: AMD FX(tm)-4100 Quad-Core Processor, 8 cores, 7G, Fedora release 41 (Forty One)
Time: Sat Jun 28 16:20:21 2025 -03 elapsed time: 0.061994 seconds (0d 0h 0m 0s)

---------------  T H R E A D  ---------------

Current thread (0x00007f954802b780):  JavaThread "main"             [_thread_in_Java, id=19089, stack(0x00007f954d816000,0x00007f954d916000) (1024K)]

Stack: [0x00007f954d816000,0x00007f954d916000],  sp=0x00007f954d9141b0,  free space=1016k
Native frames: (J=compiled Java code, j=interpreted, Vv=VM code, C=native code)
J 73 c1 java.lang.StringLatin1.lastIndexOf([BI[BII)I java.base@21.0.7 (125 bytes) @ 0x00007f9535e14785 [0x00007f9535e14760+0x0000000000000025]
j  java.lang.String.lastIndexOf([BBILjava/lang/String;I)I+68 java.base@21.0.7
j  java.lang.String.lastIndexOf(Ljava/lang/String;I)I+14 java.base@21.0.7
j  java.lang.String.lastIndexOf(Ljava/lang/String;)I+6 java.base@21.0.7
j  java.lang.module.Resolver.packageName(Ljava/lang/String;)Ljava/lang/String;+4 java.base@21.0.7
j  java.lang.module.Resolver.checkExportSuppliers(Ljava/util/Map;)V+502 java.base@21.0.7
j  java.lang.module.Resolver.finish(Ljava/lang/module/Configuration;)Ljava/util/Map;+16 java.base@21.0.7
j  java.lang.module.Configuration.<init>(Ljava/util/List;Ljava/lang/module/Resolver;)V+6 java.base@21.0.7
j  java.lang.module.Configuration.resolveAndBind(Ljava/lang/module/ModuleFinder;Ljava/util/Collection;Ljava/io/PrintStream;)Ljava/lang/module/Configuration;+44 java.base@21.0.7
j  java.lang.module.ModuleDescriptor$1.resolveAndBind(Ljava/lang/module/ModuleFinder;Ljava/util/Collection;Ljava/io/PrintStream;)Ljava/lang/module/Configuration;+3 java.base@21.0.7
j  jdk.internal.module.Modules.newBootLayerConfiguration(Ljava/lang/module/ModuleFinder;Ljava/util/Collection;Ljava/io/PrintStream;)Ljava/lang/module/Configuration;+6 java.base@21.0.7
j  jdk.internal.module.ModuleBootstrap.boot2()Ljava/lang/ModuleLayer;+896 java.base@21.0.7
j  jdk.internal.module.ModuleBootstrap.boot()Ljava/lang/ModuleLayer;+64 java.base@21.0.7
j  java.lang.System.initPhase2(ZZ)I+0 java.base@21.0.7
v  ~StubRoutines::call_stub 0x00007f953d337cc6
V  [libjvm.so+0x911545]  JavaCalls::call_helper(JavaValue*, methodHandle const&, JavaCallArguments*, JavaThread*)+0x2e5
V  [libjvm.so+0x911913]  JavaCalls::call_static(JavaValue*, Klass*, Symbol*, Symbol*, JavaCallArguments*, JavaThread*)+0x113
V  [libjvm.so+0xf86573]  Threads::create_vm(JavaVMInitArgs*, bool*)+0x7a3
V  [libjvm.so+0x9b408f]  JNI_CreateJavaVM+0x4f
C  [libjli.so+0x970b]  JavaMain+0x8b
C  [libjli.so+0xd259]  ThreadJavaMain+0x9
C  [libc.so.6+0x70fa8]  start_thread+0x3b8

siginfo: si_signo: 11 (SIGSEGV), si_code: 1 (SEGV_MAPERR), si_addr: 0x00007f95d0015e6c

Registers:
RAX=0x00007f95d0015d78, RBX=0x00007f94db024018, RCX=0x00000000ffe00898, RDX=0x000000000000002b
RSP=0x00007f954d9141b0, RBP=0x00007f954d914268, RSI=0x00000000ffe730b0, RDI=0x00000000000009da
R8 =0x0000000000000001, R9 =0x000000000000002a, R10=0x00007f954ef67900, R11=0x00007f9535e14760
R12=0x0000000000000000, R13=0x00007f954d9141f8, R14=0x00007f954d9142b8, R15=0x00007f954802b780
RIP=0x00007f9535e14785, EFLAGS=0x0000000000010202, CSGSFS=0x002b000000000033, ERR=0x0000000000000004
  TRAPNO=0x000000000000000e

XMM[0]=0x0000000000000000 0x000000003f400000
XMM[1]=0x0000000000000000 0x3ff6666666666666
XMM[2]=0x0000000000000000 0x3ff0000000000000
XMM[3]=0x0000000000000000 0x41add93a00000000
XMM[4]=0x0000000000000000 0x4059000000000000
XMM[5]=0x0000000000000000 0x4059000000000000
XMM[6]=0x0000000000000000 0x00007f954802b780
XMM[7]=0x0000000000000000 0x2e6f696e2e617661
XMM[8]=0x0000000000000000 0xf0e4834800ec8348
XMM[9]=0x0000000000000000 0xf8c5fffb1dbae9c3
XMM[10]=0x0000000000000000 0x00007f954ebbab40
XMM[11]=0x0000000000000000 0x00007f954ebba900
XMM[12]=0x0000000000000000 0x0000000000000000
XMM[13]=0x0000000000000000 0x0000000000000000
XMM[14]=0x0000000000000000 0x0000000000000000
XMM[15]=0x0000000000000000 0xcafebabecafebabe
  MXCSR=0x00001fa2


Register to memory mapping:

RAX=0x00007f95d0015d78 is an unknown value
RBX={method} {0x00007f94db024018} 'lastIndexOf' '([BI[BII)I' in 'java/lang/StringLatin1'
RCX=0x00000000ffe00898 is an oop: [B 
{0x00000000ffe00898} - klass: {type array byte}
 - length: 1
RDX=0x000000000000002b is an unknown value
RSP=0x00007f954d9141b0 is pointing into the stack for thread: 0x00007f954802b780
RBP=0x00007f954d914268 is pointing into the stack for thread: 0x00007f954802b780
RSI=0x00000000ffe730b0 is an oop: [B 
{0x00000000ffe730b0} - klass: {type array byte}
 - length: 43
RDI=0x00000000000009da is an unknown value
R8 =0x0000000000000001 is an unknown value
R9 =0x000000000000002a is an unknown value
R10=0x00007f954ef67900: <offset 0x0000000001567900> in /home/ccordeiro/.vscode/extensions/redhat.java-1.43.0-linux-x64/jre/21.0.7-linux-x86_64/lib/server/libjvm.so at 0x00007f954da00000
R11=0x00007f9535e14760 is at entry_point+0 in (nmethod*)0x00007f9535e14590
Compiled method (c1) 82   73       3       java.lang.StringLatin1::lastIndexOf (125 bytes)
 total in heap  [0x00007f9535e14590,0x00007f9535e14dd8] = 2120
 relocation     [0x00007f9535e146e8,0x00007f9535e14758] = 112
 main code      [0x00007f9535e14760,0x00007f9535e14b80] = 1056
 stub code      [0x00007f9535e14b80,0x00007f9535e14bb0] = 48
 metadata       [0x00007f9535e14bb0,0x00007f9535e14bb8] = 8
 scopes data    [0x00007f9535e14bb8,0x00007f9535e14c68] = 176
 scopes pcs     [0x00007f9535e14c68,0x00007f9535e14d98] = 304
 dependencies   [0x00007f9535e14d98,0x00007f9535e14da0] = 8
 nul chk table  [0x00007f9535e14da0,0x00007f9535e14dd8] = 56
R12=0x0 is null
R13=0x00007f954d9141f8 is pointing into the stack for thread: 0x00007f954802b780
R14=0x00007f954d9142b8 is pointing into the stack for thread: 0x00007f954802b780
R15=0x00007f954802b780 is a thread

Top of Stack: (sp=0x00007f954d9141b0)
0x00007f954d9141b0:   00007f94dbae1563 0000000000000006
0x00007f954d9141c0:   00007f94db4199d0 0000000000000000
0x00007f954d9141d0:   00000000ffe82848 00007f94db415988
0x00007f954d9141e0:   00007f954d914268 00007f953d33f2a8
0x00007f954d9141f0:   00007f953d33f2a8 000000000000002a
0x00007f954d914200:   0000000000000001 00000000ffe00898
0x00007f954d914210:   000000000000002b 00000000ffe730b0
0x00007f954d914220:   00007f954d914220 00007f94dbb17a0c
0x00007f954d914230:   000000000000000a 00007f94db452650
0x00007f954d914240:   0000000000000000 00000000ffe7f5c0
0x00007f954d914250:   00007f94db450320 00007f954d9141f8
0x00007f954d914260:   00007f954d914298 00007f954d914308
0x00007f954d914270:   00007f953d33f2a8 000000000000002a
0x00007f954d914280:   0000000000000001 0000000000000000
0x00007f954d914290:   00000000ffe00898 000000000000002a
0x00007f954d9142a0:   00000000ffe00880 000000000000002b
0x00007f954d9142b0:   0000000000000000 00000000ffe730b0
0x00007f954d9142c0:   00007f954d9142c0 00007f94dbb1788e
0x00007f954d9142d0:   0000000000000004 00007f94db452650
0x00007f954d9142e0:   0000000000000000 00000000ffe7f5c0
0x00007f954d9142f0:   00007f94db4501c0 00007f954d914298
0x00007f954d914300:   00007f954d914318 00007f954d914378
0x00007f954d914310:   00007f953d33f2a8 000000000000002b
0x00007f954d914320:   00000000ffe00880 00000000ffe73098
0x00007f954d914330:   00007f954d914330 00007f94dbb1793e
0x00007f954d914340:   0000000000000003 00007f94db452650
0x00007f954d914350:   0000000000000000 00000000ffe7f5c0
0x00007f954d914360:   00007f94db450270 00007f954d914318
0x00007f954d914370:   00007f954d914388 00007f954d9143e0
0x00007f954d914380:   00007f953d33f2a8 00000000ffe00880
0x00007f954d914390:   00000000ffe73098 00007f954d914398
0x00007f954d9143a0:   00007f94db8b2794 0000000000000003 

Instructions: (pc=0x00007f9535e14785)
0x00007f9535e14685:   ff ff ff f0 05 00 00 c3 05 00 00 d0 01 00 00 f0
0x00007f9535e14695:   05 00 00 20 06 00 00 20 06 00 00 00 00 00 00 d8
0x00007f9535e146a5:   06 00 00 08 08 00 00 10 08 00 00 10 08 00 00 48
0x00007f9535e146b5:   08 00 00 48 08 00 00 48 08 00 00 28 00 00 00 49
0x00007f9535e146c5:   00 00 00 00 00 00 00 02 00 00 00 ff ff ff ff ff
0x00007f9535e146d5:   ff ff ff 03 02 00 00 00 00 00 00 00 00 00 00 00
0x00007f9535e146e5:   00 00 00 16 31 05 60 50 60 46 60 2f 60 92 60 3d
0x00007f9535e146f5:   50 05 60 34 60 34 60 2e 50 03 60 21 60 2e 50 03
0x00007f9535e14705:   60 28 58 18 58 0e 60 17 31 0a 31 05 31 0e 31 05
0x00007f9535e14715:   31 05 31 0e 31 05 31 05 31 0e 31 0e 31 05 60 17
0x00007f9535e14725:   31 0a 60 17 31 0a 60 17 31 00 79 0a 40 11 31 fe
0x00007f9535e14735:   78 05 40 11 31 27 31 0b 00 00 31 03 7c b1 4e 06
0x00007f9535e14745:   77 95 7f 05 38 0e 31 01 7c 9e ff 06 48 0c 31 00
0x00007f9535e14755:   00 00 00 00 00 00 00 00 00 00 00 89 84 24 00 c0
0x00007f9535e14765:   fe ff 55 48 83 ec 30 41 81 7f 20 01 00 00 00 74
0x00007f9535e14775:   05 e8 45 6e 55 07 48 b8 78 5d 01 d0 95 7f 00 00
0x00007f9535e14785:   8b b8 f4 00 00 00 83 c7 02 89 b8 f4 00 00 00 81
0x00007f9535e14795:   e7 fe 07 00 00 85 ff 0f 84 ab 02 00 85 41 ff c8
0x00007f9535e147a5:   44 89 44 24 24 45 03 c8 44 3b 41 0c 0f 83 c1 02
0x00007f9535e147b5:   00 00 49 63 c0 0f be 44 01 10 25 ff 00 00 00 89
0x00007f9535e147c5:   44 24 20 45 3b c8 48 bf 78 5d 01 d0 95 7f 00 00
0x00007f9535e147d5:   48 c7 c3 38 01 00 00 7c 07 48 c7 c3 48 01 00 00
0x00007f9535e147e5:   48 8b 14 1f 48 8d 52 01 48 89 14 1f 0f 8c 46 00
0x00007f9535e147f5:   00 00 44 3b 4e 0c 0f 83 8f 02 00 00 49 63 f9 0f
0x00007f9535e14805:   be 7c 3e 10 81 e7 ff 00 00 00 3b f8 48 bf 78 5d
0x00007f9535e14815:   01 d0 94 7f 00 00 48 c7 c3 68 01 00 00 75 07 48
0x00007f9535e14825:   c7 c3 58 01 00 00 48 8b 14 1f 48 8d 52 01 48 89
0x00007f9535e14835:   14 1f 0f 85 8e 01 00 00 45 3b c8 48 bf 78 5d 01
0x00007f9535e14845:   d0 94 7f 00 00 48 c7 c3 a0 01 00 00 7c 07 48 c7
0x00007f9535e14855:   c3 90 01 00 00 48 8b 14 1f 48 8d 52 01 48 89 14
0x00007f9535e14865:   1f 0f 8c c9 01 00 00 49 8b f9 ff cf 48 8b df 41
0x00007f9535e14875:   2b d8 49 8b d0 ff ca e9 c5 00 00 00 0f 1f 80 00 


Stack slot to memory mapping:

stack at sp + 0 slots: 0x00007f94dbae1563 is pointing into metadata
stack at sp + 1 slots: 0x0000000000000006 is an unknown value
stack at sp + 2 slots: 0x00007f94db4199d0 is pointing into metadata
stack at sp + 3 slots: 0x0 is null
stack at sp + 4 slots: 0x00000000ffe82848 is an oop: java.lang.Class 
{0x00000000ffe82848} - klass: 'java/lang/Class'
 - ---- fields (total size 16 words):
 - private volatile transient 'classRedefinedCount' 'I' @12  0 (0x00000000)
 - injected 'klass' 'J' @16  140277306240888 (0x00007f94db022f78)
 - injected 'array_klass' 'J' @24  0 (0x0000000000000000)
 - injected 'oop_size' 'I' @32  16 (0x00000010)
 - injected 'static_oop_field_count' 'I' @36  0 (0x00000000)
 - private volatile transient 'cachedConstructor' 'Ljava/lang/reflect/Constructor;' @40  null (0x00000000)
 - private transient 'name' 'Ljava/lang/String;' @44  null (0x00000000)
 - private transient 'module' 'Ljava/lang/Module;' @48  a 'java/lang/Module'{0x0000000084d4d5e8} (0x84d4d5e8)
 - private final 'classLoader' 'Ljava/lang/ClassLoader;' @52  null (0x00000000)
 - private transient 'classData' 'Ljava/lang/Object;' @56  null (0x00000000)
 - private transient 'packageName' 'Ljava/lang/String;' @60  null (0x00000000)
 - private final 'componentType' 'Ljava/lang/Class;' @64  null (0x00000000)
 - private volatile transient 'reflectionData' 'Ljava/lang/ref/SoftReference;' @68  null (0x00000000)
 - private volatile transient 'genericInfo' 'Lsun/reflect/generics/repository/ClassRepository;' @72  null (0x00000000)
 - private volatile transient 'enumConstants' '[Ljava/lang/Object;' @76  null (0x00000000)
 - private volatile transient 'enumConstantDirectory' 'Ljava/util/Map;' @80  null (0x00000000)
 - private volatile transient 'annotationData' 'Ljava/lang/Class$AnnotationData;' @84  null (0x00000000)
 - private volatile transient 'annotationType' 'Lsun/reflect/annotation/AnnotationType;' @88  null (0x00000000)
 - transient 'classValueMap' 'Ljava/lang/ClassValue$ClassValueMap;' @92  null (0x00000000)
 - injected 'protection_domain' 'Ljava/lang/Object;' @96  null (0x00000000)
 - injected 'signers_name' 'Ljava/lang/Object;' @100  null (0x00000000)
 - injected 'source_file' 'Ljava/lang/Object;' @104  null (0x00000000)
 - injected '<init_lock>' 'Ljava/lang/Object;' @108  null (0x00000000)
 - signature: Ljava/util/Arrays;
 - ---- static fields (0):
 - private static final 'MIN_ARRAY_SORT_GRAN' 'I' @112  8192 (0x00002000)
 - private static final 'INSERTIONSORT_THRESHOLD' 'I' @116  7 (0x00000007)
 - static final synthetic '$assertionsDisabled' 'Z' @120  true (0x01)
stack at sp + 5 slots: {method} {0x00007f94db415988} 'copyOfRangeByte' '([BII)[B' in 'java/util/Arrays'
stack at sp + 6 slots: 0x00007f954d914268 is pointing into the stack for thread: 0x00007f954802b780
stack at sp + 7 slots: 0x00007f953d33f2a8 is at code_begin+1480 in an Interpreter codelet
return entry points  [0x00007f953d33ece0, 0x00007f953d33f880]  2976 bytes


Compiled method (c1) 92   73       3       java.lang.StringLatin1::lastIndexOf (125 bytes)
 total in heap  [0x00007f9535e14590,0x00007f9535e14dd8] = 2120
 relocation     [0x00007f9535e146e8,0x00007f9535e14758] = 112
 main code      [0x00007f9535e14760,0x00007f9535e14b80] = 1056
 stub code      [0x00007f9535e14b80,0x00007f9535e14bb0] = 48
 metadata       [0x00007f9535e14bb0,0x00007f9535e14bb8] = 8
 scopes data    [0x00007f9535e14bb8,0x00007f9535e14c68] = 176
 scopes pcs     [0x00007f9535e14c68,0x00007f9535e14d98] = 304
 dependencies   [0x00007f9535e14d98,0x00007f9535e14da0] = 8
 nul chk table  [0x00007f9535e14da0,0x00007f9535e14dd8] = 56

[Constant Pool (empty)]

[MachCode]
[Verified Entry Point]
  # {method} {0x00007f94db024018} 'lastIndexOf' '([BI[BII)I' in 'java/lang/StringLatin1'
  # parm0:    rsi:rsi   = '[B'
  # parm1:    rdx       = int
  # parm2:    rcx:rcx   = '[B'
  # parm3:    r8        = int
  # parm4:    r9        = int
  #           [sp+0x40]  (sp of caller)
  0x00007f9535e14760: 8984 2400 | c0fe ff55 | 4883 ec30 | 4181 7f20 | 0100 0000 

  0x00007f9535e14774: ;   {runtime_call StubRoutines (final stubs)}
  0x00007f9535e14774: 7405 e845 
[error occurred during error reporting (printing code blobs if possible), id 0xb, SIGSEGV (0xb) at pc=0x00007f954e6c5411]

---------------  P R O C E S S  ---------------

Threads class SMR info:
_java_thread_list=0x00007f95480ee4a0, length=8, elements={
0x00007f954802b780, 0x00007f95480e45a0, 0x00007f95480e5b00, 0x00007f95480e7280,
0x00007f95480e8820, 0x00007f95480e9db0, 0x00007f95480eb8e0, 0x00007f95480ecf90
}

Java Threads: ( => current thread )
=>0x00007f954802b780 JavaThread "main"                              [_thread_in_Java, id=19089, stack(0x00007f954d816000,0x00007f954d916000) (1024K)]
  0x00007f95480e45a0 JavaThread "Reference Handler"          daemon [_thread_blocked, id=19097, stack(0x00007f9531886000,0x00007f9531986000) (1024K)]
  0x00007f95480e5b00 JavaThread "Finalizer"                  daemon [_thread_blocked, id=19098, stack(0x00007f9531786000,0x00007f9531886000) (1024K)]
  0x00007f95480e7280 JavaThread "Signal Dispatcher"          daemon [_thread_blocked, id=19099, stack(0x00007f9531686000,0x00007f9531786000) (1024K)]
  0x00007f95480e8820 JavaThread "Service Thread"             daemon [_thread_blocked, id=19100, stack(0x00007f9531586000,0x00007f9531686000) (1024K)]
  0x00007f95480e9db0 JavaThread "Monitor Deflation Thread"   daemon [_thread_blocked, id=19101, stack(0x00007f9531486000,0x00007f9531586000) (1024K)]
  0x00007f95480eb8e0 JavaThread "C2 CompilerThread0"         daemon [_thread_blocked, id=19102, stack(0x00007f9531386000,0x00007f9531486000) (1024K)]
  0x00007f95480ecf90 JavaThread "C1 CompilerThread0"         daemon [_thread_blocked, id=19103, stack(0x00007f9531286000,0x00007f9531386000) (1024K)]
Total: 8

Other Threads:
  0x00007f95480d2d60 VMThread "VM Thread"                           [id=19096, stack(0x00007f9531bff000,0x00007f9531cff000) (1024K)]
  0x00007f95480c1330 WatcherThread "VM Periodic Task Thread"        [id=19095, stack(0x00007f9531d00000,0x00007f9531e00000) (1024K)]
  0x00007f9548082ad0 WorkerThread "GC Thread#0"                     [id=19090, stack(0x00007f954c8f8000,0x00007f954c9f8000) (1024K)]
  0x00007f9548093800 ConcurrentGCThread "G1 Main Marker"            [id=19091, stack(0x00007f954c7f7000,0x00007f954c8f7000) (1024K)]
  0x00007f95480947a0 WorkerThread "G1 Conc#0"                       [id=19092, stack(0x00007f954c6f6000,0x00007f954c7f6000) (1024K)]
  0x00007f95480adce0 ConcurrentGCThread "G1 Refine#0"               [id=19093, stack(0x00007f954c1f1000,0x00007f954c2f1000) (1024K)]
  0x00007f95480aec90 ConcurrentGCThread "G1 Service"                [id=19094, stack(0x00007f954c0f0000,0x00007f954c1f0000) (1024K)]
Total: 7

Threads with active compile tasks:
Total: 0

VM state: not at safepoint (normal execution)

VM Mutex/Monitor currently owned by a thread: None

Heap address: 0x0000000084600000, size: 1978 MB, Compressed Oops mode: 32-bit

CDS archive(s) mapped at: [0x00007f94db000000-0x00007f94dbbb6000-0x00007f94dbbb6000), size 12279808, SharedBaseAddress: 0x00007f94db000000, ArchiveRelocationMode: 1.
Compressed class space mapped at: 0x00007f94dc000000-0x00007f951c000000, reserved size: 1073741824
Narrow klass base: 0x00007f94db000000, Narrow klass shift: 0, Narrow klass range: 0x100000000

GC Precious Log:
 CardTable entry size: 512
 Card Set container configuration: InlinePtr #cards 5 size 8 Array Of Cards #cards 12 size 40 Howl #buckets 4 coarsen threshold 1843 Howl Bitmap #cards 512 size 80 coarsen threshold 460 Card regions per heap region 1 cards per card region 2048
 CPUs: 8 total, 4 available
 Memory: 7910M
 Large Page Support: Disabled
 NUMA Support: Disabled
 Compressed Oops: Enabled (32-bit)
 Heap Region Size: 1M
 Heap Min Capacity: 8M
 Heap Initial Capacity: 8M
 Heap Max Capacity: 1978M
 Pre-touch: Disabled
 Parallel Workers: 4
 Concurrent Workers: 1
 Concurrent Refinement Workers: 4
 Periodic GC: Disabled

Heap:
 garbage-first heap   total 10240K, used 1066K [0x0000000084600000, 0x0000000100000000)
  region size 1024K, 1 young (1024K), 0 survivors (0K)
 Metaspace       used 91K, committed 192K, reserved 1114112K
  class space    used 2K, committed 64K, reserved 1048576K

Heap Regions: E=young(eden), S=young(survivor), O=old, HS=humongous(starts), HC=humongous(continues), CS=collection set, F=free, TAMS=top-at-mark-start, PB=parsable bottom
|   0|0x0000000084600000, 0x0000000084600000, 0x0000000084700000|  0%| F|  |TAMS 0x0000000084600000| PB 0x0000000084600000| Untracked 
|   1|0x0000000084700000, 0x0000000084700000, 0x0000000084800000|  0%| F|  |TAMS 0x0000000084700000| PB 0x0000000084700000| Untracked 
|   2|0x0000000084800000, 0x0000000084800000, 0x0000000084900000|  0%| F|  |TAMS 0x0000000084800000| PB 0x0000000084800000| Untracked 
|   3|0x0000000084900000, 0x0000000084900000, 0x0000000084a00000|  0%| F|  |TAMS 0x0000000084900000| PB 0x0000000084900000| Untracked 
|   4|0x0000000084a00000, 0x0000000084a00000, 0x0000000084b00000|  0%| F|  |TAMS 0x0000000084a00000| PB 0x0000000084a00000| Untracked 
|   5|0x0000000084b00000, 0x0000000084b00000, 0x0000000084c00000|  0%| F|  |TAMS 0x0000000084b00000| PB 0x0000000084b00000| Untracked 
|   6|0x0000000084c00000, 0x0000000084c00000, 0x0000000084d00000|  0%| F|  |TAMS 0x0000000084c00000| PB 0x0000000084c00000| Untracked 
|   7|0x0000000084d00000, 0x0000000084d99c78, 0x0000000084e00000| 60%| E|  |TAMS 0x0000000084d00000| PB 0x0000000084d00000| Complete 
|1976|0x00000000ffe00000, 0x00000000fff00000, 0x00000000fff00000|100%| O|  |TAMS 0x00000000ffe00000| PB 0x00000000ffe00000| Untracked 
|1977|0x00000000fff00000, 0x00000000fff0aa80, 0x0000000100000000|  4%| O|  |TAMS 0x00000000fff00000| PB 0x00000000fff00000| Untracked 

Card table byte_map: [0x00007f954ca3a000,0x00007f954ce17000] _byte_map_base: 0x00007f954c617000

Marking Bits: (CMBitMap*) 0x00007f95480835f0
 Bits: [0x00007f9533f18000, 0x00007f9535e00000)

Polling page: 0x00007f954f1e9000

Metaspace:

Usage:
  Non-class:     88,48 KB used.
      Class:      2,88 KB used.
       Both:     91,36 KB used.

Virtual space:
  Non-class space:       64,00 MB reserved,     128,00 KB ( <1%) committed,  1 nodes.
      Class space:        1,00 GB reserved,      64,00 KB ( <1%) committed,  1 nodes.
             Both:        1,06 GB reserved,     192,00 KB ( <1%) committed. 

Chunk freelists:
   Non-Class:  12,00 MB
       Class:  15,75 MB
        Both:  27,75 MB

MaxMetaspaceSize: unlimited
CompressedClassSpaceSize: 1,00 GB
Initial GC threshold: 21,00 MB
Current GC threshold: 21,00 MB
CDS: on
 - commit_granule_bytes: 65536.
 - commit_granule_words: 8192.
 - virtual_space_node_default_size: 8388608.
 - enlarge_chunks_in_place: 1.
 - use_allocation_guard: 0.


Internal statistics:

num_allocs_failed_limit: 0.
num_arena_births: 2.
num_arena_deaths: 0.
num_vsnodes_births: 2.
num_vsnodes_deaths: 0.
num_space_committed: 3.
num_space_uncommitted: 0.
num_chunks_returned_to_freelist: 0.
num_chunks_taken_from_freelist: 3.
num_chunk_merges: 0.
num_chunk_splits: 2.
num_chunks_enlarged: 0.
num_inconsistent_stats: 0.

CodeHeap 'non-profiled nmethods': size=120032Kb used=17Kb max_used=17Kb free=120014Kb
 bounds [0x00007f953d8c8000, 0x00007f953db38000, 0x00007f9544e00000]
CodeHeap 'profiled nmethods': size=120028Kb used=86Kb max_used=86Kb free=119941Kb
 bounds [0x00007f9535e00000, 0x00007f9536070000, 0x00007f953d337000]
CodeHeap 'non-nmethods': size=5700Kb used=1143Kb max_used=1157Kb free=4556Kb
 bounds [0x00007f953d337000, 0x00007f953d5a7000, 0x00007f953d8c8000]
 total_blobs=363 nmethods=74 adapters=196
 compilation: enabled
              stopped_count=0, restarted_count=0
 full_count=0

Compilation events (20 events):
Event: 0,057 Thread 0x00007f95480ecf90 nmethod 63 0x00007f9535e12b90 code [0x00007f9535e12d60, 0x00007f9535e13080]
Event: 0,057 Thread 0x00007f95480ecf90   65       3       jdk.internal.util.ArraysSupport::signedHashCode (37 bytes)
Event: 0,057 Thread 0x00007f95480ecf90 nmethod 65 0x00007f9535e13190 code [0x00007f9535e13340, 0x00007f9535e13500]
Event: 0,057 Thread 0x00007f95480ecf90   66       3       java.util.HashSet::add (20 bytes)
Event: 0,058 Thread 0x00007f95480ecf90 nmethod 66 0x00007f9535e13610 code [0x00007f9535e137c0, 0x00007f9535e139e0]
Event: 0,058 Thread 0x00007f95480ecf90   67       1       java.lang.module.ModuleDescriptor::provides (5 bytes)
Event: 0,058 Thread 0x00007f95480ecf90 nmethod 67 0x00007f953d8cb690 code [0x00007f953d8cb820, 0x00007f953d8cb8e0]
Event: 0,058 Thread 0x00007f95480ecf90   68       3       java.util.ImmutableCollections$Set12$1::hasNext (13 bytes)
Event: 0,058 Thread 0x00007f95480eb8e0 nmethod 64 0x00007f953d8cb990 code [0x00007f953d8cbb20, 0x00007f953d8cbc50]
Event: 0,058 Thread 0x00007f95480ecf90 nmethod 68 0x00007f9535e13a90 code [0x00007f9535e13c20, 0x00007f9535e13d78]
Event: 0,058 Thread 0x00007f95480eb8e0   69       4       java.util.ImmutableCollections$SetN$SetNIterator::hasNext (13 bytes)
Event: 0,059 Thread 0x00007f95480eb8e0 nmethod 69 0x00007f953d8cbd90 code [0x00007f953d8cbf00, 0x00007f953d8cbf98]
Event: 0,059 Thread 0x00007f95480eb8e0   70       4       java.util.ImmutableCollections$SetN$SetNIterator::next (90 bytes)
Event: 0,059 Thread 0x00007f95480ecf90   71       3       java.util.HashMap::containsKey (14 bytes)
Event: 0,059 Thread 0x00007f95480ecf90 nmethod 71 0x00007f9535e13e10 code [0x00007f9535e13fc0, 0x00007f9535e14148]
Event: 0,059 Thread 0x00007f95480ecf90   72       3       java.util.AbstractMap::<init> (5 bytes)
Event: 0,059 Thread 0x00007f95480ecf90 nmethod 72 0x00007f9535e14210 code [0x00007f9535e143a0, 0x00007f9535e14500]
Event: 0,060 Thread 0x00007f95480ecf90   73       3       java.lang.StringLatin1::lastIndexOf (125 bytes)
Event: 0,060 Thread 0x00007f95480ecf90 nmethod 73 0x00007f9535e14590 code [0x00007f9535e14760, 0x00007f9535e14bb0]
Event: 0,060 Thread 0x00007f95480ecf90   75       3       java.util.HashMap$HashIterator::<init> (79 bytes)

GC Heap History (0 events):
No events

Dll operation events (2 events):
Event: 0,003 Loaded shared library /home/ccordeiro/.vscode/extensions/redhat.java-1.43.0-linux-x64/jre/21.0.7-linux-x86_64/lib/libjava.so
Event: 0,052 Loaded shared library /home/ccordeiro/.vscode/extensions/redhat.java-1.43.0-linux-x64/jre/21.0.7-linux-x86_64/lib/libzip.so

Deoptimization events (0 events):
No events

Classes loaded (2 events):
Event: 0,052 Loading class jdk/internal/module/ModuleReferenceImpl$CachedHash
Event: 0,052 Loading class jdk/internal/module/ModuleReferenceImpl$CachedHash done

Classes unloaded (0 events):
No events

Classes redefined (0 events):
No events

Internal exceptions (0 events):
No events

ZGC Phase Switch (0 events):
No events

VM Operations (0 events):
No events

Memory protections (8 events):
Event: 0,002 Protecting memory [0x00007f954d816000,0x00007f954d81a000] with protection modes 0
Event: 0,038 Protecting memory [0x00007f9531886000,0x00007f953188a000] with protection modes 0
Event: 0,039 Protecting memory [0x00007f9531786000,0x00007f953178a000] with protection modes 0
Event: 0,039 Protecting memory [0x00007f9531686000,0x00007f953168a000] with protection modes 0
Event: 0,039 Protecting memory [0x00007f9531586000,0x00007f953158a000] with protection modes 0
Event: 0,039 Protecting memory [0x00007f9531486000,0x00007f953148a000] with protection modes 0
Event: 0,039 Protecting memory [0x00007f9531386000,0x00007f953138a000] with protection modes 0
Event: 0,039 Protecting memory [0x00007f9531286000,0x00007f953128a000] with protection modes 0

Nmethod flushes (0 events):
No events

Events (8 events):
Event: 0,024 Thread 0x00007f954802b780 Thread added: 0x00007f954802b780
Event: 0,038 Thread 0x00007f954802b780 Thread added: 0x00007f95480e45a0
Event: 0,039 Thread 0x00007f954802b780 Thread added: 0x00007f95480e5b00
Event: 0,039 Thread 0x00007f954802b780 Thread added: 0x00007f95480e7280
Event: 0,039 Thread 0x00007f954802b780 Thread added: 0x00007f95480e8820
Event: 0,039 Thread 0x00007f954802b780 Thread added: 0x00007f95480e9db0
Event: 0,039 Thread 0x00007f954802b780 Thread added: 0x00007f95480eb8e0
Event: 0,039 Thread 0x00007f954802b780 Thread added: 0x00007f95480ecf90


Dynamic libraries:
84600000-84e00000 rw-p 00000000 00:00 0 
84e00000-ffe00000 ---p 00000000 00:00 0 
ffe00000-fff0b000 rw-p 00bf2000 00:26 2260517                            /home/ccordeiro/.vscode/extensions/redhat.java-1.43.0-linux-x64/jre/21.0.7-linux-x86_64/lib/server/classes.jsa
fff0b000-100000000 rw-p 00000000 00:00 0 
5559d9615000-5559d9616000 r-xp 00000000 00:26 2260108                    /home/ccordeiro/.vscode/extensions/redhat.java-1.43.0-linux-x64/jre/21.0.7-linux-x86_64/bin/jcmd
5559d9617000-5559d9618000 r--p 00001000 00:26 2260108                    /home/ccordeiro/.vscode/extensions/redhat.java-1.43.0-linux-x64/jre/21.0.7-linux-x86_64/bin/jcmd
5559d9618000-5559d9619000 rw-p 00002000 00:26 2260108                    /home/ccordeiro/.vscode/extensions/redhat.java-1.43.0-linux-x64/jre/21.0.7-linux-x86_64/bin/jcmd
555a0731b000-555a07361000 rw-p 00000000 00:00 0                          [heap]
7f94b0000000-7f94b0067000 rw-p 00000000 00:00 0 
7f94b0067000-7f94b4000000 ---p 00000000 00:00 0 
7f94b4000000-7f94b402e000 rw-p 00000000 00:00 0 
7f94b402e000-7f94b8000000 ---p 00000000 00:00 0 
7f94b8000000-7f94b8021000 rw-p 00000000 00:00 0 
7f94b8021000-7f94bc000000 ---p 00000000 00:00 0 
7f94bc000000-7f94bc021000 rw-p 00000000 00:00 0 
7f94bc021000-7f94c0000000 ---p 00000000 00:00 0 
7f94c0000000-7f94c0021000 rw-p 00000000 00:00 0 
7f94c0021000-7f94c4000000 ---p 00000000 00:00 0 
7f94c4000000-7f94c4021000 rw-p 00000000 00:00 0 
7f94c4021000-7f94c8000000 ---p 00000000 00:00 0 
7f94c8000000-7f94c8021000 rw-p 00000000 00:00 0 
7f94c8021000-7f94cc000000 ---p 00000000 00:00 0 
7f94cc000000-7f94cc021000 rw-p 00000000 00:00 0 
7f94cc021000-7f94d0000000 ---p 00000000 00:00 0 
7f94d0000000-7f94d0020000 rw-p 00000000 00:00 0 
7f94d0020000-7f94d4000000 ---p 00000000 00:00 0 
7f94d4000000-7f94d4021000 rw-p 00000000 00:00 0 
7f94d4021000-7f94d8000000 ---p 00000000 00:00 0 
7f94db000000-7f94dbbb6000 rw-p 00001000 00:26 2260517                    /home/ccordeiro/.vscode/extensions/redhat.java-1.43.0-linux-x64/jre/21.0.7-linux-x86_64/lib/server/classes.jsa
7f94dbbb6000-7f94dc040000 ---p 00000000 00:00 0 
7f94dc040000-7f94dc050000 rw-p 00000000 00:00 0 
7f94dc050000-7f951c000000 ---p 00000000 00:00 0 
7f951c000000-7f951c021000 rw-p 00000000 00:00 0 
7f951c021000-7f9520000000 ---p 00000000 00:00 0 
7f9520000000-7f9520021000 rw-p 00000000 00:00 0 
7f9520021000-7f9524000000 ---p 00000000 00:00 0 
7f9524000000-7f9524021000 rw-p 00000000 00:00 0 
7f9524021000-7f9528000000 ---p 00000000 00:00 0 
7f9528000000-7f9528021000 rw-p 00000000 00:00 0 
7f9528021000-7f952c000000 ---p 00000000 00:00 0 
7f952c000000-7f952c021000 rw-p 00000000 00:00 0 
7f952c021000-7f9530000000 ---p 00000000 00:00 0 
7f9530e1d000-7f9531286000 rw-p 00000000 00:00 0 
7f9531286000-7f953128a000 ---p 00000000 00:00 0 
7f953128a000-7f9531386000 rw-p 00000000 00:00 0 
7f9531386000-7f953138a000 ---p 00000000 00:00 0 
7f953138a000-7f9531486000 rw-p 00000000 00:00 0 
7f9531486000-7f953148a000 ---p 00000000 00:00 0 
7f953148a000-7f9531586000 rw-p 00000000 00:00 0 
7f9531586000-7f953158a000 ---p 00000000 00:00 0 
7f953158a000-7f9531686000 rw-p 00000000 00:00 0 
7f9531686000-7f953168a000 ---p 00000000 00:00 0 
7f953168a000-7f9531786000 rw-p 00000000 00:00 0 
7f9531786000-7f953178a000 ---p 00000000 00:00 0 
7f953178a000-7f9531886000 rw-p 00000000 00:00 0 
7f9531886000-7f953188a000 ---p 00000000 00:00 0 
7f953188a000-7f9531986000 rw-p 00000000 00:00 0 
7f9531986000-7f9531bfe000 r--p 00000000 07:02 188                        /var/lib/snapd/snap/code/193/usr/lib/locale/aa_DJ.utf8/LC_COLLATE
7f9531bfe000-7f9531bff000 ---p 00000000 00:00 0 
7f9531bff000-7f9531cff000 rw-p 00000000 00:00 0 
7f9531cff000-7f9531d00000 ---p 00000000 00:00 0 
7f9531d00000-7f9531e00000 rw-p 00000000 00:00 0 
7f9531e00000-7f9533e00000 rw-p 00000000 00:00 0 
7f9533e16000-7f9533e3b000 r--p 00000000 00:26 2402773                    /usr/share/locale/pt_BR/LC_MESSAGES/libc.mo
7f9533e3e000-7f9533e92000 r--p 00000000 07:02 189                        /var/lib/snapd/snap/code/193/usr/lib/locale/aa_DJ.utf8/LC_CTYPE
7f9533e97000-7f9533f38000 rw-p 00000000 00:00 0 
7f9533f38000-7f9535df8000 ---p 00000000 00:00 0 
7f9535df8000-7f9535e00000 rw-p 00000000 00:00 0 
7f9535e00000-7f9536070000 rwxp 00000000 00:00 0 
7f9536070000-7f953d337000 ---p 00000000 00:00 0 
7f953d337000-7f953d5a7000 rwxp 00000000 00:00 0 
7f953d5a7000-7f953d8c8000 ---p 00000000 00:00 0 
7f953d8c8000-7f953db38000 rwxp 00000000 00:00 0 
7f953db38000-7f9544e00000 ---p 00000000 00:00 0 
7f9544e00000-7f9547fce000 r--s 00000000 00:26 2260507                    /home/ccordeiro/.vscode/extensions/redhat.java-1.43.0-linux-x64/jre/21.0.7-linux-x86_64/lib/modules
7f9547fd0000-7f954818f000 rw-p 00000000 00:00 0 
7f954818f000-7f954c000000 ---p 00000000 00:00 0 
7f954c00e000-7f954c029000 r-xp 00000000 00:26 2260506                    /home/ccordeiro/.vscode/extensions/redhat.java-1.43.0-linux-x64/jre/21.0.7-linux-x86_64/lib/libzip.so
7f954c029000-7f954c02a000 r--p 0001a000 00:26 2260506                    /home/ccordeiro/.vscode/extensions/redhat.java-1.43.0-linux-x64/jre/21.0.7-linux-x86_64/lib/libzip.so
7f954c02a000-7f954c02b000 rw-p 0001b000 00:26 2260506                    /home/ccordeiro/.vscode/extensions/redhat.java-1.43.0-linux-x64/jre/21.0.7-linux-x86_64/lib/libzip.so
7f954c02e000-7f954c02f000 r--p 00000000 07:02 280                        /var/lib/snapd/snap/code/193/usr/lib/locale/agr_PE/LC_NUMERIC
7f954c036000-7f954c037000 r--p 00000000 07:02 5477                       /var/lib/snapd/snap/code/193/usr/lib/locale/pt_BR.utf8/LC_TIME
7f954c03e000-7f954c03f000 r--p 00000000 07:02 5472                       /var/lib/snapd/snap/code/193/usr/lib/locale/pt_BR.utf8/LC_MONETARY
7f954c046000-7f954c047000 r--p 00000000 07:02 5471                       /var/lib/snapd/snap/code/193/usr/lib/locale/pt_BR.utf8/LC_MESSAGES/SYS_LC_MESSAGES
7f954c04e000-7f954c04f000 r--p 00000000 07:02 197                        /var/lib/snapd/snap/code/193/usr/lib/locale/aa_DJ.utf8/LC_PAPER
7f954c053000-7f954c0ef000 rw-p 00000000 00:00 0 
7f954c0ef000-7f954c0f0000 ---p 00000000 00:00 0 
7f954c0f0000-7f954c1f0000 rw-p 00000000 00:00 0 
7f954c1f0000-7f954c1f1000 ---p 00000000 00:00 0 
7f954c1f1000-7f954c2f1000 rw-p 00000000 00:00 0 
7f954c2f1000-7f954c6f5000 rw-p 00000000 00:00 0 
7f954c6f5000-7f954c6f6000 ---p 00000000 00:00 0 
7f954c6f6000-7f954c7f6000 rw-p 00000000 00:00 0 
7f954c7f6000-7f954c7f7000 ---p 00000000 00:00 0 
7f954c7f7000-7f954c8f7000 rw-p 00000000 00:00 0 
7f954c8f7000-7f954c8f8000 ---p 00000000 00:00 0 
7f954c8f8000-7f954c9f8000 rw-p 00000000 00:00 0 
7f954c9f8000-7f954ca3e000 rw-p 00000000 00:00 0 
7f954ca3e000-7f954ce16000 ---p 00000000 00:00 0 
7f954ce16000-7f954ce1b000 rw-p 00000000 00:00 0 
7f954ce1b000-7f954d1f3000 ---p 00000000 00:00 0 
7f954d1f3000-7f954d5fd000 rw-p 00000000 00:00 0 
7f954d5fd000-7f954d6e3000 ---p 00000000 00:00 0 
7f954d6e3000-7f954d6e8000 rw-p 00000000 00:00 0 
7f954d6e8000-7f954d7ce000 ---p 00000000 00:00 0 
7f954d7ce000-7f954d7ee000 r-xp 00000000 00:26 2260483                    /home/ccordeiro/.vscode/extensions/redhat.java-1.43.0-linux-x64/jre/21.0.7-linux-x86_64/lib/libjava.so
7f954d7ee000-7f954d7ef000 ---p 00020000 00:26 2260483                    /home/ccordeiro/.vscode/extensions/redhat.java-1.43.0-linux-x64/jre/21.0.7-linux-x86_64/lib/libjava.so
7f954d7ef000-7f954d7f0000 r--p 00020000 00:26 2260483                    /home/ccordeiro/.vscode/extensions/redhat.java-1.43.0-linux-x64/jre/21.0.7-linux-x86_64/lib/libjava.so
7f954d7f0000-7f954d7f1000 rw-p 00021000 00:26 2260483                    /home/ccordeiro/.vscode/extensions/redhat.java-1.43.0-linux-x64/jre/21.0.7-linux-x86_64/lib/libjava.so
7f954d7f1000-7f954d7f2000 rw-p 00000000 00:00 0 
7f954d7f6000-7f954d811000 r-xp 00000000 00:26 2260487                    /home/ccordeiro/.vscode/extensions/redhat.java-1.43.0-linux-x64/jre/21.0.7-linux-x86_64/lib/libjimage.so
7f954d811000-7f954d812000 ---p 0001b000 00:26 2260487                    /home/ccordeiro/.vscode/extensions/redhat.java-1.43.0-linux-x64/jre/21.0.7-linux-x86_64/lib/libjimage.so
7f954d812000-7f954d814000 r--p 0001b000 00:26 2260487                    /home/ccordeiro/.vscode/extensions/redhat.java-1.43.0-linux-x64/jre/21.0.7-linux-x86_64/lib/libjimage.so
7f954d814000-7f954d815000 rw-p 0001d000 00:26 2260487                    /home/ccordeiro/.vscode/extensions/redhat.java-1.43.0-linux-x64/jre/21.0.7-linux-x86_64/lib/libjimage.so
7f954d816000-7f954d81a000 ---p 00000000 00:00 0 
7f954d81a000-7f954d916000 rw-p 00000000 00:00 0 
7f954d916000-7f954d917000 r--p 00000000 00:26 2403363                    /usr/lib64/libm.so.6
7f954d917000-7f954d990000 r-xp 00001000 00:26 2403363                    /usr/lib64/libm.so.6
7f954d990000-7f954d9fa000 r--p 0007a000 00:26 2403363                    /usr/lib64/libm.so.6
7f954d9fa000-7f954d9fb000 r--p 000e3000 00:26 2403363                    /usr/lib64/libm.so.6
7f954d9fb000-7f954d9fc000 rw-p 000e4000 00:26 2403363                    /usr/lib64/libm.so.6
7f954da00000-7f954ee0f000 r-xp 00000000 00:26 2260521                    /home/ccordeiro/.vscode/extensions/redhat.java-1.43.0-linux-x64/jre/21.0.7-linux-x86_64/lib/server/libjvm.so
7f954ee0f000-7f954ee10000 ---p 0140f000 00:26 2260521                    /home/ccordeiro/.vscode/extensions/redhat.java-1.43.0-linux-x64/jre/21.0.7-linux-x86_64/lib/server/libjvm.so
7f954ee10000-7f954eee4000 r--p 0140f000 00:26 2260521                    /home/ccordeiro/.vscode/extensions/redhat.java-1.43.0-linux-x64/jre/21.0.7-linux-x86_64/lib/server/libjvm.so
7f954eee4000-7f954ef14000 rw-p 014e3000 00:26 2260521                    /home/ccordeiro/.vscode/extensions/redhat.java-1.43.0-linux-x64/jre/21.0.7-linux-x86_64/lib/server/libjvm.so
7f954ef14000-7f954ef7a000 rw-p 00000000 00:00 0 
7f954ef7e000-7f954ef7f000 r--p 00000000 07:02 279                        /var/lib/snapd/snap/code/193/usr/lib/locale/agr_PE/LC_NAME
7f954ef86000-7f954ef87000 r--p 00000000 07:02 5465                       /var/lib/snapd/snap/code/193/usr/lib/locale/pt_BR.utf8/LC_ADDRESS
7f954ef8e000-7f954ef8f000 r--p 00000000 07:02 5476                       /var/lib/snapd/snap/code/193/usr/lib/locale/pt_BR.utf8/LC_TELEPHONE
7f954ef96000-7f954ef9d000 r--s 00000000 00:26 2658708                    /usr/lib64/gconv/gconv-modules.cache
7f954ef9e000-7f954ef9f000 r--p 00000000 00:26 2403371                    /usr/lib64/librt.so.1
7f954ef9f000-7f954efa0000 r-xp 00001000 00:26 2403371                    /usr/lib64/librt.so.1
7f954efa0000-7f954efa1000 r--p 00002000 00:26 2403371                    /usr/lib64/librt.so.1
7f954efa1000-7f954efa2000 r--p 00002000 00:26 2403371                    /usr/lib64/librt.so.1
7f954efa2000-7f954efa3000 rw-p 00000000 00:00 0 
7f954efa6000-7f954efa7000 r--p 00000000 00:26 2403361                    /usr/lib64/libc.so.6
7f954efa7000-7f954f116000 r-xp 00001000 00:26 2403361                    /usr/lib64/libc.so.6
7f954f116000-7f954f18b000 r--p 00170000 00:26 2403361                    /usr/lib64/libc.so.6
7f954f18b000-7f954f18f000 r--p 001e5000 00:26 2403361                    /usr/lib64/libc.so.6
7f954f18f000-7f954f191000 rw-p 001e9000 00:26 2403361                    /usr/lib64/libc.so.6
7f954f191000-7f954f199000 rw-p 00000000 00:00 0 
7f954f19e000-7f954f19f000 r--p 00000000 00:26 2403362                    /usr/lib64/libdl.so.2
7f954f19f000-7f954f1a0000 r-xp 00001000 00:26 2403362                    /usr/lib64/libdl.so.2
7f954f1a0000-7f954f1a1000 r--p 00002000 00:26 2403362                    /usr/lib64/libdl.so.2
7f954f1a1000-7f954f1a2000 r--p 00002000 00:26 2403362                    /usr/lib64/libdl.so.2
7f954f1a2000-7f954f1a3000 rw-p 00000000 00:00 0 
7f954f1a6000-7f954f1a7000 r--p 00000000 00:26 2403369                    /usr/lib64/libpthread.so.0
7f954f1a7000-7f954f1a8000 r-xp 00001000 00:26 2403369                    /usr/lib64/libpthread.so.0
7f954f1a8000-7f954f1a9000 r--p 00002000 00:26 2403369                    /usr/lib64/libpthread.so.0
7f954f1a9000-7f954f1aa000 r--p 00002000 00:26 2403369                    /usr/lib64/libpthread.so.0
7f954f1aa000-7f954f1ab000 rw-p 00000000 00:00 0 
7f954f1ae000-7f954f1af000 r--p 00000000 07:02 191                        /var/lib/snapd/snap/code/193/usr/lib/locale/aa_DJ.utf8/LC_MEASUREMENT
7f954f1b6000-7f954f1b7000 r--p 00000000 07:02 5468                       /var/lib/snapd/snap/code/193/usr/lib/locale/pt_BR.utf8/LC_IDENTIFICATION
7f954f1ba000-7f954f1bf000 rw-p 00000000 00:00 0 
7f954f1bf000-7f954f1c6000 ---p 00000000 00:00 0 
7f954f1c6000-7f954f1ce000 rw-s 00000000 00:2f 489                        /tmp/hsperfdata_ccordeiro/19088
7f954f1ce000-7f954f1e7000 r-xp 00000000 00:26 2260488                    /home/ccordeiro/.vscode/extensions/redhat.java-1.43.0-linux-x64/jre/21.0.7-linux-x86_64/lib/libjli.so
7f954f1e7000-7f954f1e8000 r--p 00018000 00:26 2260488                    /home/ccordeiro/.vscode/extensions/redhat.java-1.43.0-linux-x64/jre/21.0.7-linux-x86_64/lib/libjli.so
7f954f1e8000-7f954f1e9000 rw-p 00019000 00:26 2260488                    /home/ccordeiro/.vscode/extensions/redhat.java-1.43.0-linux-x64/jre/21.0.7-linux-x86_64/lib/libjli.so
7f954f1e9000-7f954f1ea000 ---p 00000000 00:00 0 
7f954f1ea000-7f954f1eb000 r--p 00000000 00:00 0 
7f954f1eb000-7f954f1ec000 ---p 00000000 00:00 0 
7f954f1ec000-7f954f1ee000 rw-p 00000000 00:00 0 
7f954f1ee000-7f954f1f2000 r--p 00000000 00:00 0                          [vvar]
7f954f1f2000-7f954f1f4000 r--p 00000000 00:00 0                          [vvar_vclock]
7f954f1f4000-7f954f1f6000 r-xp 00000000 00:00 0                          [vdso]
7f954f1f6000-7f954f1f7000 r--p 00000000 00:26 2403358                    /usr/lib64/ld-linux-x86-64.so.2
7f954f1f7000-7f954f220000 r-xp 00001000 00:26 2403358                    /usr/lib64/ld-linux-x86-64.so.2
7f954f220000-7f954f22b000 r--p 0002a000 00:26 2403358                    /usr/lib64/ld-linux-x86-64.so.2
7f954f22b000-7f954f22d000 r--p 00035000 00:26 2403358                    /usr/lib64/ld-linux-x86-64.so.2
7f954f22d000-7f954f22f000 rw-p 00037000 00:26 2403358                    /usr/lib64/ld-linux-x86-64.so.2
7f954f22f000-7f954f231000 rw-p 00000000 00:00 0 
7ffe0048c000-7ffe004ae000 rw-p 00000000 00:00 0                          [stack]
ffffffffff600000-ffffffffff601000 --xp 00000000 00:00 0                  [vsyscall]
Total number of mappings: 174


VM Arguments:
jvm_args: -Dapplication.home=/home/ccordeiro/.vscode/extensions/redhat.java-1.43.0-linux-x64/jre/21.0.7-linux-x86_64 -Xms8m -Djdk.module.main=jdk.jcmd 
java_command: jdk.jcmd/sun.tools.jcmd.JCmd 5300 VM.uptime
java_class_path (initial): <not set>
Launcher Type: SUN_STANDARD

[Global flags]
     intx CICompilerCount                          = 3                                         {product} {ergonomic}
     uint ConcGCThreads                            = 1                                         {product} {ergonomic}
     uint G1ConcRefinementThreads                  = 4                                         {product} {ergonomic}
   size_t G1HeapRegionSize                         = 1048576                                   {product} {ergonomic}
    uintx GCDrainStackTargetSize                   = 64                                        {product} {ergonomic}
   size_t InitialHeapSize                          = 8388608                                   {product} {command line}
   size_t MarkStackSize                            = 4194304                                   {product} {ergonomic}
   size_t MaxHeapSize                              = 2074083328                                {product} {ergonomic}
   size_t MaxNewSize                               = 1243611136                                {product} {ergonomic}
   size_t MinHeapDeltaBytes                        = 1048576                                   {product} {ergonomic}
   size_t MinHeapSize                              = 8388608                                   {product} {command line}
    uintx NonNMethodCodeHeapSize                   = 5832780                                {pd product} {ergonomic}
    uintx NonProfiledCodeHeapSize                  = 122912730                              {pd product} {ergonomic}
    uintx ProfiledCodeHeapSize                     = 122912730                              {pd product} {ergonomic}
    uintx ReservedCodeCacheSize                    = 251658240                              {pd product} {ergonomic}
     bool SegmentedCodeCache                       = true                                      {product} {ergonomic}
   size_t SoftMaxHeapSize                          = 2074083328                             {manageable} {ergonomic}
     bool UseCompressedOops                        = true                           {product lp64_product} {ergonomic}
     bool UseG1GC                                  = true                                      {product} {ergonomic}

Logging:
Log output configuration:
 #0: stdout all=warning uptime,level,tags foldmultilines=false
 #1: stderr all=off uptime,level,tags foldmultilines=false

Environment Variables:
PATH=/home/ccordeiro/.local/bin:/home/ccordeiro/bin:/usr/local/bin:/usr/local/sbin:/usr/bin:/usr/sbin:/var/lib/snapd/snap/bin:/home/ccordeiro/.dotnet/tools
USERNAME=ccordeiro
SHELL=/bin/bash
DISPLAY=:0
LANG=pt_BR.UTF-8
TERM=xterm-256color

Active Locale:
LC_ALL=pt_BR.UTF-8
LC_COLLATE=pt_BR.UTF-8
LC_CTYPE=pt_BR.UTF-8
LC_MESSAGES=pt_BR.UTF-8
LC_MONETARY=pt_BR.UTF-8
LC_NUMERIC=pt_BR.UTF-8
LC_TIME=pt_BR.UTF-8

Signal Handlers:
   SIGSEGV: crash_handler in libjvm.so, mask=11100100010111111101111111111110, flags=SA_RESTART|SA_SIGINFO, unblocked
    SIGBUS: crash_handler in libjvm.so, mask=11100100010111111101111111111110, flags=SA_RESTART|SA_SIGINFO, unblocked
    SIGFPE: crash_handler in libjvm.so, mask=11100100010111111101111111111110, flags=SA_RESTART|SA_SIGINFO, unblocked
   SIGPIPE: javaSignalHandler in libjvm.so, mask=11100100010111111101111111111110, flags=SA_RESTART|SA_SIGINFO, blocked
   SIGXFSZ: javaSignalHandler in libjvm.so, mask=11100100010111111101111111111110, flags=SA_RESTART|SA_SIGINFO, blocked
    SIGILL: crash_handler in libjvm.so, mask=11100100010111111101111111111110, flags=SA_RESTART|SA_SIGINFO, unblocked
   SIGUSR2: SR_handler in libjvm.so, mask=00000000000000000000000000000000, flags=SA_RESTART|SA_SIGINFO, blocked
    SIGHUP: UserHandler in libjvm.so, mask=11100100010111111101111111111110, flags=SA_RESTART|SA_SIGINFO, blocked
    SIGINT: UserHandler in libjvm.so, mask=11100100010111111101111111111110, flags=SA_RESTART|SA_SIGINFO, blocked
   SIGTERM: UserHandler in libjvm.so, mask=11100100010111111101111111111110, flags=SA_RESTART|SA_SIGINFO, blocked
   SIGQUIT: UserHandler in libjvm.so, mask=11100100010111111101111111111110, flags=SA_RESTART|SA_SIGINFO, blocked
   SIGTRAP: crash_handler in libjvm.so, mask=11100100010111111101111111111110, flags=SA_RESTART|SA_SIGINFO, unblocked


Periodic native trim disabled

---------------  S Y S T E M  ---------------

OS:
Fedora release 41 (Forty One)
uname: Linux 6.15.3-100.fc41.x86_64 #1 SMP PREEMPT_DYNAMIC Thu Jun 19 15:09:31 UTC 2025 x86_64
OS uptime: 0 days 0:29 hours
libc: glibc 2.40 NPTL 2.40 
rlimit (soft/hard): STACK 8192k/infinity , CORE infinity/infinity , NPROC 31375/31375 , NOFILE 1048576/1048576 , AS infinity/infinity , CPU infinity/infinity , DATA infinity/infinity , FSIZE infinity/infinity , MEMLOCK 8192k/8192k
load average: 3,61 2,53 1,56

/proc/meminfo:
MemTotal:        8100284 kB
MemFree:          827080 kB
MemAvailable:    3403068 kB
Buffers:             304 kB
Cached:          2921504 kB
SwapCached:         3676 kB
Active:          1924212 kB
Inactive:        4443284 kB
Active(anon):    1395800 kB
Inactive(anon):  2231836 kB
Active(file):     528412 kB
Inactive(file):  2211448 kB
Unevictable:        5736 kB
Mlocked:            5736 kB
SwapTotal:       8099836 kB
SwapFree:        7105044 kB
Zswap:                 0 kB
Zswapped:              0 kB
Dirty:               824 kB
Writeback:             0 kB
AnonPages:       3449088 kB
Mapped:           837848 kB
Shmem:            177000 kB
KReclaimable:     111704 kB
Slab:             290900 kB
SReclaimable:     111704 kB
SUnreclaim:       179196 kB
KernelStack:       19188 kB
PageTables:        61668 kB
SecPageTables:         0 kB
NFS_Unstable:          0 kB
Bounce:                0 kB
WritebackTmp:          0 kB
CommitLimit:    12149976 kB
Committed_AS:   25797392 kB
VmallocTotal:   34359738367 kB
VmallocUsed:      162272 kB
VmallocChunk:          0 kB
Percpu:             7968 kB
HardwareCorrupted:     0 kB
AnonHugePages:         0 kB
ShmemHugePages:        0 kB
ShmemPmdMapped:        0 kB
FileHugePages:         0 kB
FilePmdMapped:         0 kB
CmaTotal:              0 kB
CmaFree:               0 kB
Unaccepted:            0 kB
Balloon:               0 kB
HugePages_Total:       0
HugePages_Free:        0
HugePages_Rsvd:        0
HugePages_Surp:        0
Hugepagesize:       2048 kB
Hugetlb:               0 kB
DirectMap4k:      535040 kB
DirectMap2M:     7835648 kB
DirectMap1G:           0 kB

/sys/kernel/mm/transparent_hugepage/enabled: always [madvise] never
/sys/kernel/mm/transparent_hugepage/hpage_pmd_size: 2097152
/sys/kernel/mm/transparent_hugepage/defrag (defrag/compaction efforts parameter): always defer defer+madvise [madvise] never

Process Memory:
Virtual Size: 4569036K (peak: 4569136K)
Resident Set Size: 42764K (peak: 42764K) (anon: 20864K, file: 21900K, shmem: 0K)
Swapped out: 0K
C-Heap outstanding allocations: 16387K, retained: 1756K
glibc malloc tunables: (default)

/proc/sys/kernel/threads-max (system-wide limit on the number of threads): 62751
/proc/sys/vm/max_map_count (maximum number of memory map areas a process may have): 1048576
/proc/sys/vm/swappiness (control to define how aggressively the kernel swaps out anonymous memory): 60
/proc/sys/kernel/pid_max (system-wide limit on number of process identifiers): 4194304

container (cgroup) information:
container_type: cgroupv2
cpu_cpuset_cpus: not supported
cpu_memory_nodes: not supported
active_processor_count: 4
cpu_quota: no quota
cpu_period: 100000
cpu_shares: 8192
memory_limit_in_bytes: unlimited
memory_and_swap_limit_in_bytes: unlimited
memory_soft_limit_in_bytes: unlimited
memory_usage_in_bytes: 2469084 k
memory_max_usage_in_bytes: not supported
memory_swap_current_in_bytes: 204436 k
memory_swap_max_limit_in_bytes: unlimited
maximum number of tasks: 9412
current number of tasks: 218

Steal ticks since vm start: 0
Steal ticks percentage since vm start:  0,000

CPU: total 8 (initial active 4) (4 cores per cpu, 1 threads per core) family 21 model 1 stepping 2 microcode 0x600063e, cx8, cmov, fxsr, mmx, 3dnowpref, sse, sse2, sse3, ssse3, sse4a, sse4.1, sse4.2, popcnt, lzcnt, tsc, tscinvbit, avx, aes, clmul, vzeroupper, clflush, rdtscp
CPU Model and flags from /proc/cpuinfo:
model name	: AMD FX(tm)-4100 Quad-Core Processor
flags		: fpu vme de pse tsc msr pae mce cx8 apic sep mtrr pge mca cmov pat pse36 clflush mmx fxsr sse sse2 ht syscall nx mmxext fxsr_opt pdpe1gb rdtscp lm constant_tsc rep_good nopl nonstop_tsc cpuid extd_apicid aperfmperf pni pclmulqdq monitor ssse3 cx16 sse4_1 sse4_2 popcnt aes xsave avx lahf_lm cmp_legacy svm extapic cr8_legacy abm sse4a misalignsse 3dnowprefetch osvw ibs xop skinit wdt fma4 nodeid_msr topoext perfctr_core perfctr_nb cpb hw_pstate ssbd ibpb vmmcall arat npt lbrv svm_lock nrip_save tsc_scale vmcb_clean flushbyasid decodeassists pausefilter pfthreshold

Online cpus: 0-3
Offline cpus: 4-7
BIOS frequency limitation: 3600000
Frequency switch latency (ns): 4000
Available cpu frequencies: 3600000 3300000 2500000 1700000 1400000 
Current governor: schedutil
Core performance/turbo boost: 1

Memory: 4k page, physical 8100284k(3403068k free), swap 8099836k(7105044k free)
Page Sizes: 4k

vm_info: OpenJDK 64-Bit Server VM (21.0.7+6-LTS) for linux-amd64 JRE (21.0.7+6-LTS), built on 2025-04-15T00:00:00Z by "admin" with gcc 11.3.0

END.
