#
# A fatal error has been detected by the Java Runtime Environment:
#
#  Internal Error (relocInfo_x86.cpp:110), pid=219781, tid=219796
#  Error: ShouldNotReachHere()
#
# JRE version: OpenJDK Runtime Environment Temurin-21.0.7+6 (21.0.7+6) (build 21.0.7+6-LTS)
# Java VM: OpenJDK 64-Bit Server VM Temurin-21.0.7+6 (21.0.7+6-LTS, mixed mode, sharing, tiered, compressed oops, compressed class ptrs, g1 gc, linux-amd64)
# Problematic frame:
# V  [libjvm.so+0xda0194]  Relocation::pd_call_destination(unsigned char*)+0xa4
#
# Core dump will be written. Default location: Core dumps may be processed with "/usr/lib/systemd/systemd-coredump %P %u %g %s %t %c %h %d" (or dumping to /home/ccordeiro/area_dev/spring-boot/rest-with-spring-boot-and-java/rest/core.219781)
#
# If you would like to submit a bug report, please visit:
#   https://github.com/adoptium/adoptium-support/issues
#

---------------  S U M M A R Y ------------

Command Line: -Dapplication.home=/home/ccordeiro/.vscode/extensions/redhat.java-1.42.0-linux-x64/jre/21.0.7-linux-x86_64 -Xms8m -Djdk.module.main=jdk.jcmd jdk.jcmd/sun.tools.jcmd.JCmd 201528 VM.uptime

Host: AMD FX(tm)-4100 Quad-Core Processor, 8 cores, 7G, Fedora release 41 (Forty One)
Time: Wed Jun 25 17:59:06 2025 -03 elapsed time: 0.180939 seconds (0d 0h 0m 0s)

---------------  T H R E A D  ---------------

Current thread (0x00007f5ef40ecf90):  JavaThread "C1 CompilerThread0" daemon [_thread_in_vm, id=219796, stack(0x00007f5e8a681000,0x00007f5e8a781000) (1024K)]


Current CompileTask:
C1:181  355       3       java.io.StreamTokenizer::nextToken (1266 bytes)

Stack: [0x00007f5e8a681000,0x00007f5e8a781000],  sp=0x00007f5e8a77e920,  free space=1014k
Native frames: (J=compiled Java code, j=interpreted, Vv=VM code, C=native code)
V  [libjvm.so+0xda0194]  Relocation::pd_call_destination(unsigned char*)+0xa4  (relocInfo_x86.cpp:110)
V  [libjvm.so+0xd9ca8b]  CallRelocation::fix_relocation_after_move(CodeBuffer const*, CodeBuffer*)+0x4b
V  [libjvm.so+0x640165]  CodeBuffer::relocate_code_to(CodeBuffer*) const+0x255
V  [libjvm.so+0x640e16]  CodeBuffer::copy_code_to(CodeBlob*)+0x186
V  [libjvm.so+0xcc47ea]  nmethod::nmethod(Method*, CompilerType, int, int, int, CodeOffsets*, int, DebugInformationRecorder*, Dependencies*, CodeBuffer*, int, OopMapSet*, ExceptionHandlerTable*, ImplicitExceptionTable*, AbstractCompiler*, CompLevel, char*, int, JVMCINMethodData*)+0x3ba
V  [libjvm.so+0xcc4b92]  nmethod::new_nmethod(methodHandle const&, int, int, CodeOffsets*, int, DebugInformationRecorder*, Dependencies*, CodeBuffer*, int, OopMapSet*, ExceptionHandlerTable*, ImplicitExceptionTable*, AbstractCompiler*, CompLevel, char*, int, JVMCINMethodData*)+0x1c2
V  [libjvm.so+0x5ceb0e]  ciEnv::register_method(ciMethod*, int, CodeOffsets*, int, CodeBuffer*, int, OopMapSet*, ExceptionHandlerTable*, ImplicitExceptionTable*, AbstractCompiler*, bool, bool, bool, int, RTMState)+0x33e
V  [libjvm.so+0x4e758c]  Compilation::install_code(int)+0xbc
V  [libjvm.so+0x4e8d8d]  Compilation::compile_method()+0x27d
V  [libjvm.so+0x4e8fd9]  Compilation::Compilation(AbstractCompiler*, ciEnv*, ciMethod*, int, BufferBlob*, bool, DirectiveSet*)+0x1f9
V  [libjvm.so+0x4e9ea1]  Compiler::compile_method(ciEnv*, ciMethod*, int, bool, DirectiveSet*)+0xb1
V  [libjvm.so+0x677d0e]  CompileBroker::invoke_compiler_on_method(CompileTask*)+0xc9e
V  [libjvm.so+0x67b038]  CompileBroker::compiler_thread_loop()+0x738
V  [libjvm.so+0x928f78]  JavaThread::thread_main_inner()+0x1d8
V  [libjvm.so+0xf78c38]  Thread::call_run()+0xa8
V  [libjvm.so+0xd0487a]  thread_native_entry(Thread*)+0xda
C  [libc.so.6+0x70fa8]  start_thread+0x3b8
Registers:
RAX=0x00007f5efd61a000, RBX=0x000000000754e8c0, RCX=0x00000000000000e0, RDX=0x00000000000000a2
RSP=0x00007f5e8a77e920, RBP=0x00007f5e8a77e930, RSI=0x000000000000006e, RDI=0x00007f5efcf93568
R8 =0x00007f5ee50693c0, R9 =0x0f0f0f0f0f0f0000, R10=0x0000000000000001, R11=0x0000000000000000
R12=0x00007f5e8a77f208, R13=0x00007f5e8a77ea00, R14=0x00007f5e8a77ea70, R15=0x00007f5e8a77ead0
RIP=0x00007f5efcba0194, EFLAGS=0x0000000000010282, CSGSFS=0x002b000000000033, ERR=0x0000000000000006
  TRAPNO=0x000000000000000e

XMM[0]=0x0000000000000000 0x0000000000000000
XMM[1]=0x00000000000000ff 0xf55d87e952410000
XMM[2]=0xf4103c5109e8f0e4 0x834800007f5efcf1
XMM[3]=0xf55d87e952410000 0x7f5eec635508ba49
XMM[4]=0x00000000000000ff 0xf55d87e952410000
XMM[5]=0x0000000000000000 0x0000000000000020
XMM[6]=0x00007f5efd2b90f0 0x00007f5efd2b8f60
XMM[7]=0x00000000000000ff 0xf55d87e952410000
XMM[8]=0x7f5eec635508ba49 0xf4103c5109e8f0e4
XMM[9]=0x834800007f5efcf1 0x7706bf4800010f8c
XMM[10]=0x0000000000000000 0x00007f5efcfbab40
XMM[11]=0x0000000000000000 0x00007f5efcfba900
XMM[12]=0x0000000000000000 0x0000000000000000
XMM[13]=0x0000000000000000 0x0000000000000000
XMM[14]=0x0000000000000000 0x0000000000000000
XMM[15]=0xcafebabecafebabe 0xcafebabecafebabe
  MXCSR=0x00001fa2


Register to memory mapping:

RAX=0x00007f5efd61a000 points into unknown readable memory: 0x0000000000000058 | 58 00 00 00 00 00 00 00
RBX=0x000000000754e8c0 is an unknown value
RCX=0x00000000000000e0 is an unknown value
RDX=0x00000000000000a2 is an unknown value
RSP=0x00007f5e8a77e920 is pointing into the stack for thread: 0x00007f5ef40ecf90
RBP=0x00007f5e8a77e930 is pointing into the stack for thread: 0x00007f5ef40ecf90
RSI=0x000000000000006e is an unknown value
RDI=0x00007f5efcf93568: <offset 0x0000000001193568> in /home/ccordeiro/.vscode/extensions/redhat.java-1.42.0-linux-x64/jre/21.0.7-linux-x86_64/lib/server/libjvm.so at 0x00007f5efbe00000
R8 =0x00007f5ee50693c0 is at entry_point+9088 in (nmethod*)0x00007f5ee5066a90
Compiled method (c1) 189  355       3       java.io.StreamTokenizer::nextToken (1266 bytes)
 total in heap  [0x00007f5ee5066a90,0x00007f5ee506a1f0] = 14176
 relocation     [0x00007f5ee5066be8,0x00007f5ee5067010] = 1064
 constants      [0x00007f5ee5067020,0x00007f5ee5067040] = 32
 main code      [0x00007f5ee5067040,0x00007f5ee5069758] = 10008
 stub code      [0x00007f5ee5069758,0x00007f5ee5069828] = 208
 metadata       [0x00007f5ee5069828,0x00007f5ee5069850] = 40
 scopes data    [0x00007f5ee5069850,0x00007f5ee5069c78] = 1064
 scopes pcs     [0x00007f5ee5069c78,0x00007f5ee506a168] = 1264
 dependencies   [0x00007f5ee506a168,0x00007f5ee506a170] = 8
 nul chk table  [0x00007f5ee506a170,0x00007f5ee506a1f0] = 128
R9 =0x0f0f0f0f0f0f0000 is an unknown value
R10=0x0000000000000001 is an unknown value
R11=0x0 is null
R12=0x00007f5e8a77f208 is pointing into the stack for thread: 0x00007f5ef40ecf90
R13=0x00007f5e8a77ea00 is pointing into the stack for thread: 0x00007f5ef40ecf90
R14=0x00007f5e8a77ea70 is pointing into the stack for thread: 0x00007f5ef40ecf90
R15=0x00007f5e8a77ead0 is pointing into the stack for thread: 0x00007f5ef40ecf90

Top of Stack: (sp=0x00007f5e8a77e920)
0x00007f5e8a77e920:   0000000000000000 00000000000023b1
0x00007f5e8a77e930:   00007f5e8a77e960 00007f5efcb9ca8b
0x00007f5e8a77e940:   00007f5e8a77ea70 00007f5e8a77f208
0x00007f5e8a77e950:   00007f5ee5069821 00007f5e8a77e990
0x00007f5e8a77e960:   00007f5e8a77ea60 00007f5efc440165
0x00007f5e8a77e970:   00007f5e8a77f2c0 0000280800000000
0x00007f5e8a77e980:   00007f5ee5067020 00007f5e8a77eb80
0x00007f5e8a77e990:   0000000000000000 00007f5e640515b4
0x00007f5e8a77e9a0:   00007f5e64051676 0000000000000000
0x00007f5e8a77e9b0:   00007f5ee50693f1 0000000000000002
0x00007f5e8a77e9c0:   00007f5e6405155e 00007f5efc490000
0x00007f5e8a77e9d0:   00007f5ee5067020 00007f5ee5067040
0x00007f5e8a77e9e0:   00007f5ee5069758 00007f5ee5067038
0x00007f5e8a77e9f0:   00007f5ee5069754 00007f5ee5069821
0x00007f5e8a77ea00:   00007f5efd2251d0 00007f5e8a77e990
0x00007f5e8a77ea10:   0000000000000006 00007f5e00000000
0x00007f5e8a77ea20:   00007f5e00000000 61c536aaa833a500
0x00007f5e8a77ea30:   00007f5e8a77eab0 00007f5ee5066a90
0x00007f5e8a77ea40:   00007f5e8a77ea70 00007f5e8a77f208
0x00007f5e8a77ea50:   00007f5e8a77eba8 00007f5e8a77f1e8
0x00007f5e8a77ea60:   00007f5e8a77ec50 00007f5efc440e16
0x00007f5e8a77ea70:   00007f5efcf302d3 00007f5ee5067020
0x00007f5e8a77ea80:   0000000000000000 00007f5ee5067038
0x00007f5e8a77ea90:   00007f5ee5067040 0000000000000000
0x00007f5e8a77eaa0:   0000000000000000 0000000000000000
0x00007f5e8a77eab0:   00007f5ee5067020 0000000060010000
0x00007f5e8a77eac0:   00007f5e6001af00 00007f5e8a77ea70
0x00007f5e8a77ead0:   00007f5ee5067040 0000000000000000
0x00007f5e8a77eae0:   00007f5ee5069754 00007f5ee5069758
0x00007f5e8a77eaf0:   00007f5e64051360 00007f5e64051676
0x00007f5e8a77eb00:   00007f5e64051676 00007f5ee506974f
0x00007f5e8a77eb10:   0000000000000000 00007f5e8a77eb01 

Instructions: (pc=0x00007f5efcba0194)
0x00007f5efcba0094:   31 c0 48 85 db 74 13 48 8d 15 de 8d 74 00 48 89
0x00007f5efcba00a4:   d8 8b 4a 08 48 2b 02 48 d3 e8 39 c6 0f 84 66 fe
0x00007f5efcba00b4:   ff ff 48 8d 05 93 8e 74 00 48 8d 0d d9 7b 39 00
0x00007f5efcba00c4:   48 8d 15 25 35 3f 00 be 3f 00 00 00 48 8d 3d 91
0x00007f5efcba00d4:   34 3f 00 48 8b 00 c6 00 58 31 c0 e8 2c b4 91 ff
0x00007f5efcba00e4:   66 66 2e 0f 1f 84 00 00 00 00 00 90 55 31 c9 48
0x00007f5efcba00f4:   89 f2 48 89 e5 53 48 89 cb 48 83 ec 08 48 8b 47
0x00007f5efcba0104:   08 48 8b 40 20 48 29 c2 48 85 f6 48 0f 45 da 0f
0x00007f5efcba0114:   b6 10 80 fa e8 0f 84 81 00 00 00 89 d1 83 e1 fd
0x00007f5efcba0124:   80 f9 e9 75 27 48 63 50 01 48 8d 54 10 05 48 83
0x00007f5efcba0134:   fa ff 74 0f 48 39 c2 0f 94 c1 48 01 da 84 c9 48
0x00007f5efcba0144:   0f 44 c2 48 8b 5d f8 c9 c3 0f 1f 00 8b 08 81 e1
0x00007f5efcba0154:   ff f0 00 00 81 f9 0f 80 00 00 74 58 89 d1 83 e1
0x00007f5efcba0164:   f0 80 f9 70 74 4e 83 ea 48 80 fa 01 77 0c 0f b6
0x00007f5efcba0174:   50 01 83 e2 f8 80 fa b8 74 52 48 8d 05 cb 8d 74
0x00007f5efcba0184:   00 be 6e 00 00 00 48 8d 3d d7 33 3f 00 48 8b 00
0x00007f5efcba0194:   c6 00 58 e8 34 b7 91 ff 0f 1f 40 00 48 89 c7 e8
0x00007f5efcba01a4:   58 af f1 ff 48 01 d8 48 8b 5d f8 c9 c3 0f 1f 80
0x00007f5efcba01b4:   00 00 00 00 48 89 c7 e8 70 bd f1 ff 48 01 d8 48
0x00007f5efcba01c4:   8b 5d f8 c9 c3 0f 1f 80 00 00 00 00 48 8b 40 02
0x00007f5efcba01d4:   e9 6e ff ff ff 90 66 0f 1f 44 00 00 55 48 89 e5
0x00007f5efcba01e4:   41 55 41 54 49 89 fc 53 48 89 f3 48 83 ec 08 48
0x00007f5efcba01f4:   8b 47 08 48 8b 78 20 0f b6 07 3c e8 0f 84 ca 00
0x00007f5efcba0204:   00 00 89 c2 83 e2 fd 80 fa e9 75 50 48 63 47 01
0x00007f5efcba0214:   48 8d 44 07 05 48 39 c7 0f 84 9e 00 00 00 48 83
0x00007f5efcba0224:   f8 ff 0f 84 94 00 00 00 48 8d 57 05 48 89 f0 48
0x00007f5efcba0234:   29 d0 48 83 fb ff 48 c7 c2 fb ff ff ff be 01 00
0x00007f5efcba0244:   00 00 48 0f 44 c2 89 47 01 48 83 c4 08 5b 41 5c
0x00007f5efcba0254:   41 5d 5d e9 44 ab f1 ff 0f 1f 40 00 8b 17 81 e2
0x00007f5efcba0264:   ff f0 00 00 81 fa 0f 80 00 00 0f 84 8c 00 00 00
0x00007f5efcba0274:   89 c2 83 e2 f0 80 fa 70 0f 84 7e 00 00 00 83 e8
0x00007f5efcba0284:   48 3c 01 77 0f 0f b6 47 01 83 e0 f8 3c b8 0f 84 


Stack slot to memory mapping:

stack at sp + 0 slots: 0x0 is null
stack at sp + 1 slots: 0x00000000000023b1 is an unknown value
stack at sp + 2 slots: 0x00007f5e8a77e960 is pointing into the stack for thread: 0x00007f5ef40ecf90
stack at sp + 3 slots: 0x00007f5efcb9ca8b: <offset 0x0000000000d9ca8b> in /home/ccordeiro/.vscode/extensions/redhat.java-1.42.0-linux-x64/jre/21.0.7-linux-x86_64/lib/server/libjvm.so at 0x00007f5efbe00000
stack at sp + 4 slots: 0x00007f5e8a77ea70 is pointing into the stack for thread: 0x00007f5ef40ecf90
stack at sp + 5 slots: 0x00007f5e8a77f208 is pointing into the stack for thread: 0x00007f5ef40ecf90
stack at sp + 6 slots: 0x00007f5ee5069821 is at entry_point+10209 in (nmethod*)0x00007f5ee5066a90
Compiled method (c1) 199  355       3       java.io.StreamTokenizer::nextToken (1266 bytes)
 total in heap  [0x00007f5ee5066a90,0x00007f5ee506a1f0] = 14176
 relocation     [0x00007f5ee5066be8,0x00007f5ee5067010] = 1064
 constants      [0x00007f5ee5067020,0x00007f5ee5067040] = 32
 main code      [0x00007f5ee5067040,0x00007f5ee5069758] = 10008
 stub code      [0x00007f5ee5069758,0x00007f5ee5069828] = 208
 metadata       [0x00007f5ee5069828,0x00007f5ee5069850] = 40
 scopes data    [0x00007f5ee5069850,0x00007f5ee5069c78] = 1064
 scopes pcs     [0x00007f5ee5069c78,0x00007f5ee506a168] = 1264
 dependencies   [0x00007f5ee506a168,0x00007f5ee506a170] = 8
 nul chk table  [0x00007f5ee506a170,0x00007f5ee506a1f0] = 128
stack at sp + 7 slots: 0x00007f5e8a77e990 is pointing into the stack for thread: 0x00007f5ef40ecf90


---------------  P R O C E S S  ---------------

Threads class SMR info:
_java_thread_list=0x00007f5e60100640, length=11, elements={
0x00007f5ef402b780, 0x00007f5ef40e45a0, 0x00007f5ef40e5b00, 0x00007f5ef40e7280,
0x00007f5ef40e8820, 0x00007f5ef40e9db0, 0x00007f5ef40eb8e0, 0x00007f5ef40ecf90,
0x00007f5ef4158ce0, 0x00007f5ef4162970, 0x00007f5e600ff530
}

Java Threads: ( => current thread )
  0x00007f5ef402b780 JavaThread "main"                              [_thread_blocked, id=219782, stack(0x00007f5efbc19000,0x00007f5efbd19000) (1024K)]
  0x00007f5ef40e45a0 JavaThread "Reference Handler"          daemon [_thread_blocked, id=219790, stack(0x00007f5e8ac81000,0x00007f5e8ad81000) (1024K)]
  0x00007f5ef40e5b00 JavaThread "Finalizer"                  daemon [_thread_blocked, id=219791, stack(0x00007f5e8ab81000,0x00007f5e8ac81000) (1024K)]
  0x00007f5ef40e7280 JavaThread "Signal Dispatcher"          daemon [_thread_blocked, id=219792, stack(0x00007f5e8aa81000,0x00007f5e8ab81000) (1024K)]
  0x00007f5ef40e8820 JavaThread "Service Thread"             daemon [_thread_blocked, id=219793, stack(0x00007f5e8a981000,0x00007f5e8aa81000) (1024K)]
  0x00007f5ef40e9db0 JavaThread "Monitor Deflation Thread"   daemon [_thread_blocked, id=219794, stack(0x00007f5e8a881000,0x00007f5e8a981000) (1024K)]
  0x00007f5ef40eb8e0 JavaThread "C2 CompilerThread0"         daemon [_thread_in_vm, id=219795, stack(0x00007f5e8a781000,0x00007f5e8a881000) (1024K)]
=>0x00007f5ef40ecf90 JavaThread "C1 CompilerThread0"         daemon [_thread_in_vm, id=219796, stack(0x00007f5e8a681000,0x00007f5e8a781000) (1024K)]
  0x00007f5ef4158ce0 JavaThread "Notification Thread"        daemon [_thread_blocked, id=219797, stack(0x00007f5e8a581000,0x00007f5e8a681000) (1024K)]
  0x00007f5ef4162970 JavaThread "Common-Cleaner"             daemon [_thread_blocked, id=219798, stack(0x00007f5e8a481000,0x00007f5e8a581000) (1024K)]
  0x00007f5e600ff530 JavaThread "C2 CompilerThread1"         daemon [_thread_blocked, id=219808, stack(0x00007f5e8a381000,0x00007f5e8a481000) (1024K)]
Total: 11

Other Threads:
  0x00007f5ef40d2d60 VMThread "VM Thread"                           [id=219789, stack(0x00007f5ee011d000,0x00007f5ee021d000) (1024K)]
  0x00007f5ef40c1330 WatcherThread "VM Periodic Task Thread"        [id=219788, stack(0x00007f5ee021e000,0x00007f5ee031e000) (1024K)]
  0x00007f5ef4082ad0 WorkerThread "GC Thread#0"                     [id=219783, stack(0x00007f5ee2c3b000,0x00007f5ee2d3b000) (1024K)]
  0x00007f5ef4093800 ConcurrentGCThread "G1 Main Marker"            [id=219784, stack(0x00007f5ee2b3a000,0x00007f5ee2c3a000) (1024K)]
  0x00007f5ef40947a0 WorkerThread "G1 Conc#0"                       [id=219785, stack(0x00007f5ee2a39000,0x00007f5ee2b39000) (1024K)]
  0x00007f5ef40adce0 ConcurrentGCThread "G1 Refine#0"               [id=219786, stack(0x00007f5ee04fc000,0x00007f5ee05fc000) (1024K)]
  0x00007f5ef40aec90 ConcurrentGCThread "G1 Service"                [id=219787, stack(0x00007f5ee03fb000,0x00007f5ee04fb000) (1024K)]
Total: 7

Threads with active compile tasks:
C2 CompilerThread0  201  359       4       java.util.concurrent.locks.AbstractQueuedSynchronizer::signalNext (34 bytes)
C1 CompilerThread0  201  355       3       java.io.StreamTokenizer::nextToken (1266 bytes)
Total: 2

VM state: not at safepoint (normal execution)

VM Mutex/Monitor currently owned by a thread:  ([mutex/lock_event])
[0x00007f5efd347150] MethodCompileQueue_lock - owner thread: 0x00007f5ef40ecf90
[0x00007f5efd345dd0] CodeCache_lock - owner thread: 0x00007f5ef40ecf90
[0x00007f5efd345c50] Compile_lock - owner thread: 0x00007f5ef40ecf90

Heap address: 0x0000000084600000, size: 1978 MB, Compressed Oops mode: 32-bit

CDS archive(s) mapped at: [0x00007f5e8b000000-0x00007f5e8bbb6000-0x00007f5e8bbb6000), size 12279808, SharedBaseAddress: 0x00007f5e8b000000, ArchiveRelocationMode: 1.
Compressed class space mapped at: 0x00007f5e8c000000-0x00007f5ecc000000, reserved size: 1073741824
Narrow klass base: 0x00007f5e8b000000, Narrow klass shift: 0, Narrow klass range: 0x100000000

GC Precious Log:
 CardTable entry size: 512
 Card Set container configuration: InlinePtr #cards 5 size 8 Array Of Cards #cards 12 size 40 Howl #buckets 4 coarsen threshold 1843 Howl Bitmap #cards 512 size 80 coarsen threshold 460 Card regions per heap region 1 cards per card region 2048
 CPUs: 8 total, 4 available
 Memory: 7910M
 Large Page Support: Disabled
 NUMA Support: Disabled
 Compressed Oops: Enabled (32-bit)
 Heap Region Size: 1M
 Heap Min Capacity: 8M
 Heap Initial Capacity: 8M
 Heap Max Capacity: 1978M
 Pre-touch: Disabled
 Parallel Workers: 4
 Concurrent Workers: 1
 Concurrent Refinement Workers: 4
 Periodic GC: Disabled

Heap:
 garbage-first heap   total 10240K, used 3114K [0x0000000084600000, 0x0000000100000000)
  region size 1024K, 3 young (3072K), 0 survivors (0K)
 Metaspace       used 893K, committed 1088K, reserved 1114112K
  class space    used 88K, committed 192K, reserved 1048576K

Heap Regions: E=young(eden), S=young(survivor), O=old, HS=humongous(starts), HC=humongous(continues), CS=collection set, F=free, TAMS=top-at-mark-start, PB=parsable bottom
|   0|0x0000000084600000, 0x0000000084600000, 0x0000000084700000|  0%| F|  |TAMS 0x0000000084600000| PB 0x0000000084600000| Untracked 
|   1|0x0000000084700000, 0x0000000084700000, 0x0000000084800000|  0%| F|  |TAMS 0x0000000084700000| PB 0x0000000084700000| Untracked 
|   2|0x0000000084800000, 0x0000000084800000, 0x0000000084900000|  0%| F|  |TAMS 0x0000000084800000| PB 0x0000000084800000| Untracked 
|   3|0x0000000084900000, 0x0000000084900000, 0x0000000084a00000|  0%| F|  |TAMS 0x0000000084900000| PB 0x0000000084900000| Untracked 
|   4|0x0000000084a00000, 0x0000000084a00000, 0x0000000084b00000|  0%| F|  |TAMS 0x0000000084a00000| PB 0x0000000084a00000| Untracked 
|   5|0x0000000084b00000, 0x0000000084b7af48, 0x0000000084c00000| 48%| E|  |TAMS 0x0000000084b00000| PB 0x0000000084b00000| Complete 
|   6|0x0000000084c00000, 0x0000000084d00000, 0x0000000084d00000|100%| E|CS|TAMS 0x0000000084c00000| PB 0x0000000084c00000| Complete 
|   7|0x0000000084d00000, 0x0000000084e00000, 0x0000000084e00000|100%| E|CS|TAMS 0x0000000084d00000| PB 0x0000000084d00000| Complete 
|1976|0x00000000ffe00000, 0x00000000fff00000, 0x00000000fff00000|100%| O|  |TAMS 0x00000000ffe00000| PB 0x00000000ffe00000| Untracked 
|1977|0x00000000fff00000, 0x00000000fff0aa80, 0x0000000100000000|  4%| O|  |TAMS 0x00000000fff00000| PB 0x00000000fff00000| Untracked 

Card table byte_map: [0x00007f5ee4c23000,0x00007f5ee5000000] _byte_map_base: 0x00007f5ee4800000

Marking Bits: (CMBitMap*) 0x00007f5ef40835f0
 Bits: [0x00007f5ee2d3b000, 0x00007f5ee4c23000)

Polling page: 0x00007f5efd618000

Metaspace:

Usage:
  Non-class:    804,53 KB used.
      Class:     88,91 KB used.
       Both:    893,44 KB used.

Virtual space:
  Non-class space:       64,00 MB reserved,     896,00 KB (  1%) committed,  1 nodes.
      Class space:        1,00 GB reserved,     192,00 KB ( <1%) committed,  1 nodes.
             Both:        1,06 GB reserved,       1,06 MB ( <1%) committed. 

Chunk freelists:
   Non-Class:  11,75 MB
       Class:  15,68 MB
        Both:  27,43 MB

MaxMetaspaceSize: unlimited
CompressedClassSpaceSize: 1,00 GB
Initial GC threshold: 21,00 MB
Current GC threshold: 21,00 MB
CDS: on
 - commit_granule_bytes: 65536.
 - commit_granule_words: 8192.
 - virtual_space_node_default_size: 8388608.
 - enlarge_chunks_in_place: 1.
 - use_allocation_guard: 0.


Internal statistics:

num_allocs_failed_limit: 0.
num_arena_births: 52.
num_arena_deaths: 0.
num_vsnodes_births: 2.
num_vsnodes_deaths: 0.
num_space_committed: 17.
num_space_uncommitted: 0.
num_chunks_returned_to_freelist: 0.
num_chunks_taken_from_freelist: 78.
num_chunk_merges: 0.
num_chunk_splits: 44.
num_chunks_enlarged: 26.
num_inconsistent_stats: 0.

CodeHeap 'non-profiled nmethods': size=120032Kb used=118Kb max_used=118Kb free=119913Kb
 bounds [0x00007f5eecac8000, 0x00007f5eecd38000, 0x00007f5ef4000000]
CodeHeap 'profiled nmethods': size=120028Kb used=424Kb max_used=424Kb free=119603Kb
 bounds [0x00007f5ee5000000, 0x00007f5ee5270000, 0x00007f5eec537000]
CodeHeap 'non-nmethods': size=5700Kb used=1272Kb max_used=1286Kb free=4427Kb
 bounds [0x00007f5eec537000, 0x00007f5eec7a7000, 0x00007f5eecac8000]
 total_blobs=758 nmethods=355 adapters=309
 compilation: enabled
              stopped_count=0, restarted_count=0
 full_count=0

Compilation events (20 events):
Event: 0,156 Thread 0x00007f5ef40ecf90  346       3       jdk.internal.misc.InternalLock::unlock (8 bytes)
Event: 0,156 Thread 0x00007f5ef40ecf90 nmethod 346 0x00007f5ee5063990 code [0x00007f5ee5063b60, 0x00007f5ee5063f10]
Event: 0,156 Thread 0x00007f5ef40ecf90  347       3       java.io.StreamTokenizer::read (38 bytes)
Event: 0,156 Thread 0x00007f5ef40ecf90 nmethod 347 0x00007f5ee5064090 code [0x00007f5ee5064260, 0x00007f5ee5064600]
Event: 0,156 Thread 0x00007f5ef40ecf90  348   !   3       java.io.BufferedReader::read (59 bytes)
Event: 0,157 Thread 0x00007f5ef40eb8e0  354       4       java.lang.Math::min (11 bytes)
Event: 0,157 Thread 0x00007f5ef40eb8e0 nmethod 354 0x00007f5eecae4c90 code [0x00007f5eecae4e00, 0x00007f5eecae4e70]
Event: 0,157 Thread 0x00007f5ef40ecf90 nmethod 348 0x00007f5ee5064710 code [0x00007f5ee50649c0, 0x00007f5ee5065828]
Event: 0,157 Thread 0x00007f5ef40ecf90  349       3       java.io.BufferedReader::implRead (88 bytes)
Event: 0,158 Thread 0x00007f5ef40ecf90 nmethod 349 0x00007f5ee5065d10 code [0x00007f5ee5065f00, 0x00007f5ee5066388]
Event: 0,158 Thread 0x00007f5ef40ecf90  350       3       java.io.BufferedReader::ensureOpen (18 bytes)
Event: 0,158 Thread 0x00007f5ef40ecf90 nmethod 350 0x00007f5ee5066590 code [0x00007f5ee5066740, 0x00007f5ee5066958]
Event: 0,158 Thread 0x00007f5ef40ecf90  353       1       java.security.CodeSource::getLocation (5 bytes)
Event: 0,158 Thread 0x00007f5ef40ecf90 nmethod 353 0x00007f5eecae4f90 code [0x00007f5eecae5120, 0x00007f5eecae51e0]
Event: 0,158 Thread 0x00007f5ef40ecf90  355       3       java.io.StreamTokenizer::nextToken (1266 bytes)
Event: 0,158 Thread 0x00007f5ef40eb8e0  356       4       java.util.concurrent.locks.ReentrantLock$NonfairSync::initialTryLock (58 bytes)
Event: 0,160 Thread 0x00007f5ef40eb8e0 nmethod 356 0x00007f5eecae5290 code [0x00007f5eecae5420, 0x00007f5eecae55b8]
Event: 0,160 Thread 0x00007f5ef40eb8e0  357       4       java.util.concurrent.locks.ReentrantLock$Sync::tryRelease (51 bytes)
Event: 0,161 Thread 0x00007f5ef40eb8e0 nmethod 357 0x00007f5eecae5690 code [0x00007f5eecae5820, 0x00007f5eecae59b0]
Event: 0,161 Thread 0x00007f5ef40eb8e0  359       4       java.util.concurrent.locks.AbstractQueuedSynchronizer::signalNext (34 bytes)

GC Heap History (0 events):
No events

Dll operation events (5 events):
Event: 0,002 Loaded shared library /home/ccordeiro/.vscode/extensions/redhat.java-1.42.0-linux-x64/jre/21.0.7-linux-x86_64/lib/libjava.so
Event: 0,042 Loaded shared library /home/ccordeiro/.vscode/extensions/redhat.java-1.42.0-linux-x64/jre/21.0.7-linux-x86_64/lib/libzip.so
Event: 0,058 Loaded shared library /home/ccordeiro/.vscode/extensions/redhat.java-1.42.0-linux-x64/jre/21.0.7-linux-x86_64/lib/libnio.so
Event: 0,059 Loaded shared library /home/ccordeiro/.vscode/extensions/redhat.java-1.42.0-linux-x64/jre/21.0.7-linux-x86_64/lib/libjimage.so
Event: 0,073 Loaded shared library /home/ccordeiro/.vscode/extensions/redhat.java-1.42.0-linux-x64/jre/21.0.7-linux-x86_64/lib/libzip.so

Deoptimization events (4 events):
Event: 0,080 Thread 0x00007f5ef402b780 Uncommon trap: trap_request=0xffffff45 fr.pc=0x00007f5eecacb8b8 relative=0x0000000000000098
Event: 0,080 Thread 0x00007f5ef402b780 Uncommon trap: reason=unstable_if action=reinterpret pc=0x00007f5eecacb8b8 method=java.lang.String.hashCode()I @ 13 c2
Event: 0,080 Thread 0x00007f5ef402b780 DEOPT PACKING pc=0x00007f5eecacb8b8 sp=0x00007f5efbd160d0
Event: 0,080 Thread 0x00007f5ef402b780 DEOPT UNPACKING pc=0x00007f5eec58af99 sp=0x00007f5efbd16088 mode 2

Classes loaded (20 events):
Event: 0,149 Loading class java/io/BufferedReader
Event: 0,150 Loading class java/io/BufferedReader done
Event: 0,150 Loading class sun/net/www/protocol/jrt/JavaRuntimeURLConnection
Event: 0,150 Loading class sun/net/www/URLConnection
Event: 0,150 Loading class java/net/URLConnection
Event: 0,150 Loading class java/net/URLConnection done
Event: 0,150 Loading class sun/net/www/URLConnection done
Event: 0,150 Loading class sun/net/www/protocol/jrt/JavaRuntimeURLConnection done
Event: 0,151 Loading class sun/net/www/MessageHeader
Event: 0,151 Loading class sun/net/www/MessageHeader done
Event: 0,151 Loading class sun/net/www/protocol/jrt/JavaRuntimeURLConnection$1
Event: 0,151 Loading class sun/net/www/protocol/jrt/JavaRuntimeURLConnection$1 done
Event: 0,152 Loading class sun/nio/cs/StreamDecoder
Event: 0,152 Loading class sun/nio/cs/StreamDecoder done
Event: 0,152 Loading class sun/nio/cs/UTF_8$Decoder
Event: 0,152 Loading class java/nio/charset/CharsetDecoder
Event: 0,152 Loading class java/nio/charset/CharsetDecoder done
Event: 0,152 Loading class sun/nio/cs/UTF_8$Decoder done
Event: 0,153 Loading class java/io/StreamTokenizer
Event: 0,153 Loading class java/io/StreamTokenizer done

Classes unloaded (0 events):
No events

Classes redefined (0 events):
No events

Internal exceptions (4 events):
Event: 0,130 Thread 0x00007f5ef402b780 Exception <a 'java/lang/NoSuchMethodError'{0x0000000084ce1dd0}: 'java.lang.Object java.lang.invoke.DirectMethodHandle$Holder.newInvokeSpecial(java.lang.Object, java.lang.Object, int)'> (0x0000000084ce1dd0) 
thrown [src/hotspot/share/interpreter/linkResolver.cpp, line 772]
Event: 0,131 Thread 0x00007f5ef402b780 Exception <a 'java/lang/NoSuchMethodError'{0x0000000084ce6798}: 'int java.lang.invoke.DirectMethodHandle$Holder.invokeSpecial(java.lang.Object, java.lang.Object, java.lang.Object, int)'> (0x0000000084ce6798) 
thrown [src/hotspot/share/interpreter/linkResolver.cpp, line 772]
Event: 0,134 Thread 0x00007f5ef402b780 Exception <a 'java/lang/NoSuchMethodError'{0x0000000084cf9258}: 'java.lang.Object java.lang.invoke.DirectMethodHandle$Holder.invokeStatic(java.lang.Object, java.lang.Object, java.lang.Object, java.lang.Object, int)'> (0x0000000084cf9258) 
thrown [src/hotspot/share/interpreter/linkResolver.cpp, line 772]
Event: 0,136 Thread 0x00007f5ef402b780 Exception <a 'java/lang/NoSuchMethodError'{0x0000000084b02338}: 'int java.lang.invoke.DirectMethodHandle$Holder.invokeSpecial(java.lang.Object, java.lang.Object, java.lang.Object)'> (0x0000000084b02338) 
thrown [src/hotspot/share/interpreter/linkResolver.cpp, line 772]

ZGC Phase Switch (0 events):
No events

VM Operations (0 events):
No events

Memory protections (11 events):
Event: 0,002 Protecting memory [0x00007f5efbc19000,0x00007f5efbc1d000] with protection modes 0
Event: 0,028 Protecting memory [0x00007f5e8ac81000,0x00007f5e8ac85000] with protection modes 0
Event: 0,028 Protecting memory [0x00007f5e8ab81000,0x00007f5e8ab85000] with protection modes 0
Event: 0,028 Protecting memory [0x00007f5e8aa81000,0x00007f5e8aa85000] with protection modes 0
Event: 0,029 Protecting memory [0x00007f5e8a981000,0x00007f5e8a985000] with protection modes 0
Event: 0,029 Protecting memory [0x00007f5e8a881000,0x00007f5e8a885000] with protection modes 0
Event: 0,029 Protecting memory [0x00007f5e8a781000,0x00007f5e8a785000] with protection modes 0
Event: 0,029 Protecting memory [0x00007f5e8a681000,0x00007f5e8a685000] with protection modes 0
Event: 0,056 Protecting memory [0x00007f5e8a581000,0x00007f5e8a585000] with protection modes 0
Event: 0,072 Protecting memory [0x00007f5e8a481000,0x00007f5e8a485000] with protection modes 0
Event: 0,161 Protecting memory [0x00007f5e8a381000,0x00007f5e8a385000] with protection modes 0

Nmethod flushes (0 events):
No events

Events (11 events):
Event: 0,018 Thread 0x00007f5ef402b780 Thread added: 0x00007f5ef402b780
Event: 0,028 Thread 0x00007f5ef402b780 Thread added: 0x00007f5ef40e45a0
Event: 0,028 Thread 0x00007f5ef402b780 Thread added: 0x00007f5ef40e5b00
Event: 0,028 Thread 0x00007f5ef402b780 Thread added: 0x00007f5ef40e7280
Event: 0,029 Thread 0x00007f5ef402b780 Thread added: 0x00007f5ef40e8820
Event: 0,029 Thread 0x00007f5ef402b780 Thread added: 0x00007f5ef40e9db0
Event: 0,029 Thread 0x00007f5ef402b780 Thread added: 0x00007f5ef40eb8e0
Event: 0,029 Thread 0x00007f5ef402b780 Thread added: 0x00007f5ef40ecf90
Event: 0,056 Thread 0x00007f5ef402b780 Thread added: 0x00007f5ef4158ce0
Event: 0,071 Thread 0x00007f5ef402b780 Thread added: 0x00007f5ef4162970
Event: 0,161 Thread 0x00007f5ef40eb8e0 Thread added: 0x00007f5e600ff530


Dynamic libraries:
84600000-84e00000 rw-p 00000000 00:00 0 
84e00000-ffe00000 ---p 00000000 00:00 0 
ffe00000-fff0b000 rw-p 00bf2000 00:26 2083853                            /home/ccordeiro/.vscode/extensions/redhat.java-1.42.0-linux-x64/jre/21.0.7-linux-x86_64/lib/server/classes.jsa
fff0b000-100000000 rw-p 00000000 00:00 0 
565510ffb000-565510ffc000 r-xp 00000000 00:26 2083109                    /home/ccordeiro/.vscode/extensions/redhat.java-1.42.0-linux-x64/jre/21.0.7-linux-x86_64/bin/jcmd
565510ffd000-565510ffe000 r--p 00001000 00:26 2083109                    /home/ccordeiro/.vscode/extensions/redhat.java-1.42.0-linux-x64/jre/21.0.7-linux-x86_64/bin/jcmd
565510ffe000-565510fff000 rw-p 00002000 00:26 2083109                    /home/ccordeiro/.vscode/extensions/redhat.java-1.42.0-linux-x64/jre/21.0.7-linux-x86_64/bin/jcmd
565539bb0000-565539bf6000 rw-p 00000000 00:00 0                          [heap]
7f5e50000000-7f5e50021000 rw-p 00000000 00:00 0 
7f5e50021000-7f5e54000000 ---p 00000000 00:00 0 
7f5e58000000-7f5e58021000 rw-p 00000000 00:00 0 
7f5e58021000-7f5e5c000000 ---p 00000000 00:00 0 
7f5e5c000000-7f5e5c021000 rw-p 00000000 00:00 0 
7f5e5c021000-7f5e60000000 ---p 00000000 00:00 0 
7f5e60000000-7f5e60103000 rw-p 00000000 00:00 0 
7f5e60103000-7f5e64000000 ---p 00000000 00:00 0 
7f5e64000000-7f5e64177000 rw-p 00000000 00:00 0 
7f5e64177000-7f5e68000000 ---p 00000000 00:00 0 
7f5e68000000-7f5e68021000 rw-p 00000000 00:00 0 
7f5e68021000-7f5e6c000000 ---p 00000000 00:00 0 
7f5e6c000000-7f5e6c021000 rw-p 00000000 00:00 0 
7f5e6c021000-7f5e70000000 ---p 00000000 00:00 0 
7f5e70000000-7f5e70021000 rw-p 00000000 00:00 0 
7f5e70021000-7f5e74000000 ---p 00000000 00:00 0 
7f5e74000000-7f5e74021000 rw-p 00000000 00:00 0 
7f5e74021000-7f5e78000000 ---p 00000000 00:00 0 
7f5e78000000-7f5e78021000 rw-p 00000000 00:00 0 
7f5e78021000-7f5e7c000000 ---p 00000000 00:00 0 
7f5e7c000000-7f5e7c021000 rw-p 00000000 00:00 0 
7f5e7c021000-7f5e80000000 ---p 00000000 00:00 0 
7f5e80000000-7f5e800a0000 rw-p 00000000 00:00 0 
7f5e800a0000-7f5e80400000 ---p 00000000 00:00 0 
7f5e80400000-7f5e80440000 rw-p 00000000 00:00 0 
7f5e80440000-7f5e84000000 ---p 00000000 00:00 0 
7f5e84000000-7f5e84021000 rw-p 00000000 00:00 0 
7f5e84021000-7f5e88000000 ---p 00000000 00:00 0 
7f5e89f18000-7f5e8a381000 rw-p 00000000 00:00 0 
7f5e8a381000-7f5e8a385000 ---p 00000000 00:00 0 
7f5e8a385000-7f5e8a481000 rw-p 00000000 00:00 0 
7f5e8a481000-7f5e8a485000 ---p 00000000 00:00 0 
7f5e8a485000-7f5e8a581000 rw-p 00000000 00:00 0 
7f5e8a581000-7f5e8a585000 ---p 00000000 00:00 0 
7f5e8a585000-7f5e8a681000 rw-p 00000000 00:00 0 
7f5e8a681000-7f5e8a685000 ---p 00000000 00:00 0 
7f5e8a685000-7f5e8a781000 rw-p 00000000 00:00 0 
7f5e8a781000-7f5e8a785000 ---p 00000000 00:00 0 
7f5e8a785000-7f5e8a881000 rw-p 00000000 00:00 0 
7f5e8a881000-7f5e8a885000 ---p 00000000 00:00 0 
7f5e8a885000-7f5e8a981000 rw-p 00000000 00:00 0 
7f5e8a981000-7f5e8a985000 ---p 00000000 00:00 0 
7f5e8a985000-7f5e8aa81000 rw-p 00000000 00:00 0 
7f5e8aa81000-7f5e8aa85000 ---p 00000000 00:00 0 
7f5e8aa85000-7f5e8ab81000 rw-p 00000000 00:00 0 
7f5e8ab81000-7f5e8ab85000 ---p 00000000 00:00 0 
7f5e8ab85000-7f5e8ac81000 rw-p 00000000 00:00 0 
7f5e8ac81000-7f5e8ac85000 ---p 00000000 00:00 0 
7f5e8ac85000-7f5e8ad81000 rw-p 00000000 00:00 0 
7f5e8ad81000-7f5e8aff9000 r--p 00000000 07:03 188                        /var/lib/snapd/snap/code/193/usr/lib/locale/aa_DJ.utf8/LC_COLLATE
7f5e8b000000-7f5e8bbb6000 rw-p 00001000 00:26 2083853                    /home/ccordeiro/.vscode/extensions/redhat.java-1.42.0-linux-x64/jre/21.0.7-linux-x86_64/lib/server/classes.jsa
7f5e8bbb6000-7f5e8c000000 ---p 00000000 00:00 0 
7f5e8c000000-7f5e8c020000 rw-p 00000000 00:00 0 
7f5e8c020000-7f5e8c040000 ---p 00000000 00:00 0 
7f5e8c040000-7f5e8c050000 rw-p 00000000 00:00 0 
7f5e8c050000-7f5ecc000000 ---p 00000000 00:00 0 
7f5ecc000000-7f5ecc021000 rw-p 00000000 00:00 0 
7f5ecc021000-7f5ed0000000 ---p 00000000 00:00 0 
7f5ed0000000-7f5ed0021000 rw-p 00000000 00:00 0 
7f5ed0021000-7f5ed4000000 ---p 00000000 00:00 0 
7f5ed4000000-7f5ed4021000 rw-p 00000000 00:00 0 
7f5ed4021000-7f5ed8000000 ---p 00000000 00:00 0 
7f5ed8000000-7f5ed8021000 rw-p 00000000 00:00 0 
7f5ed8021000-7f5edc000000 ---p 00000000 00:00 0 
7f5edc000000-7f5edc021000 rw-p 00000000 00:00 0 
7f5edc021000-7f5ee0000000 ---p 00000000 00:00 0 
7f5ee0041000-7f5ee0071000 rw-p 00000000 00:00 0 
7f5ee0071000-7f5ee0079000 r--s 00000000 00:2f 6643                       /tmp/hsperfdata_ccordeiro/201528
7f5ee0079000-7f5ee0085000 r-xp 00000000 00:26 2083656                    /home/ccordeiro/.vscode/extensions/redhat.java-1.42.0-linux-x64/jre/21.0.7-linux-x86_64/lib/libnet.so
7f5ee0085000-7f5ee0086000 r--p 0000b000 00:26 2083656                    /home/ccordeiro/.vscode/extensions/redhat.java-1.42.0-linux-x64/jre/21.0.7-linux-x86_64/lib/libnet.so
7f5ee0086000-7f5ee0087000 rw-p 0000c000 00:26 2083656                    /home/ccordeiro/.vscode/extensions/redhat.java-1.42.0-linux-x64/jre/21.0.7-linux-x86_64/lib/libnet.so
7f5ee0089000-7f5ee009d000 r-xp 00000000 00:26 2083658                    /home/ccordeiro/.vscode/extensions/redhat.java-1.42.0-linux-x64/jre/21.0.7-linux-x86_64/lib/libnio.so
7f5ee009d000-7f5ee009e000 r--p 00013000 00:26 2083658                    /home/ccordeiro/.vscode/extensions/redhat.java-1.42.0-linux-x64/jre/21.0.7-linux-x86_64/lib/libnio.so
7f5ee009e000-7f5ee009f000 rw-p 00014000 00:26 2083658                    /home/ccordeiro/.vscode/extensions/redhat.java-1.42.0-linux-x64/jre/21.0.7-linux-x86_64/lib/libnio.so
7f5ee00a1000-7f5ee00bc000 r-xp 00000000 00:26 2083668                    /home/ccordeiro/.vscode/extensions/redhat.java-1.42.0-linux-x64/jre/21.0.7-linux-x86_64/lib/libzip.so
7f5ee00bc000-7f5ee00bd000 r--p 0001a000 00:26 2083668                    /home/ccordeiro/.vscode/extensions/redhat.java-1.42.0-linux-x64/jre/21.0.7-linux-x86_64/lib/libzip.so
7f5ee00bd000-7f5ee00be000 rw-p 0001b000 00:26 2083668                    /home/ccordeiro/.vscode/extensions/redhat.java-1.42.0-linux-x64/jre/21.0.7-linux-x86_64/lib/libzip.so
7f5ee00c1000-7f5ee0115000 r--p 00000000 07:03 189                        /var/lib/snapd/snap/code/193/usr/lib/locale/aa_DJ.utf8/LC_CTYPE
7f5ee011c000-7f5ee011d000 ---p 00000000 00:00 0 
7f5ee011d000-7f5ee021d000 rw-p 00000000 00:00 0 
7f5ee021d000-7f5ee021e000 ---p 00000000 00:00 0 
7f5ee021e000-7f5ee031e000 rw-p 00000000 00:00 0 
7f5ee031e000-7f5ee03fa000 rw-p 00000000 00:00 0 
7f5ee03fa000-7f5ee03fb000 ---p 00000000 00:00 0 
7f5ee03fb000-7f5ee04fb000 rw-p 00000000 00:00 0 
7f5ee04fb000-7f5ee04fc000 ---p 00000000 00:00 0 
7f5ee04fc000-7f5ee05fc000 rw-p 00000000 00:00 0 
7f5ee05fc000-7f5ee2a00000 rw-p 00000000 00:00 0 
7f5ee2a01000-7f5ee2a02000 r--p 00000000 07:03 280                        /var/lib/snapd/snap/code/193/usr/lib/locale/agr_PE/LC_NUMERIC
7f5ee2a09000-7f5ee2a0a000 r--p 00000000 07:03 5477                       /var/lib/snapd/snap/code/193/usr/lib/locale/pt_BR.utf8/LC_TIME
7f5ee2a11000-7f5ee2a12000 r--p 00000000 07:03 5472                       /var/lib/snapd/snap/code/193/usr/lib/locale/pt_BR.utf8/LC_MONETARY
7f5ee2a19000-7f5ee2a1a000 r--p 00000000 07:03 5471                       /var/lib/snapd/snap/code/193/usr/lib/locale/pt_BR.utf8/LC_MESSAGES/SYS_LC_MESSAGES
7f5ee2a21000-7f5ee2a22000 r--p 00000000 07:03 197                        /var/lib/snapd/snap/code/193/usr/lib/locale/aa_DJ.utf8/LC_PAPER
7f5ee2a29000-7f5ee2a2a000 r--p 00000000 07:03 279                        /var/lib/snapd/snap/code/193/usr/lib/locale/agr_PE/LC_NAME
7f5ee2a31000-7f5ee2a38000 r--s 00000000 00:26 2658708                    /usr/lib64/gconv/gconv-modules.cache
7f5ee2a38000-7f5ee2a39000 ---p 00000000 00:00 0 
7f5ee2a39000-7f5ee2b39000 rw-p 00000000 00:00 0 
7f5ee2b39000-7f5ee2b3a000 ---p 00000000 00:00 0 
7f5ee2b3a000-7f5ee2c3a000 rw-p 00000000 00:00 0 
7f5ee2c3a000-7f5ee2c3b000 ---p 00000000 00:00 0 
7f5ee2c3b000-7f5ee2d3b000 rw-p 00000000 00:00 0 
7f5ee2d3b000-7f5ee2d5b000 rw-p 00000000 00:00 0 
7f5ee2d5b000-7f5ee4c1b000 ---p 00000000 00:00 0 
7f5ee4c1b000-7f5ee4c27000 rw-p 00000000 00:00 0 
7f5ee4c27000-7f5ee4fff000 ---p 00000000 00:00 0 
7f5ee4fff000-7f5ee5000000 rw-p 00000000 00:00 0 
7f5ee5000000-7f5ee5270000 rwxp 00000000 00:00 0 
7f5ee5270000-7f5eec537000 ---p 00000000 00:00 0 
7f5eec537000-7f5eec7a7000 rwxp 00000000 00:00 0 
7f5eec7a7000-7f5eecac8000 ---p 00000000 00:00 0 
7f5eecac8000-7f5eecd38000 rwxp 00000000 00:00 0 
7f5eecd38000-7f5ef4000000 ---p 00000000 00:00 0 
7f5ef4000000-7f5ef41b5000 rw-p 00000000 00:00 0 
7f5ef41b5000-7f5ef8000000 ---p 00000000 00:00 0 
7f5ef8001000-7f5ef8002000 r--p 00000000 07:03 5465                       /var/lib/snapd/snap/code/193/usr/lib/locale/pt_BR.utf8/LC_ADDRESS
7f5ef8008000-7f5ef804d000 rw-p 00000000 00:00 0 
7f5ef804d000-7f5ef8425000 ---p 00000000 00:00 0 
7f5ef8425000-7f5ef882f000 rw-p 00000000 00:00 0 
7f5ef882f000-7f5ef8915000 ---p 00000000 00:00 0 
7f5ef8915000-7f5ef891a000 rw-p 00000000 00:00 0 
7f5ef891a000-7f5ef8a00000 ---p 00000000 00:00 0 
7f5ef8a00000-7f5efbbce000 r--s 00000000 00:26 2083669                    /home/ccordeiro/.vscode/extensions/redhat.java-1.42.0-linux-x64/jre/21.0.7-linux-x86_64/lib/modules
7f5efbbd1000-7f5efbbd2000 r--p 00000000 07:03 5476                       /var/lib/snapd/snap/code/193/usr/lib/locale/pt_BR.utf8/LC_TELEPHONE
7f5efbbd7000-7f5efbc19000 rw-p 00000000 00:00 0 
7f5efbc19000-7f5efbc1d000 ---p 00000000 00:00 0 
7f5efbc1d000-7f5efbd19000 rw-p 00000000 00:00 0 
7f5efbd19000-7f5efbd1a000 r--p 00000000 00:26 2403363                    /usr/lib64/libm.so.6
7f5efbd1a000-7f5efbd93000 r-xp 00001000 00:26 2403363                    /usr/lib64/libm.so.6
7f5efbd93000-7f5efbdfd000 r--p 0007a000 00:26 2403363                    /usr/lib64/libm.so.6
7f5efbdfd000-7f5efbdfe000 r--p 000e3000 00:26 2403363                    /usr/lib64/libm.so.6
7f5efbdfe000-7f5efbdff000 rw-p 000e4000 00:26 2403363                    /usr/lib64/libm.so.6
7f5efbe00000-7f5efd20f000 r-xp 00000000 00:26 2083859                    /home/ccordeiro/.vscode/extensions/redhat.java-1.42.0-linux-x64/jre/21.0.7-linux-x86_64/lib/server/libjvm.so
7f5efd20f000-7f5efd210000 ---p 0140f000 00:26 2083859                    /home/ccordeiro/.vscode/extensions/redhat.java-1.42.0-linux-x64/jre/21.0.7-linux-x86_64/lib/server/libjvm.so
7f5efd210000-7f5efd2e4000 r--p 0140f000 00:26 2083859                    /home/ccordeiro/.vscode/extensions/redhat.java-1.42.0-linux-x64/jre/21.0.7-linux-x86_64/lib/server/libjvm.so
7f5efd2e4000-7f5efd314000 rw-p 014e3000 00:26 2083859                    /home/ccordeiro/.vscode/extensions/redhat.java-1.42.0-linux-x64/jre/21.0.7-linux-x86_64/lib/server/libjvm.so
7f5efd314000-7f5efd37a000 rw-p 00000000 00:00 0 
7f5efd381000-7f5efd3a1000 r-xp 00000000 00:26 2083628                    /home/ccordeiro/.vscode/extensions/redhat.java-1.42.0-linux-x64/jre/21.0.7-linux-x86_64/lib/libjava.so
7f5efd3a1000-7f5efd3a2000 ---p 00020000 00:26 2083628                    /home/ccordeiro/.vscode/extensions/redhat.java-1.42.0-linux-x64/jre/21.0.7-linux-x86_64/lib/libjava.so
7f5efd3a2000-7f5efd3a3000 r--p 00020000 00:26 2083628                    /home/ccordeiro/.vscode/extensions/redhat.java-1.42.0-linux-x64/jre/21.0.7-linux-x86_64/lib/libjava.so
7f5efd3a3000-7f5efd3a4000 rw-p 00021000 00:26 2083628                    /home/ccordeiro/.vscode/extensions/redhat.java-1.42.0-linux-x64/jre/21.0.7-linux-x86_64/lib/libjava.so
7f5efd3a4000-7f5efd3a5000 rw-p 00000000 00:00 0 
7f5efd3a9000-7f5efd3c4000 r-xp 00000000 00:26 2083633                    /home/ccordeiro/.vscode/extensions/redhat.java-1.42.0-linux-x64/jre/21.0.7-linux-x86_64/lib/libjimage.so
7f5efd3c4000-7f5efd3c5000 ---p 0001b000 00:26 2083633                    /home/ccordeiro/.vscode/extensions/redhat.java-1.42.0-linux-x64/jre/21.0.7-linux-x86_64/lib/libjimage.so
7f5efd3c5000-7f5efd3c7000 r--p 0001b000 00:26 2083633                    /home/ccordeiro/.vscode/extensions/redhat.java-1.42.0-linux-x64/jre/21.0.7-linux-x86_64/lib/libjimage.so
7f5efd3c7000-7f5efd3c8000 rw-p 0001d000 00:26 2083633                    /home/ccordeiro/.vscode/extensions/redhat.java-1.42.0-linux-x64/jre/21.0.7-linux-x86_64/lib/libjimage.so
7f5efd3c9000-7f5efd3ca000 r--p 00000000 00:26 2403371                    /usr/lib64/librt.so.1
7f5efd3ca000-7f5efd3cb000 r-xp 00001000 00:26 2403371                    /usr/lib64/librt.so.1
7f5efd3cb000-7f5efd3cc000 r--p 00002000 00:26 2403371                    /usr/lib64/librt.so.1
7f5efd3cc000-7f5efd3cd000 r--p 00002000 00:26 2403371                    /usr/lib64/librt.so.1
7f5efd3cd000-7f5efd3ce000 rw-p 00000000 00:00 0 
7f5efd3d1000-7f5efd3d2000 r--p 00000000 00:26 2403361                    /usr/lib64/libc.so.6
7f5efd3d2000-7f5efd541000 r-xp 00001000 00:26 2403361                    /usr/lib64/libc.so.6
7f5efd541000-7f5efd5b6000 r--p 00170000 00:26 2403361                    /usr/lib64/libc.so.6
7f5efd5b6000-7f5efd5ba000 r--p 001e5000 00:26 2403361                    /usr/lib64/libc.so.6
7f5efd5ba000-7f5efd5bc000 rw-p 001e9000 00:26 2403361                    /usr/lib64/libc.so.6
7f5efd5bc000-7f5efd5c4000 rw-p 00000000 00:00 0 
7f5efd5c9000-7f5efd5ca000 r--p 00000000 00:26 2403362                    /usr/lib64/libdl.so.2
7f5efd5ca000-7f5efd5cb000 r-xp 00001000 00:26 2403362                    /usr/lib64/libdl.so.2
7f5efd5cb000-7f5efd5cc000 r--p 00002000 00:26 2403362                    /usr/lib64/libdl.so.2
7f5efd5cc000-7f5efd5cd000 r--p 00002000 00:26 2403362                    /usr/lib64/libdl.so.2
7f5efd5cd000-7f5efd5ce000 rw-p 00000000 00:00 0 
7f5efd5d1000-7f5efd5d2000 r--p 00000000 00:26 2403369                    /usr/lib64/libpthread.so.0
7f5efd5d2000-7f5efd5d3000 r-xp 00001000 00:26 2403369                    /usr/lib64/libpthread.so.0
7f5efd5d3000-7f5efd5d4000 r--p 00002000 00:26 2403369                    /usr/lib64/libpthread.so.0
7f5efd5d4000-7f5efd5d5000 r--p 00002000 00:26 2403369                    /usr/lib64/libpthread.so.0
7f5efd5d5000-7f5efd5d6000 rw-p 00000000 00:00 0 
7f5efd5d9000-7f5efd5da000 r--p 00000000 07:03 191                        /var/lib/snapd/snap/code/193/usr/lib/locale/aa_DJ.utf8/LC_MEASUREMENT
7f5efd5e1000-7f5efd5e2000 r--p 00000000 07:03 5468                       /var/lib/snapd/snap/code/193/usr/lib/locale/pt_BR.utf8/LC_IDENTIFICATION
7f5efd5e5000-7f5efd5ea000 rw-p 00000000 00:00 0 
7f5efd5ea000-7f5efd5f1000 ---p 00000000 00:00 0 
7f5efd5f1000-7f5efd5f9000 rw-s 00000000 00:2f 7116                       /tmp/hsperfdata_ccordeiro/219781
7f5efd5f9000-7f5efd612000 r-xp 00000000 00:26 2083635                    /home/ccordeiro/.vscode/extensions/redhat.java-1.42.0-linux-x64/jre/21.0.7-linux-x86_64/lib/libjli.so
7f5efd612000-7f5efd613000 r--p 00018000 00:26 2083635                    /home/ccordeiro/.vscode/extensions/redhat.java-1.42.0-linux-x64/jre/21.0.7-linux-x86_64/lib/libjli.so
7f5efd613000-7f5efd614000 rw-p 00019000 00:26 2083635                    /home/ccordeiro/.vscode/extensions/redhat.java-1.42.0-linux-x64/jre/21.0.7-linux-x86_64/lib/libjli.so
7f5efd618000-7f5efd619000 ---p 00000000 00:00 0 
7f5efd619000-7f5efd61a000 r--p 00000000 00:00 0 
7f5efd61a000-7f5efd61b000 rwxp 00000000 00:00 0 
7f5efd61b000-7f5efd61d000 r--p 00000000 00:00 0                          [vvar]
7f5efd61d000-7f5efd61f000 r--p 00000000 00:00 0                          [vvar_vclock]
7f5efd61f000-7f5efd621000 r-xp 00000000 00:00 0                          [vdso]
7f5efd621000-7f5efd622000 r--p 00000000 00:26 2403358                    /usr/lib64/ld-linux-x86-64.so.2
7f5efd622000-7f5efd64b000 r-xp 00001000 00:26 2403358                    /usr/lib64/ld-linux-x86-64.so.2
7f5efd64b000-7f5efd656000 r--p 0002a000 00:26 2403358                    /usr/lib64/ld-linux-x86-64.so.2
7f5efd656000-7f5efd658000 r--p 00035000 00:26 2403358                    /usr/lib64/ld-linux-x86-64.so.2
7f5efd658000-7f5efd65a000 rw-p 00037000 00:26 2403358                    /usr/lib64/ld-linux-x86-64.so.2
7f5efd65a000-7f5efd65e000 rw-p 00000000 00:00 0 
7fff4e009000-7fff4e02b000 rw-p 00000000 00:00 0                          [stack]
ffffffffff600000-ffffffffff601000 --xp 00000000 00:00 0                  [vsyscall]
Total number of mappings: 196


VM Arguments:
jvm_args: -Dapplication.home=/home/ccordeiro/.vscode/extensions/redhat.java-1.42.0-linux-x64/jre/21.0.7-linux-x86_64 -Xms8m -Djdk.module.main=jdk.jcmd 
java_command: jdk.jcmd/sun.tools.jcmd.JCmd 201528 VM.uptime
java_class_path (initial): <not set>
Launcher Type: SUN_STANDARD

[Global flags]
     intx CICompilerCount                          = 3                                         {product} {ergonomic}
     uint ConcGCThreads                            = 1                                         {product} {ergonomic}
     uint G1ConcRefinementThreads                  = 4                                         {product} {ergonomic}
   size_t G1HeapRegionSize                         = 1048576                                   {product} {ergonomic}
    uintx GCDrainStackTargetSize                   = 64                                        {product} {ergonomic}
   size_t InitialHeapSize                          = 8388608                                   {product} {command line}
   size_t MarkStackSize                            = 4194304                                   {product} {ergonomic}
   size_t MaxHeapSize                              = 2074083328                                {product} {ergonomic}
   size_t MaxNewSize                               = 1243611136                                {product} {ergonomic}
   size_t MinHeapDeltaBytes                        = 1048576                                   {product} {ergonomic}
   size_t MinHeapSize                              = 8388608                                   {product} {command line}
    uintx NonNMethodCodeHeapSize                   = 5832780                                {pd product} {ergonomic}
    uintx NonProfiledCodeHeapSize                  = 122912730                              {pd product} {ergonomic}
    uintx ProfiledCodeHeapSize                     = 122912730                              {pd product} {ergonomic}
    uintx ReservedCodeCacheSize                    = 251658240                              {pd product} {ergonomic}
     bool SegmentedCodeCache                       = true                                      {product} {ergonomic}
   size_t SoftMaxHeapSize                          = 2074083328                             {manageable} {ergonomic}
     bool UseCompressedOops                        = true                           {product lp64_product} {ergonomic}
     bool UseG1GC                                  = true                                      {product} {ergonomic}

Logging:
Log output configuration:
 #0: stdout all=warning uptime,level,tags foldmultilines=false
 #1: stderr all=off uptime,level,tags foldmultilines=false

Environment Variables:
PATH=/home/ccordeiro/.local/bin:/home/ccordeiro/bin:/usr/local/bin:/usr/local/sbin:/usr/bin:/usr/sbin:/var/lib/snapd/snap/bin:/home/ccordeiro/.dotnet/tools
USERNAME=ccordeiro
SHELL=/bin/bash
DISPLAY=:0
LANG=pt_BR.UTF-8
TERM=xterm-256color

Active Locale:
LC_ALL=pt_BR.UTF-8
LC_COLLATE=pt_BR.UTF-8
LC_CTYPE=pt_BR.UTF-8
LC_MESSAGES=pt_BR.UTF-8
LC_MONETARY=pt_BR.UTF-8
LC_NUMERIC=pt_BR.UTF-8
LC_TIME=pt_BR.UTF-8

Signal Handlers:
   SIGSEGV: crash_handler in libjvm.so, mask=11100100010111111101111111111110, flags=SA_RESTART|SA_SIGINFO, unblocked
    SIGBUS: crash_handler in libjvm.so, mask=11100100010111111101111111111110, flags=SA_RESTART|SA_SIGINFO, unblocked
    SIGFPE: crash_handler in libjvm.so, mask=11100100010111111101111111111110, flags=SA_RESTART|SA_SIGINFO, unblocked
   SIGPIPE: javaSignalHandler in libjvm.so, mask=11100100010111111101111111111110, flags=SA_RESTART|SA_SIGINFO, unblocked
   SIGXFSZ: javaSignalHandler in libjvm.so, mask=11100100010111111101111111111110, flags=SA_RESTART|SA_SIGINFO, unblocked
    SIGILL: crash_handler in libjvm.so, mask=11100100010111111101111111111110, flags=SA_RESTART|SA_SIGINFO, unblocked
   SIGUSR2: SR_handler in libjvm.so, mask=00000000000000000000000000000000, flags=SA_RESTART|SA_SIGINFO, unblocked
    SIGHUP: UserHandler in libjvm.so, mask=11100100010111111101111111111110, flags=SA_RESTART|SA_SIGINFO, unblocked
    SIGINT: UserHandler in libjvm.so, mask=11100100010111111101111111111110, flags=SA_RESTART|SA_SIGINFO, unblocked
   SIGTERM: UserHandler in libjvm.so, mask=11100100010111111101111111111110, flags=SA_RESTART|SA_SIGINFO, unblocked
   SIGQUIT: UserHandler in libjvm.so, mask=11100100010111111101111111111110, flags=SA_RESTART|SA_SIGINFO, blocked
   SIGTRAP: crash_handler in libjvm.so, mask=11100100010111111101111111111110, flags=SA_RESTART|SA_SIGINFO, unblocked


Periodic native trim disabled

---------------  S Y S T E M  ---------------

OS:
Fedora release 41 (Forty One)
uname: Linux 6.14.9-200.fc41.x86_64 #1 SMP PREEMPT_DYNAMIC Thu May 29 14:33:20 UTC 2025 x86_64
OS uptime: 1 days 7:08 hours
libc: glibc 2.40 NPTL 2.40 
rlimit (soft/hard): STACK 8192k/infinity , CORE infinity/infinity , NPROC 31391/31391 , NOFILE 1048576/1048576 , AS infinity/infinity , CPU infinity/infinity , DATA infinity/infinity , FSIZE infinity/infinity , MEMLOCK 8192k/8192k
load average: 2,24 1,66 1,93

/proc/meminfo:
MemTotal:        8100420 kB
MemFree:          667752 kB
MemAvailable:    2397792 kB
Buffers:             284 kB
Cached:          1998584 kB
SwapCached:        10356 kB
Active:          2802768 kB
Inactive:        2944884 kB
Active(anon):    2359496 kB
Inactive(anon):  1532492 kB
Active(file):     443272 kB
Inactive(file):  1412392 kB
Unevictable:        5848 kB
Mlocked:            5848 kB
SwapTotal:       8099836 kB
SwapFree:        6049472 kB
Zswap:                 0 kB
Zswapped:              0 kB
Dirty:               804 kB
Writeback:             0 kB
AnonPages:       3751228 kB
Mapped:           708448 kB
Shmem:            137872 kB
KReclaimable:     178912 kB
Slab:             389744 kB
SReclaimable:     178912 kB
SUnreclaim:       210832 kB
KernelStack:       20084 kB
PageTables:        76816 kB
SecPageTables:         0 kB
NFS_Unstable:          0 kB
Bounce:                0 kB
WritebackTmp:          0 kB
CommitLimit:    12150044 kB
Committed_AS:   31938092 kB
VmallocTotal:   34359738367 kB
VmallocUsed:      159624 kB
VmallocChunk:          0 kB
Percpu:             7808 kB
HardwareCorrupted:     0 kB
AnonHugePages:         0 kB
ShmemHugePages:        0 kB
ShmemPmdMapped:        0 kB
FileHugePages:         0 kB
FilePmdMapped:         0 kB
CmaTotal:              0 kB
CmaFree:               0 kB
Unaccepted:            0 kB
HugePages_Total:       0
HugePages_Free:        0
HugePages_Rsvd:        0
HugePages_Surp:        0
Hugepagesize:       2048 kB
Hugetlb:               0 kB
DirectMap4k:     7356928 kB
DirectMap2M:     1013760 kB
DirectMap1G:           0 kB

/sys/kernel/mm/transparent_hugepage/enabled: always [madvise] never
/sys/kernel/mm/transparent_hugepage/hpage_pmd_size: 2097152
/sys/kernel/mm/transparent_hugepage/defrag (defrag/compaction efforts parameter): always defer defer+madvise [madvise] never

Process Memory:
Virtual Size: 4768736K (peak: 4829564K)
Resident Set Size: 51544K (peak: 51544K) (anon: 26368K, file: 25176K, shmem: 0K)
Swapped out: 0K
C-Heap outstanding allocations: 18450K, retained: 2185K
glibc malloc tunables: (default)

/proc/sys/kernel/threads-max (system-wide limit on the number of threads): 62782
/proc/sys/vm/max_map_count (maximum number of memory map areas a process may have): 1048576
/proc/sys/vm/swappiness (control to define how aggressively the kernel swaps out anonymous memory): 60
/proc/sys/kernel/pid_max (system-wide limit on number of process identifiers): 4194304

container (cgroup) information:
container_type: cgroupv2
cpu_cpuset_cpus: not supported
cpu_memory_nodes: not supported
active_processor_count: 4
cpu_quota: no quota
cpu_period: 100000
cpu_shares: 8192
memory_limit_in_bytes: unlimited
memory_and_swap_limit_in_bytes: unlimited
memory_soft_limit_in_bytes: unlimited
memory_usage_in_bytes: 2340716 k
memory_max_usage_in_bytes: not supported
memory_swap_current_in_bytes: 200376 k
memory_swap_max_limit_in_bytes: unlimited
maximum number of tasks: 9417
current number of tasks: 230

Steal ticks since vm start: 0
Steal ticks percentage since vm start:  0,000

CPU: total 8 (initial active 4) (4 cores per cpu, 1 threads per core) family 21 model 1 stepping 2 microcode 0x600063e, cx8, cmov, fxsr, mmx, 3dnowpref, sse, sse2, sse3, ssse3, sse4a, sse4.1, sse4.2, popcnt, lzcnt, tsc, tscinvbit, avx, aes, clmul, vzeroupper, clflush, rdtscp
CPU Model and flags from /proc/cpuinfo:
model name	: AMD FX(tm)-4100 Quad-Core Processor
flags		: fpu vme de pse tsc msr pae mce cx8 apic sep mtrr pge mca cmov pat pse36 clflush mmx fxsr sse sse2 ht syscall nx mmxext fxsr_opt pdpe1gb rdtscp lm constant_tsc rep_good nopl nonstop_tsc cpuid extd_apicid aperfmperf pni pclmulqdq monitor ssse3 cx16 sse4_1 sse4_2 popcnt aes xsave avx lahf_lm cmp_legacy svm extapic cr8_legacy abm sse4a misalignsse 3dnowprefetch osvw ibs xop skinit wdt fma4 nodeid_msr topoext perfctr_core perfctr_nb cpb hw_pstate ssbd ibpb vmmcall arat npt lbrv svm_lock nrip_save tsc_scale vmcb_clean flushbyasid decodeassists pausefilter pfthreshold

Online cpus: 0-3
Offline cpus: 4-7
BIOS frequency limitation: 3600000
Frequency switch latency (ns): 4000
Available cpu frequencies: 3600000 3300000 2500000 1700000 1400000 
Current governor: schedutil
Core performance/turbo boost: 1

Memory: 4k page, physical 8100420k(2397792k free), swap 8099836k(6049472k free)
Page Sizes: 4k

vm_info: OpenJDK 64-Bit Server VM (21.0.7+6-LTS) for linux-amd64 JRE (21.0.7+6-LTS), built on 2025-04-15T00:00:00Z by "admin" with gcc 11.3.0

END.
