#
# A fatal error has been detected by the Java Runtime Environment:
#
#  SIGSEGV (0xb) at pc=0x00007fcb09e58221, pid=40693, tid=40694
#
# JRE version: OpenJDK Runtime Environment Temurin-21.0.7+6 (21.0.7+6) (build 21.0.7+6-LTS)
# Java VM: OpenJDK 64-Bit Server VM Temurin-21.0.7+6 (21.0.7+6-LTS, mixed mode, sharing, tiered, compressed oops, compressed class ptrs, g1 gc, linux-amd64)
# Problematic frame:
# J 319 c1 jdk.internal.util.ArraysSupport.mismatch([B[BI)I java.base@21.0.7 (73 bytes) @ 0x00007fcb09e58221 [0x00007fcb09e57fe0+0x0000000000000241]
#
# Core dump will be written. Default location: Core dumps may be processed with "/usr/lib/systemd/systemd-coredump %P %u %g %s %t %c %h %d" (or dumping to /home/ccordeiro/area_dev/spring-boot/rest-with-spring-boot-and-java/rest/core.40693)
#
# If you would like to submit a bug report, please visit:
#   https://github.com/adoptium/adoptium-support/issues
#

---------------  S U M M A R Y ------------

Command Line: -Dapplication.home=/home/ccordeiro/.vscode/extensions/redhat.java-1.43.0-linux-x64/jre/21.0.7-linux-x86_64 -Xms8m -Djdk.module.main=jdk.jcmd jdk.jcmd/sun.tools.jcmd.JCmd 24375 VM.uptime

Host: AMD FX(tm)-4100 Quad-Core Processor, 8 cores, 7G, Fedora release 41 (Forty One)
Time: Sat Jun 28 12:33:55 2025 -03 elapsed time: 0.163106 seconds (0d 0h 0m 0s)

---------------  T H R E A D  ---------------

Current thread (0x00007fcb1c02b780):  JavaThread "main"             [_thread_in_Java, id=40694, stack(0x00007fcb2221a000,0x00007fcb2231a000) (1024K)]

Stack: [0x00007fcb2221a000,0x00007fcb2231a000],  sp=0x00007fcb22318230,  free space=1016k
Native frames: (J=compiled Java code, j=interpreted, Vv=VM code, C=native code)
J 319 c1 jdk.internal.util.ArraysSupport.mismatch([B[BI)I java.base@21.0.7 (73 bytes) @ 0x00007fcb09e58221 [0x00007fcb09e57fe0+0x0000000000000241]
J 318 c1 java.lang.StringLatin1.compareTo([B[BII)I java.base@21.0.7 (41 bytes) @ 0x00007fcb09e597e4 [0x00007fcb09e596e0+0x0000000000000104]
J 315 c1 java.lang.StringLatin1.compareTo([B[B)I java.base@21.0.7 (14 bytes) @ 0x00007fcb09e587ac [0x00007fcb09e58740+0x000000000000006c]
J 314 c1 java.lang.String.compareTo(Ljava/lang/String;)I java.base@21.0.7 (63 bytes) @ 0x00007fcb09e58df4 [0x00007fcb09e58ba0+0x0000000000000254]
J 320 c1 java.lang.String.compareTo(Ljava/lang/Object;)I java.base@21.0.7 (9 bytes) @ 0x00007fcb09e59f24 [0x00007fcb09e59dc0+0x0000000000000164]
j  java.util.TreeMap.put(Ljava/lang/Object;Ljava/lang/Object;Z)Ljava/lang/Object;+134 java.base@21.0.7
j  java.util.TreeMap.put(Ljava/lang/Object;Ljava/lang/Object;)Ljava/lang/Object;+4 java.base@21.0.7
j  sun.jvmstat.perfdata.monitor.v2_0.PerfDataBuffer.buildMonitorMap(Ljava/util/Map;)V+74 jdk.internal.jvmstat@21.0.7
j  sun.jvmstat.perfdata.monitor.PerfDataBufferImpl.findByName(Ljava/lang/String;)Lsun/jvmstat/monitor/Monitor;+23 jdk.internal.jvmstat@21.0.7
j  sun.jvmstat.perfdata.monitor.AbstractPerfDataBuffer.findByName(Ljava/lang/String;)Lsun/jvmstat/monitor/Monitor;+5 jdk.internal.jvmstat@21.0.7
j  sun.jvmstat.perfdata.monitor.AbstractMonitoredVm.findByName(Ljava/lang/String;)Lsun/jvmstat/monitor/Monitor;+5 jdk.internal.jvmstat@21.0.7
j  sun.jvmstat.monitor.MonitoredVmUtil.isAttachable(Lsun/jvmstat/monitor/MonitoredVm;)Z+3 jdk.internal.jvmstat@21.0.7
j  sun.tools.attach.HotSpotAttachProvider.testAttachable(Ljava/lang/String;)V+25 jdk.attach@21.0.7
j  sun.tools.attach.AttachProviderImpl.attachVirtualMachine(Ljava/lang/String;)Lcom/sun/tools/attach/VirtualMachine;+6 jdk.attach@21.0.7
j  com.sun.tools.attach.VirtualMachine.attach(Ljava/lang/String;)Lcom/sun/tools/attach/VirtualMachine;+69 jdk.attach@21.0.7
j  sun.tools.jcmd.JCmd.executeCommandForPid(Ljava/lang/String;Ljava/lang/String;)V+1 jdk.jcmd@21.0.7
j  sun.tools.jcmd.JCmd.main([Ljava/lang/String;)V+255 jdk.jcmd@21.0.7
v  ~StubRoutines::call_stub 0x00007fcb11337cc6
V  [libjvm.so+0x911545]  JavaCalls::call_helper(JavaValue*, methodHandle const&, JavaCallArguments*, JavaThread*)+0x2e5
V  [libjvm.so+0x9bb6d0]  jni_invoke_static(JNIEnv_*, JavaValue*, _jobject*, JNICallType, _jmethodID*, JNI_ArgumentPusher*, JavaThread*) [clone .constprop.1]+0x390
V  [libjvm.so+0x9be5b7]  jni_CallStaticVoidMethod+0x167
C  [libjli.so+0xa6d4]  JavaMain+0x1054
C  [libjli.so+0xd259]  ThreadJavaMain+0x9
C  [libc.so.6+0x70fa8]  start_thread+0x3b8

siginfo: si_signo: 11 (SIGSEGV), si_code: 1 (SEGV_MAPERR), si_addr: 0x00000000495d726c

Registers:
RAX=0x00000000ffffffff, RBX=0x00000000000001a8, RCX=0x0000000000000011, RDX=0x0000000084b34ea8
RSP=0x00007fcb22318230, RBP=0x00007fcb22318428, RSI=0x0000000084b35180, RDI=0x0000000000000011
R8 =0x0000000000000001, R9 =0x0000000000000063, R10=0x00007fcaaf000000, R11=0x00007fcb09e59de0
R12=0x0000000000000000, R13=0x00007fcb223183d0, R14=0x00007fcaaf00e740, R15=0x00007fcb1c02b780
RIP=0x00007fcb09e58221, EFLAGS=0x0000000000010246, CSGSFS=0x002b000000000033, ERR=0x0000000000000006
  TRAPNO=0x000000000000000e

XMM[0]=0x0000000000000000 0x0000000000000000
XMM[1]=0x6f6c6c612e62616c 0x742e63672e6e7573
XMM[2]=0xffffffffffffffff 0xffffffffffffffff
XMM[3]=0x0000000000000000 0x4078000000000000
XMM[4]=0x0000000000000000 0x00007fcb1c02b780
XMM[5]=0x0000000000000000 0x4059000000000000
XMM[6]=0x0000000000000000 0x0000000084b3fe78
XMM[7]=0x0000000000000000 0x00007fcb1c02b780
XMM[8]=0x0000000000000000 0x00007fcaa443a5b0
XMM[9]=0x0000000000000000 0x00007fcaa4436b88
XMM[10]=0x0000000000000000 0x00007fcb235bab40
XMM[11]=0x0000000000000000 0x00007fcb235ba900
XMM[12]=0x0000000000000000 0x0000000000000000
XMM[13]=0x0000000000000000 0x0000000000000000
XMM[14]=0x0000000000000000 0x0000000000000000
XMM[15]=0x0000000000000000 0xcafebabecafebabe
  MXCSR=0x00001fa2


Register to memory mapping:

RAX=0x00000000ffffffff points into unknown readable memory: 00
RBX=0x00000000000001a8 is an unknown value
RCX=0x0000000000000011 is an unknown value
RDX=0x0000000084b34ea8 is an oop: [B 
{0x0000000084b34ea8} - klass: {type array byte}
 - length: 24
RSP=0x00007fcb22318230 is pointing into the stack for thread: 0x00007fcb1c02b780
RBP=0x00007fcb22318428 is pointing into the stack for thread: 0x00007fcb1c02b780
RSI=0x0000000084b35180 is an oop: [B 
{0x0000000084b35180} - klass: {type array byte}
 - length: 17
RDI=0x0000000000000011 is an unknown value
R8 =0x0000000000000001 is an unknown value
R9 =0x0000000000000063 is an unknown value
R10=0x00007fcaaf000000 is pointing into metadata
R11=0x00007fcb09e59de0 is at entry_point+32 in (nmethod*)0x00007fcb09e59c10
Compiled method (c1) 182  320       3       java.lang.String::compareTo (9 bytes)
 total in heap  [0x00007fcb09e59c10,0x00007fcb09e5a068] = 1112
 relocation     [0x00007fcb09e59d68,0x00007fcb09e59db0] = 72
 main code      [0x00007fcb09e59dc0,0x00007fcb09e59fa8] = 488
 stub code      [0x00007fcb09e59fa8,0x00007fcb09e59fe8] = 64
 metadata       [0x00007fcb09e59fe8,0x00007fcb09e59ff0] = 8
 scopes data    [0x00007fcb09e59ff0,0x00007fcb09e5a010] = 32
 scopes pcs     [0x00007fcb09e5a010,0x00007fcb09e5a060] = 80
 dependencies   [0x00007fcb09e5a060,0x00007fcb09e5a068] = 8
R12=0x0 is null
R13=0x00007fcb223183d0 is pointing into the stack for thread: 0x00007fcb1c02b780
R14=0x00007fcaaf00e740 is a pointer to class: 
java.lang.String {0x00007fcaaf00e740}
 - instance size:     3
 - klass size:        82
 - access:            public final synchronized 
 - flags:             rewritten has_nonstatic_fields has_nonstatic_concrete_methods is_shared_boot_class 
 - state:             fully_initialized
 - name:              'java/lang/String'
 - super:             'java/lang/Object'
 - sub:               
 - arrays:            'java/lang/String'[]
 - methods:           Array<T>(0x00007fcaaf629db8)
 - method ordering:   Array<T>(0x00007fcaaf62a300)
 - local interfaces:  Array<T>(0x00007fcaaf626fc8)
 - trans. interfaces: Array<T>(0x00007fcaaf626fc8)
 - constants:         constant pool [1443]/operands[28] {0x00007fcaaf627018} for 'java/lang/String' cache=0x00007fcaaf452650
 - class loader data:  loader data: 0x00007fcb1c0bab10 of 'bootstrap'
 - field annotations:       Array<T>(0x00007fcaafb1b168)
 - generic signature: 'Ljava/lang/Object;Ljava/io/Serializable;Ljava/lang/Comparable<Ljava/lang/String;>;Ljava/lang/CharSequence;Ljava/lang/constant/Constable;Ljava/lang/constant/ConstantDesc;'
 - inner classes:     Array<T>(0x00007fcaaf629d78)
 - nest members:     Array<T>(0x00007fcaaf62a608)
 - permitted subclasses:     Array<T>(0x00007fcaaf6162d0)
 - java mirror:       a 'java/lang/Class'{0x00000000ffe7f5c0} = 'java/lang/String'
 - vtable length      5  (start addr: 0x00007fcaaf00e900)
 - itable length      20 (start addr: 0x00007fcaaf00e928)
 - ---- static fields (3 words):
 - private static final 'serialVersionUID' 'J' @120 
 - static final 'COMPACT_STRINGS' 'Z' @130 
 - private static final 'serialPersistentFields' '[Ljava/io/ObjectStreamField;' @112 
 - private static final 'REPL' 'C' @128 
 - public static final 'CASE_INSENSITIVE_ORDER' 'Ljava/util/Comparator;' @116 
 - static final 'LATIN1' 'B' @131 
 - static final 'UTF16' 'B' @132 
 - ---- non-static fields (3 words):
 - private 'hash' 'I' @12 
 - private final 'coder' 'B' @16 
 - private 'hashIsZero' 'Z' @17 
 - injected 'flags' 'B' @18 
 - private final 'value' '[B' @20 
 - non-static oop maps: 20-20 
R15=0x00007fcb1c02b780 is a thread

Top of Stack: (sp=0x00007fcb22318230)
0x00007fcb22318230:   00000000ffffffff 0000000084b351a8
0x00007fcb22318240:   00007fcb223182a0 00007fcb1133f180
0x00007fcb22318250:   0000000084b351e0 00007fcb22318258
0x00007fcb22318260:   00007fcaa44367b9 0000000000000007
0x00007fcb22318270:   00007fcaa4436e58 0000000000000011
0x00007fcb22318280:   0000000084b35180 0000000084b34ea8
0x00007fcb22318290:   0000000000000000 00007fcb223182b0
0x00007fcb223182a0:   00007fcb22318428 00007fcb09e597e4
0x00007fcb223182b0:   0000000000000000 0000000000000000
0x00007fcb223182c0:   0000000084b1da48 0000000084b1bd70
0x00007fcb223182d0:   0000000084b35168 0000000084b351e0
0x00007fcb223182e0:   00007fcb223182e0 0000001800000011
0x00007fcb223182f0:   0000000084b35180 0000000084b34ea8
0x00007fcb22318300:   0000000000000000 0000000084b19c78
0x00007fcb22318310:   00007fcb22318428 00007fcb09e587ac
0x00007fcb22318320:   00007fcb22318338 00007fcb223183a8
0x00007fcb22318330:   00007fcb1133f180 0000000000000000
0x00007fcb22318340:   0000000084b1da48 0000000084b1bd70
0x00007fcb22318350:   00007fcb22318428 00007fcb09e58df4
0x00007fcb22318360:   00007fcb22318360 00007fcaa443812e
0x00007fcb22318370:   0000000000000007 00007fcaa4438340
0x00007fcb22318380:   0000000000000000 0000000084b201b0
0x00007fcb22318390:   00007fcb22318428 00007fcb09e59f24
0x00007fcb223183a0:   00007fcb223183b8 00007fcb22318438
0x00007fcb223183b0:   00007fcb1133f180 0000000084b351a8
0x00007fcb223183c0:   00007fcb22318428 00007fcb1133f74e
0x00007fcb223183d0:   0000000084b34e90 0000000084b35168
0x00007fcb223183e0:   00007fcb223183e0 00007fcaaf89a9d6
0x00007fcb223183f0:   000000000000000b 00007fcaaf201ca0
0x00007fcb22318400:   0000000000000000 00000000ffea21b8
0x00007fcb22318410:   00007fcaaf203ef8 00007fcb223183d0
0x00007fcb22318420:   00007fcb22318468 00007fcb223184d0 

Instructions: (pc=0x00007fcb09e58221)
0x00007fcb09e58121:   4c 24 48 2b c8 48 8b f9 8b 4c 24 48 48 8b 54 24
0x00007fcb09e58131:   58 48 8b 74 24 50 e9 97 00 00 00 0f 1f 40 00 3b
0x00007fcb09e58141:   7e 0c 0f 83 79 01 00 00 48 63 c7 0f be 44 06 10
0x00007fcb09e58151:   3b 7a 0c 0f 83 80 01 00 00 48 63 df 0f be 5c 1a
0x00007fcb09e58161:   10 3b c3 48 b8 c0 b4 06 a4 ca 7f 00 00 48 c7 c3
0x00007fcb09e58171:   d8 01 00 00 75 07 48 c7 c3 c8 01 00 00 4c 8b 04
0x00007fcb09e58181:   18 4d 8d 40 01 4c 89 04 18 0f 85 76 00 00 00 ff
0x00007fcb09e58191:   c7 48 b8 c0 b4 06 a4 ca 7f 00 00 8b 98 f8 00 00
0x00007fcb09e581a1:   00 83 c3 02 89 98 f8 00 00 00 81 e3 fe 3f 00 00
0x00007fcb09e581b1:   85 db 0f 84 2f 01 00 00 4d 8b 97 50 04 00 00 41
0x00007fcb09e581c1:   85 02 48 b8 c0 b4 06 a4 ca 7f 00 00 ff 80 e8 01
0x00007fcb09e581d1:   00 00 3b f9 48 b8 c0 b4 06 a4 ca 7f 00 00 48 c7
0x00007fcb09e581e1:   c3 a8 01 00 00 7d 07 48 c7 c3 b8 01 00 00 4c 8b
0x00007fcb09e581f1:   04 18 4d 8d 40 01 4c 89 04 18 0f 8d 1b 00 00 00
0x00007fcb09e58201:   08 3a ff ff ff 48 8b c7 48 83 c4 70 5d 49 3b a7
0x00007fcb09e58211:   48 04 00 00 0f 87 ee 00 00 00 c3 b8 ff ff ff ff
0x00007fcb09e58221:   08 83 c4 70 5d 49 3b a7 48 04 00 00 0f 87 ec 00
0x00007fcb09e58231:   00 00 c3 48 83 c4 70 5d 49 3b a7 48 04 00 00 0f
0x00007fcb09e58241:   87 ef 00 00 00 c3 b8 00 00 00 00 48 83 c4 70 5d
0x00007fcb09e58251:   49 3b a7 48 04 00 00 0f 87 ed 00 00 00 c3 49 ba
0x00007fcb09e58261:   58 03 42 af ca 7f 00 00 4c 89 54 24 08 48 c7 04
0x00007fcb09e58271:   24 ff ff ff ff e8 05 3a 5f 07 e9 a2 fd ff ff e8
0x00007fcb09e58281:   fb b5 5e 07 e8 f6 b5 5e 07 48 c7 04 24 00 00 00
0x00007fcb09e58291:   00 48 89 74 24 08 e8 e4 ac 5e 07 e8 df b5 5e 07
0x00007fcb09e582a1:   e8 da b5 5e 07 48 c7 04 24 00 00 00 00 48 89 54
0x00007fcb09e582b1:   24 08 e8 c8 ac 5e 07 e8 c3 b5 5e 07 e8 be b5 5e
0x00007fcb09e582c1:   07 48 89 3c 24 48 89 74 24 08 e8 b0 ac 5e 07 e8
0x00007fcb09e582d1:   ab b5 5e 07 e8 a6 b5 5e 07 48 89 3c 24 48 89 54
0x00007fcb09e582e1:   24 08 e8 98 ac 5e 07 49 ba 58 03 42 af ca 7f 00
0x00007fcb09e582f1:   00 4c 89 54 24 08 48 c7 04 24 44 00 00 00 e8 7c
0x00007fcb09e58301:   39 5f 07 e9 b0 fe ff ff 49 ba 0e 82 e5 09 cb 7f
0x00007fcb09e58311:   00 00 4d 89 97 60 04 00 00 e9 61 38 53 07 49 ba 


Stack slot to memory mapping:

stack at sp + 0 slots: 0x00000000ffffffff points into unknown readable memory: 00
stack at sp + 1 slots: 0x0000000084b351a8 is an oop: java.nio.DirectLongBufferU 
{0x0000000084b351a8} - klass: 'java/nio/DirectLongBufferU'
 - ---- fields (total size 7 words):
 - private 'mark' 'I' @12  -1 (0xffffffff)
 - 'address' 'J' @16  140510392238736 (0x00007fcb20044290)
 - private 'position' 'I' @24  0 (0x00000000)
 - private 'limit' 'I' @28  1 (0x00000001)
 - private final 'capacity' 'I' @32  2990 (0x00000bae)
 - final 'segment' 'Ljava/lang/foreign/MemorySegment;' @36  null (0x00000000)
 - final 'offset' 'I' @40  0 (0x00000000)
 - 'isReadOnly' 'Z' @44  false (0x00)
 - final 'hb' '[J' @48  null (0x00000000)
 - private final 'att' 'Ljava/lang/Object;' @52  a 'java/nio/DirectByteBuffer'{0x0000000084c8b748} (0x84c8b748)
stack at sp + 2 slots: 0x00007fcb223182a0 is pointing into the stack for thread: 0x00007fcb1c02b780
stack at sp + 3 slots: 0x00007fcb1133f180 is at code_begin+1184 in an Interpreter codelet
return entry points  [0x00007fcb1133ece0, 0x00007fcb1133f880]  2976 bytes
stack at sp + 4 slots: 0x0000000084b351e0 is an oop: sun.jvmstat.perfdata.monitor.PerfLongMonitor 
{0x0000000084b351e0} - klass: 'sun/jvmstat/perfdata/monitor/PerfLongMonitor'
 - ---- fields (total size 5 words):
 - protected 'vectorLength' 'I' @12  0 (0x00000000)
 - protected 'supported' 'Z' @16  false (0x00)
 - protected 'name' 'Ljava/lang/String;' @20  "sun.gc.tlab.alloc"{0x0000000084b35168} (0x84b35168)
 - protected 'units' 'Lsun/jvmstat/monitor/Units;' @24  a 'sun/jvmstat/monitor/Units'{0x0000000084b1bd70} (0x84b1bd70)
 - protected 'variability' 'Lsun/jvmstat/monitor/Variability;' @28  a 'sun/jvmstat/monitor/Variability'{0x0000000084b1da48} (0x84b1da48)
 - 'lb' 'Ljava/nio/LongBuffer;' @32  a 'java/nio/DirectLongBufferU'{0x0000000084b351a8} (0x84b351a8)
stack at sp + 5 slots: 0x00007fcb22318258 is pointing into the stack for thread: 0x00007fcb1c02b780
stack at sp + 6 slots: 0x00007fcaa44367b9 is pointing into metadata
stack at sp + 7 slots: 0x0000000000000007 is an unknown value


Compiled method (c1) 194  319       3       jdk.internal.util.ArraysSupport::mismatch (73 bytes)
 total in heap  [0x00007fcb09e57e10,0x00007fcb09e58568] = 1880
 relocation     [0x00007fcb09e57f68,0x00007fcb09e57fe0] = 120
 main code      [0x00007fcb09e57fe0,0x00007fcb09e58388] = 936
 stub code      [0x00007fcb09e58388,0x00007fcb09e583b8] = 48
 metadata       [0x00007fcb09e583b8,0x00007fcb09e583c0] = 8
 scopes data    [0x00007fcb09e583c0,0x00007fcb09e58408] = 72
 scopes pcs     [0x00007fcb09e58408,0x00007fcb09e58518] = 272
 dependencies   [0x00007fcb09e58518,0x00007fcb09e58520] = 8
 nul chk table  [0x00007fcb09e58520,0x00007fcb09e58568] = 72

[Constant Pool (empty)]

[MachCode]
[Verified Entry Point]
  # {method} {0x00007fcaaf420358} 'mismatch' '([B[BI)I' in 'jdk/internal/util/ArraysSupport'
  # parm0:    rsi:rsi   = '[B'
  # parm1:    rdx:rdx   = '[B'
  # parm2:    rcx       = int
  #           [sp+0x80]  (sp of caller)
  0x00007fcb09e57fe0: 8984 2400 | c0fe ff55 | 4883 ec70 | 4181 7f20 | 0100 0000 

  0x00007fcb09e57ff4: ;   {runtime_call StubRoutines (final stubs)}
  0x00007fcb09e57ff4: 7405 e8c5 

  0x00007fcb09e57ff8: ;   {metadata(method data for {method} {0x00007fcaaf420358} 'mismatch' '([B[BI)I' in 'jdk/internal/util/ArraysSupport')}
  0x00007fcb09e57ff8: 3551 0748 | bfc0 b406 | a4ca 7f00 | 008b 9ff4 | 0000 0083 | c302 899f | f400 0000 | 81e3 fe07 
  0x00007fcb09e58018: 0000 85db | 0f84 3d02 | 0000 83f9 

  0x00007fcb09e58024: ;   {metadata(method data for {method} {0x00007fcaaf420358} 'mismatch' '([B[BI)I' in 'jdk/internal/util/ArraysSupport')}
  0x00007fcb09e58024: 0748 bfc0 | b406 a4ca | 7f00 0048 | c7c3 4801 | 0000 7f07 | 48c7 c338 | 0100 0048 | 8b04 1f48 
  0x00007fcb09e58044: 8d40 0148 | 8904 1f0f | 8f0a 0000 | 00bf 0000 | 0000 e978 | 0100 0083 | 7e0c 000f | 8625 0200 
  0x00007fcb09e58064: 000f be7e | 1083 7a0c | 000f 8633 | 0200 000f | be5a 103b 

  0x00007fcb09e58078: ;   {metadata(method data for {method} {0x00007fcaaf420358} 'mismatch' '([B[BI)I' in 'jdk/internal/util/ArraysSupport')}
  0x00007fcb09e58078: fb48 bfc0 | b406 a4ca | 7f00 0048 | c7c3 6801 | 0000 7507 | 48c7 c358 | 0100 0048 | 8b04 1f48 
  0x00007fcb09e58098: 8d40 0148 | 8904 1f0f | 85a2 0100 

  0x00007fcb09e580a4: ;   {metadata(method data for {method} {0x00007fcaaf420358} 'mismatch' '([B[BI)I' in 'jdk/internal/util/ArraysSupport')}
  0x00007fcb09e580a4: 0048 bfc0 | b406 a4ca | 7f00 0048 | 8387 7801 | 0000 0148 | c7c7 1000 | 0000 488d | 1c3e 488d 
  0x00007fcb09e580c4: 043a 488b | fb48 8974 | 2450 488b | f048 8954 | 2458 488b | d189 4c24 | 48b9 0000 

  0x00007fcb09e580e0: ;   {runtime_call StubRoutines (final stubs)}
  0x00007fcb09e580e0: 0000 e899 

  0x00007fcb09e580e4: ;   {other}
  0x00007fcb09e580e4: 3651 070f | 1f84 0000 | 0000 0085 

  0x00007fcb09e580f0: ;   {metadata(method data for {method} {0x00007fcaaf420358} 'mismatch' '([B[BI)I' in 'jdk/internal/util/ArraysSupport')}
  0x00007fcb09e580f0: c048 bec0 | b406 a4ca | 7f00 0048 | c7c7 9801 | 0000 7d07 | 48c7 c788 | 0100 0048 | 8b1c 3e48 
  0x00007fcb09e58110: 8d5b 0148 | 891c 3e0f | 8d17 0100 | 0083 f0ff | 8b4c 2448 | 2bc8 488b | f98b 4c24 | 4848 8b54 
  0x00007fcb09e58130: 2458 488b | 7424 50e9 | 9700 0000 | 0f1f 4000 

  0x00007fcb09e58140: ; implicit exception: dispatches to 0x00007fcb09e582b8
  0x00007fcb09e58140: 3b7e 0c0f | 8379 0100 | 0048 63c7 | 0fbe 4406 | 103b 7a0c | 0f83 8001 | 0000 4863 | df0f be5c 
  0x00007fcb09e58160: 1a10 3bc3 

  0x00007fcb09e58164: ;   {metadata(method data for {method} {0x00007fcaaf420358} 'mismatch' '([B[BI)I' in 'jdk/internal/util/ArraysSupport')}
  0x00007fcb09e58164: 48b8 c0b4 | 06a4 ca7f | 0000 48c7 | c3d8 0100 | 0075 0748 | c7c3 c801 | 0000 4c8b | 0418 4d8d 
  0x00007fcb09e58184: 4001 4c89 | 0418 0f85 | 7600 0000 

  0x00007fcb09e58190: ;   {metadata(method data for {method} {0x00007fcaaf420358} 'mismatch' '([B[BI)I' in 'jdk/internal/util/ArraysSupport')}
  0x00007fcb09e58190: ffc7 48b8 | c0b4 06a4 | ca7f 0000 | 8b98 f800 | 0000 83c3 | 0289 98f8 | 0000 0081 | e3fe 3f00 
  0x00007fcb09e581b0: 0085 db0f | 842f 0100 | 004d 8b97 

  0x00007fcb09e581bc: ; ImmutableOopMap {rdx=Oop rsi=Oop }
                      ;*goto {reexecute=1 rethrow=0 return_oop=0}
                      ; - (reexecute) jdk.internal.util.ArraysSupport::mismatch@68
  0x00007fcb09e581bc: 5004 0000 

  0x00007fcb09e581c0: ;   {poll}
  0x00007fcb09e581c0: 4185 0248 | b8c0 b406 | a4ca 7f00 | 00ff 80e8 | 0100 003b 

  0x00007fcb09e581d4: ;   {metadata(method data for {method} {0x00007fcaaf420358} 'mismatch' '([B[BI)I' in 'jdk/internal/util/ArraysSupport')}
  0x00007fcb09e581d4: f948 b8c0 | b406 a4ca | 7f00 0048 | c7c3 a801 | 0000 7d07 | 48c7 c3b8 | 0100 004c | 8b04 184d 
  0x00007fcb09e581f4: 8d40 014c | 8904 180f | 8d1b 0000 | 0008 3aff | ffff 488b | c748 83c4 

  0x00007fcb09e5820c: ;   {poll_return}
  0x00007fcb09e5820c: 705d 493b | a748 0400 | 000f 87ee | 0000 00c3 | b8ff ffff | ff08 83c4 

  0x00007fcb09e58224: ;   {poll_return}
  0x00007fcb09e58224: 705d 493b | a748 0400 | 000f 87ec | 0000 00c3 | 4883 c470 

  0x00007fcb09e58238: ;   {poll_return}
  0x00007fcb09e58238: 5d49 3ba7 | 4804 0000 | 0f87 ef00 | 0000 c3b8 | 0000 0000 | 4883 c470 

  0x00007fcb09e58250: ;   {poll_return}
  0x00007fcb09e58250: 5d49 3ba7 | 4804 0000 | 0f87 ed00 

  0x00007fcb09e5825c: ;   {metadata({method} {0x00007fcaaf420358} 'mismatch' '([B[BI)I' in 'jdk/internal/util/ArraysSupport')}
  0x00007fcb09e5825c: 0000 c349 | ba58 0342 | afca 7f00 | 004c 8954 | 2408 48c7 | 0424 ffff 

  0x00007fcb09e58274: ;   {runtime_call counter_overflow Runtime1 stub}
  0x00007fcb09e58274: ffff e805 

  0x00007fcb09e58278: ; ImmutableOopMap {rsi=Oop rdx=Oop }
                      ;*synchronization entry
                      ; - jdk.internal.util.ArraysSupport::mismatch@-1
  0x00007fcb09e58278: 3a5f 07e9 | a2fd ffff 

  0x00007fcb09e58280: ;   {runtime_call throw_null_pointer_exception Runtime1 stub}
  0x00007fcb09e58280: e8fb b55e 

  0x00007fcb09e58284: ; ImmutableOopMap {rsi=Oop rdx=Oop }
                      ;*baload {reexecute=0 rethrow=0 return_oop=0}
                      ; - jdk.internal.util.ArraysSupport::mismatch@10
                      ;   {runtime_call throw_null_pointer_exception Runtime1 stub}
  0x00007fcb09e58284: 07e8 f6b5 

  0x00007fcb09e58288: ; ImmutableOopMap {rsi=Oop rdx=Oop }
                      ;*baload {reexecute=0 rethrow=0 return_oop=0}
                      ; - jdk.internal.util.ArraysSupport::mismatch@10
  0x00007fcb09e58288: 5e07 48c7 | 0424 0000 | 0000 4889 

  0x00007fcb09e58294: ;   {runtime_call throw_range_check_failed Runtime1 stub}
  0x00007fcb09e58294: 7424 08e8 

  0x00007fcb09e58298: ; ImmutableOopMap {rsi=Oop rdx=Oop }
                      ;*baload {reexecute=0 rethrow=0 return_oop=0}
                      ; - jdk.internal.util.ArraysSupport::mismatch@10
  0x00007fcb09e58298: e4ac 5e07 

  0x00007fcb09e5829c: ;   {runtime_call throw_null_pointer_exception Runtime1 stub}
  0x00007fcb09e5829c: e8df b55e 

  0x00007fcb09e582a0: ; ImmutableOopMap {rsi=Oop rdx=Oop }
                      ;*baload {reexecute=0 rethrow=0 return_oop=0}
                      ; - jdk.internal.util.ArraysSupport::mismatch@13
                      ;   {runtime_call throw_null_pointer_exception Runtime1 stub}
  0x00007fcb09e582a0: 07e8 dab5 

  0x00007fcb09e582a4: ; ImmutableOopMap {rsi=Oop rdx=Oop }
                      ;*baload {reexecute=0 rethrow=0 return_oop=0}
                      ; - jdk.internal.util.ArraysSupport::mismatch@13
  0x00007fcb09e582a4: 5e07 48c7 | 0424 0000 | 0000 4889 

  0x00007fcb09e582b0: ;   {runtime_call throw_range_check_failed Runtime1 stub}
  0x00007fcb09e582b0: 5424 08e8 

  0x00007fcb09e582b4: ; ImmutableOopMap {rsi=Oop rdx=Oop }
                      ;*baload {reexecute=0 rethrow=0 return_oop=0}
                      ; - jdk.internal.util.ArraysSupport::mismatch@13
  0x00007fcb09e582b4: c8ac 5e07 

  0x00007fcb09e582b8: ;   {runtime_call throw_null_pointer_exception Runtime1 stub}
  0x00007fcb09e582b8: e8c3 b55e 

  0x00007fcb09e582bc: ; ImmutableOopMap {rdx=Oop rsi=Oop }
                      ;*baload {reexecute=0 rethrow=0 return_oop=0}
                      ; - jdk.internal.util.ArraysSupport::mismatch@56
                      ;   {runtime_call throw_null_pointer_exception Runtime1 stub}
  0x00007fcb09e582bc: 07e8 beb5 

  0x00007fcb09e582c0: ; ImmutableOopMap {rdx=Oop rsi=Oop }
                      ;*baload {reexecute=0 rethrow=0 return_oop=0}
                      ; - jdk.internal.util.ArraysSupport::mismatch@56
  0x00007fcb09e582c0: 5e07 4889 | 3c24 4889 

  0x00007fcb09e582c8: ;   {runtime_call throw_range_check_failed Runtime1 stub}
  0x00007fcb09e582c8: 7424 08e8 

  0x00007fcb09e582cc: ; ImmutableOopMap {rdx=Oop rsi=Oop }
                      ;*baload {reexecute=0 rethrow=0 return_oop=0}
                      ; - jdk.internal.util.ArraysSupport::mismatch@56
  0x00007fcb09e582cc: b0ac 5e07 

  0x00007fcb09e582d0: ;   {runtime_call throw_null_pointer_exception Runtime1 stub}
  0x00007fcb09e582d0: e8ab b55e 

  0x00007fcb09e582d4: ; ImmutableOopMap {rdx=Oop rsi=Oop }
                      ;*baload {reexecute=0 rethrow=0 return_oop=0}
                      ; - jdk.internal.util.ArraysSupport::mismatch@59
                      ;   {runtime_call throw_null_pointer_exception Runtime1 stub}
  0x00007fcb09e582d4: 07e8 a6b5 

  0x00007fcb09e582d8: ; ImmutableOopMap {rdx=Oop rsi=Oop }
                      ;*baload {reexecute=0 rethrow=0 return_oop=0}
                      ; - jdk.internal.util.ArraysSupport::mismatch@59
  0x00007fcb09e582d8: 5e07 4889 | 3c24 4889 

  0x00007fcb09e582e0: ;   {runtime_call throw_range_check_failed Runtime1 stub}
  0x00007fcb09e582e0: 5424 08e8 

  0x00007fcb09e582e4: ; ImmutableOopMap {rdx=Oop rsi=Oop }
                      ;*baload {reexecute=0 rethrow=0 return_oop=0}
                      ; - jdk.internal.util.ArraysSupport::mismatch@59
  0x00007fcb09e582e4: 98ac 5e07 

  0x00007fcb09e582e8: ;   {metadata({method} {0x00007fcaaf420358} 'mismatch' '([B[BI)I' in 'jdk/internal/util/ArraysSupport')}
  0x00007fcb09e582e8: 49ba 5803 | 42af ca7f | 0000 4c89 | 5424 0848 | c704 2444 

  0x00007fcb09e582fc: ;   {runtime_call counter_overflow Runtime1 stub}
  0x00007fcb09e582fc: 0000 00e8 

  0x00007fcb09e58300: ; ImmutableOopMap {rdx=Oop rsi=Oop }
                      ;*goto {reexecute=1 rethrow=0 return_oop=0}
                      ; - (reexecute) jdk.internal.util.ArraysSupport::mismatch@68
  0x00007fcb09e58300: 7c39 5f07 | e9b0 feff 

  0x00007fcb09e58308: ;   {internal_word}
  0x00007fcb09e58308: ff49 ba0e | 82e5 09cb | 7f00 004d | 8997 6004 

  0x00007fcb09e58318: ;   {runtime_call SafepointBlob}
  0x00007fcb09e58318: 0000 e961 

  0x00007fcb09e5831c: ;   {internal_word}
  0x00007fcb09e5831c: 3853 0749 | ba26 82e5 | 09cb 7f00 | 004d 8997 | 6004 0000 

  0x00007fcb09e58330: ;   {runtime_call SafepointBlob}
  0x00007fcb09e58330: e94b 3853 

  0x00007fcb09e58334: ;   {internal_word}
  0x00007fcb09e58334: 0749 ba39 | 82e5 09cb | 7f00 004d | 8997 6004 

  0x00007fcb09e58344: ;   {runtime_call SafepointBlob}
  0x00007fcb09e58344: 0000 e935 

  0x00007fcb09e58348: ;   {internal_word}
  0x00007fcb09e58348: 3853 0749 | ba51 82e5 | 09cb 7f00 | 004d 8997 | 6004 0000 

  0x00007fcb09e5835c: ;   {runtime_call SafepointBlob}
  0x00007fcb09e5835c: e91f 3853 | 0749 8b87 | f804 0000 | 49c7 87f8 | 0400 0000 | 0000 0049 | c787 0005 | 0000 0000 
  0x00007fcb09e5837c: 0000 4883 

  0x00007fcb09e58380: ;   {runtime_call unwind_exception Runtime1 stub}
  0x00007fcb09e58380: c470 5de9 | f8a5 5e07 
[Exception Handler]
  0x00007fcb09e58388: ;   {no_reloc}
  0x00007fcb09e58388: e8f3 f55e 

  0x00007fcb09e5838c: ;   {external_word}
  0x00007fcb09e5838c: 0748 bf06 | 7751 23cb | 7f00 0048 

  0x00007fcb09e58398: ;   {runtime_call MacroAssembler::debug64(char*, long, long*)}
  0x00007fcb09e58398: 83e4 f0e8 | 7022 1a19 

  0x00007fcb09e583a0: ;   {section_word}
  0x00007fcb09e583a0: f449 baa1 | 83e5 09cb | 7f00 0041 

  0x00007fcb09e583ac: ;   {runtime_call DeoptimizationBlob}
  0x00007fcb09e583ac: 52e9 ee2e | 5307 f4f4 | f4f4 f4f4 
[/MachCode]


Compiled method (c1) 211  318       3       java.lang.StringLatin1::compareTo (41 bytes)
 total in heap  [0x00007fcb09e59510,0x00007fcb09e59bf0] = 1760
 relocation     [0x00007fcb09e59668,0x00007fcb09e596d0] = 104
 main code      [0x00007fcb09e596e0,0x00007fcb09e59a00] = 800
 stub code      [0x00007fcb09e59a00,0x00007fcb09e59a40] = 64
 metadata       [0x00007fcb09e59a40,0x00007fcb09e59a58] = 24
 scopes data    [0x00007fcb09e59a58,0x00007fcb09e59af0] = 152
 scopes pcs     [0x00007fcb09e59af0,0x00007fcb09e59bc0] = 208
 dependencies   [0x00007fcb09e59bc0,0x00007fcb09e59bc8] = 8
 nul chk table  [0x00007fcb09e59bc8,0x00007fcb09e59bf0] = 40

[Constant Pool (empty)]

[MachCode]
[Verified Entry Point]
  # {method} {0x00007fcaaf023990} 'compareTo' '([B[BII)I' in 'java/lang/StringLatin1'
  # parm0:    rsi:rsi   = '[B'
  # parm1:    rdx:rdx   = '[B'
  # parm2:    rcx       = int
  # parm3:    r8        = int
  #           [sp+0x70]  (sp of caller)
  0x00007fcb09e596e0: 8984 2400 | c0fe ff55 | 4883 ec60 | 4181 7f20 | 0100 0000 

  0x00007fcb09e596f4: ;   {runtime_call StubRoutines (final stubs)}
  0x00007fcb09e596f4: 7405 e8c5 

  0x00007fcb09e596f8: ;   {metadata(method data for {method} {0x00007fcaaf023990} 'compareTo' '([B[BII)I' in 'java/lang/StringLatin1')}
  0x00007fcb09e596f8: 1e51 0748 | bfb8 b206 | a4ca 7f00 | 008b 9ff4 | 0000 0083 | c302 899f | f400 0000 | 81e3 fe07 
  0x00007fcb09e59718: 0000 85db | 0f84 e801 

  0x00007fcb09e59720: ;   {metadata(method data for {method} {0x00007fcaaf023990} 'compareTo' '([B[BII)I' in 'java/lang/StringLatin1')}
  0x00007fcb09e59720: 0000 48bf | b8b2 06a4 | ca7f 0000 | 4883 8738 | 0100 0001 

  0x00007fcb09e59734: ;   {metadata(method data for {method} {0x00007fcaaf423218} 'min' '(II)I' in 'java/lang/Math')}
  0x00007fcb09e59734: 48bf d0f0 | 01a4 ca7f | 0000 8b9f | f400 0000 | 83c3 0289 | 9ff4 0000 | 0081 e3fe | ff1f 0085 
  0x00007fcb09e59754: db0f 84d0 | 0100 0041 

  0x00007fcb09e5975c: ;   {metadata(method data for {method} {0x00007fcaaf423218} 'min' '(II)I' in 'java/lang/Math')}
  0x00007fcb09e5975c: 3bc8 48bf | d0f0 01a4 | ca7f 0000 | 48c7 c338 | 0100 007f | 0748 c7c3 | 4801 0000 | 488b 041f 
  0x00007fcb09e5977c: 488d 4001 | 4889 041f | 0f8f 1800 

  0x00007fcb09e59788: ;   {metadata(method data for {method} {0x00007fcaaf423218} 'min' '(II)I' in 'java/lang/Math')}
  0x00007fcb09e59788: 0000 48bf | d0f0 01a4 | ca7f 0000 | ff87 5801 | 0000 488b | f9e9 0300 | 0000 498b | f844 8944 
  0x00007fcb09e597a8: 243c 894c 

  0x00007fcb09e597ac: ;   {metadata(method data for {method} {0x00007fcaaf023990} 'compareTo' '([B[BII)I' in 'java/lang/StringLatin1')}
  0x00007fcb09e597ac: 2438 48bb | b8b2 06a4 | ca7f 0000 | 4883 8348 | 0100 0001 | 488b de48 | 8bf3 488b | c248 8bd0 
  0x00007fcb09e597cc: 488b cf48 | 8944 2448 | 4889 5c24 | 4066 0f1f 

  0x00007fcb09e597dc: ;   {static_call}
  0x00007fcb09e597dc: 4400 00e8 

  0x00007fcb09e597e0: ; ImmutableOopMap {[64]=Oop [72]=Oop }
                      ;*invokestatic mismatch {reexecute=0 rethrow=0 return_oop=0}
                      ; - java.lang.StringLatin1::compareTo@11
  0x00007fcb09e597e0: fce7 ffff 

  0x00007fcb09e597e4: ;   {other}
  0x00007fcb09e597e4: 0f1f 8400 | d402 0000 

  0x00007fcb09e597ec: ;   {metadata(method data for {method} {0x00007fcaaf023990} 'compareTo' '([B[BII)I' in 'java/lang/StringLatin1')}
  0x00007fcb09e597ec: 85c0 48be | b8b2 06a4 | ca7f 0000 | 48c7 c758 | 0100 007d | 0748 c7c7 | 6801 0000 | 488b 1c3e 
  0x00007fcb09e5980c: 488d 5b01 | 4889 1c3e | 0f8d 2100 | 0000 448b | 4424 3c8b | 4c24 3841 

  0x00007fcb09e59824: ;   {metadata(method data for {method} {0x00007fcaaf023990} 'compareTo' '([B[BII)I' in 'java/lang/StringLatin1')}
  0x00007fcb09e59824: 2bc8 48b8 | b8b2 06a4 | ca7f 0000 | ff80 7801 | 0000 e9b9 | 0000 0048 | 8b54 2448 | 488b 7424 
  0x00007fcb09e59844: ;   {metadata(method data for {method} {0x00007fcaaf023990} 'compareTo' '([B[BII)I' in 'java/lang/StringLatin1')}
  0x00007fcb09e59844: 4048 bfb8 | b206 a4ca | 7f00 0048 | 8387 9001 

  0x00007fcb09e59854: ;   {metadata(method data for {method} {0x00007fcaaf023c50} 'getChar' '([BI)C' in 'java/lang/StringLatin1')}
  0x00007fcb09e59854: 0000 0148 | bf10 9b06 | a4ca 7f00 | 008b 9ff4 | 0000 0083 | c302 899f | f400 0000 | 81e3 feff 
  0x00007fcb09e59874: 1f00 85db | 0f84 ce00 | 0000 3b46 | 0c0f 83f0 | 0000 0048 | 63f8 0fbe 

  0x00007fcb09e5988c: ;   {metadata(method data for {method} {0x00007fcaaf023990} 'compareTo' '([B[BII)I' in 'java/lang/StringLatin1')}
  0x00007fcb09e5988c: 743e 1048 | bfb8 b206 | a4ca 7f00 | 0048 8387 | a001 0000 | 0181 e6ff | 0000 0081 | e6ff ff00 
  0x00007fcb09e598ac: ;   {metadata(method data for {method} {0x00007fcaaf023c50} 'getChar' '([BI)C' in 'java/lang/StringLatin1')}
  0x00007fcb09e598ac: 0048 bf10 | 9b06 a4ca | 7f00 008b | 9ff4 0000 | 0083 c302 | 899f f400 | 0000 81e3 | feff 1f00 
  0x00007fcb09e598cc: 85db 0f84 | b100 0000 

  0x00007fcb09e598d4: ; implicit exception: dispatches to 0x00007fcb09e599a6
  0x00007fcb09e598d4: 3b42 0c0f | 83d3 0000 | 0048 63c0 | 0fbe 4402 | 1025 ff00 | 0000 25ff | ff00 002b | f048 8bce 
  0x00007fcb09e598f4: 488b c148 | 83c4 605d 

  0x00007fcb09e598fc: ;   {poll_return}
  0x00007fcb09e598fc: 493b a748 | 0400 000f | 87b5 0000 

  0x00007fcb09e59908: ;   {metadata({method} {0x00007fcaaf023990} 'compareTo' '([B[BII)I' in 'java/lang/StringLatin1')}
  0x00007fcb09e59908: 00c3 49ba | 9039 02af | ca7f 0000 | 4c89 5424 | 0848 c704 | 24ff ffff 

  0x00007fcb09e59920: ;   {runtime_call counter_overflow Runtime1 stub}
  0x00007fcb09e59920: ffe8 5a23 

  0x00007fcb09e59924: ; ImmutableOopMap {rsi=Oop rdx=Oop }
                      ;*synchronization entry
                      ; - java.lang.StringLatin1::compareTo@-1
  0x00007fcb09e59924: 5f07 e9f7 

  0x00007fcb09e59928: ;   {metadata({method} {0x00007fcaaf423218} 'min' '(II)I' in 'java/lang/Math')}
  0x00007fcb09e59928: fdff ff49 | ba18 3242 | afca 7f00 | 004c 8954 | 2408 48c7 | 0424 ffff 

  0x00007fcb09e59940: ;   {runtime_call counter_overflow Runtime1 stub}
  0x00007fcb09e59940: ffff e839 

  0x00007fcb09e59944: ; ImmutableOopMap {rsi=Oop rdx=Oop }
                      ;*synchronization entry
                      ; - java.lang.Math::min@-1
                      ; - java.lang.StringLatin1::compareTo@2
  0x00007fcb09e59944: 235f 07e9 | 0ffe ffff 

  0x00007fcb09e5994c: ;   {metadata({method} {0x00007fcaaf023c50} 'getChar' '([BI)C' in 'java/lang/StringLatin1')}
  0x00007fcb09e5994c: 49ba 503c | 02af ca7f | 0000 4c89 | 5424 0848 | c704 24ff 

  0x00007fcb09e59960: ;   {runtime_call counter_overflow Runtime1 stub}
  0x00007fcb09e59960: ffff ffe8 

  0x00007fcb09e59964: ; ImmutableOopMap {rdx=Oop rsi=Oop }
                      ;*synchronization entry
                      ; - java.lang.StringLatin1::getChar@-1
                      ; - java.lang.StringLatin1::compareTo@30
  0x00007fcb09e59964: 1823 5f07 | e911 ffff 

  0x00007fcb09e5996c: ;   {runtime_call throw_null_pointer_exception Runtime1 stub}
  0x00007fcb09e5996c: ffe8 0e9f 

  0x00007fcb09e59970: ; ImmutableOopMap {rdx=Oop rsi=Oop }
                      ;*baload {reexecute=0 rethrow=0 return_oop=0}
                      ; - java.lang.StringLatin1::getChar@2
                      ; - java.lang.StringLatin1::compareTo@30
                      ;   {runtime_call throw_null_pointer_exception Runtime1 stub}
  0x00007fcb09e59970: 5e07 e809 

  0x00007fcb09e59974: ; ImmutableOopMap {rdx=Oop rsi=Oop }
                      ;*baload {reexecute=0 rethrow=0 return_oop=0}
                      ; - java.lang.StringLatin1::getChar@2
                      ; - java.lang.StringLatin1::compareTo@30
  0x00007fcb09e59974: 9f5e 0748 | 8904 2448 | 8974 2408 

  0x00007fcb09e59980: ;   {runtime_call throw_range_check_failed Runtime1 stub}
  0x00007fcb09e59980: e8fb 955e 

  0x00007fcb09e59984: ; ImmutableOopMap {rdx=Oop rsi=Oop }
                      ;*baload {reexecute=0 rethrow=0 return_oop=0}
                      ; - java.lang.StringLatin1::getChar@2
                      ; - java.lang.StringLatin1::compareTo@30
                      ;   {metadata({method} {0x00007fcaaf023c50} 'getChar' '([BI)C' in 'java/lang/StringLatin1')}
  0x00007fcb09e59984: 0749 ba50 | 3c02 afca | 7f00 004c | 8954 2408 | 48c7 0424 | ffff ffff 

  0x00007fcb09e5999c: ;   {runtime_call counter_overflow Runtime1 stub}
  0x00007fcb09e5999c: e8df 225f 

  0x00007fcb09e599a0: ; ImmutableOopMap {rdx=Oop }
                      ;*synchronization entry
                      ; - java.lang.StringLatin1::getChar@-1
                      ; - java.lang.StringLatin1::compareTo@36
  0x00007fcb09e599a0: 07e9 2eff 

  0x00007fcb09e599a4: ;   {runtime_call throw_null_pointer_exception Runtime1 stub}
  0x00007fcb09e599a4: ffff e8d5 

  0x00007fcb09e599a8: ; ImmutableOopMap {rdx=Oop }
                      ;*baload {reexecute=0 rethrow=0 return_oop=0}
                      ; - java.lang.StringLatin1::getChar@2
                      ; - java.lang.StringLatin1::compareTo@36
                      ;   {runtime_call throw_null_pointer_exception Runtime1 stub}
  0x00007fcb09e599a8: 9e5e 07e8 

  0x00007fcb09e599ac: ; ImmutableOopMap {rdx=Oop }
                      ;*baload {reexecute=0 rethrow=0 return_oop=0}
                      ; - java.lang.StringLatin1::getChar@2
                      ; - java.lang.StringLatin1::compareTo@36
  0x00007fcb09e599ac: d09e 5e07 | 4889 0424 | 4889 5424 

  0x00007fcb09e599b8: ;   {runtime_call throw_range_check_failed Runtime1 stub}
  0x00007fcb09e599b8: 08e8 c295 

  0x00007fcb09e599bc: ; ImmutableOopMap {rdx=Oop }
                      ;*baload {reexecute=0 rethrow=0 return_oop=0}
                      ; - java.lang.StringLatin1::getChar@2
                      ; - java.lang.StringLatin1::compareTo@36
                      ;   {internal_word}
  0x00007fcb09e599bc: 5e07 49ba | fc98 e509 | cb7f 0000 | 4d89 9760 

  0x00007fcb09e599cc: ;   {runtime_call SafepointBlob}
  0x00007fcb09e599cc: 0400 00e9 | ac21 5307 | 498b 87f8 | 0400 0049 | c787 f804 | 0000 0000 | 0000 49c7 | 8700 0500 
  0x00007fcb09e599ec: 0000 0000 | 0048 83c4 

  0x00007fcb09e599f4: ;   {runtime_call unwind_exception Runtime1 stub}
  0x00007fcb09e599f4: 605d e985 | 8f5e 07f4 | f4f4 f4f4 
[Stub Code]
  0x00007fcb09e59a00: ;   {no_reloc}
  0x00007fcb09e59a00: 48bb 0000 | 0000 0000 

  0x00007fcb09e59a08: ;   {runtime_call nmethod}
  0x00007fcb09e59a08: 0000 e9fb 

  0x00007fcb09e59a0c: ;   {runtime_call handle_exception_from_callee Runtime1 stub}
  0x00007fcb09e59a0c: ffff ffe8 | 6cdf 5e07 

  0x00007fcb09e59a14: ;   {external_word}
  0x00007fcb09e59a14: 48bf 0677 | 5123 cb7f | 0000 4883 

  0x00007fcb09e59a20: ;   {runtime_call MacroAssembler::debug64(char*, long, long*)}
  0x00007fcb09e59a20: e4f0 e8e9 | 0b1a 19f4 
[Deopt Handler Code]
  0x00007fcb09e59a28: ;   {section_word}
  0x00007fcb09e59a28: 49ba 289a | e509 cb7f | 0000 4152 

  0x00007fcb09e59a34: ;   {runtime_call DeoptimizationBlob}
  0x00007fcb09e59a34: e967 1853 | 07f4 f4f4 | f4f4 f4f4 
[/MachCode]


Compiled method (c1) 225  315       3       java.lang.StringLatin1::compareTo (14 bytes)
 total in heap  [0x00007fcb09e58590,0x00007fcb09e58928] = 920
 relocation     [0x00007fcb09e586e8,0x00007fcb09e58728] = 64
 main code      [0x00007fcb09e58740,0x00007fcb09e58830] = 240
 stub code      [0x00007fcb09e58830,0x00007fcb09e58870] = 64
 metadata       [0x00007fcb09e58870,0x00007fcb09e58878] = 8
 scopes data    [0x00007fcb09e58878,0x00007fcb09e588a8] = 48
 scopes pcs     [0x00007fcb09e588a8,0x00007fcb09e58908] = 96
 dependencies   [0x00007fcb09e58908,0x00007fcb09e58910] = 8
 nul chk table  [0x00007fcb09e58910,0x00007fcb09e58928] = 24

[Constant Pool (empty)]

[MachCode]
[Verified Entry Point]
  # {method} {0x00007fcaaf0239e8} 'compareTo' '([B[B)I' in 'java/lang/StringLatin1'
  # parm0:    rsi:rsi   = '[B'
  # parm1:    rdx:rdx   = '[B'
  #           [sp+0x40]  (sp of caller)
  0x00007fcb09e58740: 8984 2400 | c0fe ff55 | 4883 ec30 | 4181 7f20 | 0100 0000 

  0x00007fcb09e58754: ;   {runtime_call StubRoutines (final stubs)}
  0x00007fcb09e58754: 7405 e865 

  0x00007fcb09e58758: ;   {metadata(method data for {method} {0x00007fcaaf0239e8} 'compareTo' '([B[B)I' in 'java/lang/StringLatin1')}
  0x00007fcb09e58758: 2e51 0748 | b928 b106 | a4ca 7f00 | 0044 8b81 | f400 0000 | 4183 c002 | 4489 81f4 | 0000 0041 
  0x00007fcb09e58778: 81e0 fe07 | 0000 4585 | c00f 8440 | 0000 008b | 4e0c 448b 

  0x00007fcb09e5878c: ;   {metadata(method data for {method} {0x00007fcaaf0239e8} 'compareTo' '([B[B)I' in 'java/lang/StringLatin1')}
  0x00007fcb09e5878c: 420c 48bf | 28b1 06a4 | ca7f 0000 | 4883 8738 | 0100 0001 | 0f1f 8000 

  0x00007fcb09e587a4: ;   {static_call}
  0x00007fcb09e587a4: 0000 00e8 

  0x00007fcb09e587a8: ; ImmutableOopMap {}
                      ;*invokestatic compareTo {reexecute=0 rethrow=0 return_oop=0}
                      ; - java.lang.StringLatin1::compareTo@10
  0x00007fcb09e587a8: 340f 0000 

  0x00007fcb09e587ac: ;   {other}
  0x00007fcb09e587ac: 0f1f 8400 | 1c02 0000 | 4883 c430 

  0x00007fcb09e587b8: ;   {poll_return}
  0x00007fcb09e587b8: 5d49 3ba7 | 4804 0000 | 0f87 2900 

  0x00007fcb09e587c4: ;   {metadata({method} {0x00007fcaaf0239e8} 'compareTo' '([B[B)I' in 'java/lang/StringLatin1')}
  0x00007fcb09e587c4: 0000 c349 | bae8 3902 | afca 7f00 | 004c 8954 | 2408 48c7 | 0424 ffff 

  0x00007fcb09e587dc: ;   {runtime_call counter_overflow Runtime1 stub}
  0x00007fcb09e587dc: ffff e89d 

  0x00007fcb09e587e0: ; ImmutableOopMap {rsi=Oop rdx=Oop }
                      ;*synchronization entry
                      ; - java.lang.StringLatin1::compareTo@-1
  0x00007fcb09e587e0: 345f 07eb 

  0x00007fcb09e587e4: ;   {runtime_call throw_null_pointer_exception Runtime1 stub}
  0x00007fcb09e587e4: a2e8 96b0 

  0x00007fcb09e587e8: ; ImmutableOopMap {rsi=Oop rdx=Oop }
                      ;*arraylength {reexecute=0 rethrow=0 return_oop=0}
                      ; - java.lang.StringLatin1::compareTo@1
                      ;   {runtime_call throw_null_pointer_exception Runtime1 stub}
  0x00007fcb09e587e8: 5e07 e891 

  0x00007fcb09e587ec: ; ImmutableOopMap {rsi=Oop rdx=Oop }
                      ;*arraylength {reexecute=0 rethrow=0 return_oop=0}
                      ; - java.lang.StringLatin1::compareTo@4
                      ;   {internal_word}
  0x00007fcb09e587ec: b05e 0749 | bab9 87e5 | 09cb 7f00 | 004d 8997 | 6004 0000 

  0x00007fcb09e58800: ;   {runtime_call SafepointBlob}
  0x00007fcb09e58800: e97b 3353 | 0749 8b87 | f804 0000 | 49c7 87f8 | 0400 0000 | 0000 0049 | c787 0005 | 0000 0000 
  0x00007fcb09e58820: 0000 4883 

  0x00007fcb09e58824: ;   {runtime_call unwind_exception Runtime1 stub}
  0x00007fcb09e58824: c430 5de9 | 54a1 5e07 | f4f4 f4f4 
[Stub Code]
  0x00007fcb09e58830: ;   {no_reloc}
  0x00007fcb09e58830: 48bb 9039 | 02af ca7f 

  0x00007fcb09e58838: ;   {runtime_call I2C/C2I adapters}
  0x00007fcb09e58838: 0000 e9af 

  0x00007fcb09e5883c: ;   {runtime_call handle_exception_from_callee Runtime1 stub}
  0x00007fcb09e5883c: f851 07e8 | 3cf1 5e07 

  0x00007fcb09e58844: ;   {external_word}
  0x00007fcb09e58844: 48bf 0677 | 5123 cb7f | 0000 4883 

  0x00007fcb09e58850: ;   {runtime_call MacroAssembler::debug64(char*, long, long*)}
  0x00007fcb09e58850: e4f0 e8b9 | 1d1a 19f4 
[Deopt Handler Code]
  0x00007fcb09e58858: ;   {section_word}
  0x00007fcb09e58858: 49ba 5888 | e509 cb7f | 0000 4152 

  0x00007fcb09e58864: ;   {runtime_call DeoptimizationBlob}
  0x00007fcb09e58864: e937 2a53 | 07f4 f4f4 | f4f4 f4f4 
[/MachCode]


---------------  P R O C E S S  ---------------

Threads class SMR info:
_java_thread_list=0x00007fcb1c1635d0, length=10, elements={
0x00007fcb1c02b780, 0x00007fcb1c0e45a0, 0x00007fcb1c0e5b00, 0x00007fcb1c0e7280,
0x00007fcb1c0e8820, 0x00007fcb1c0e9db0, 0x00007fcb1c0eb8e0, 0x00007fcb1c0ecf90,
0x00007fcb1c1588a0, 0x00007fcb1c162530
}

Java Threads: ( => current thread )
=>0x00007fcb1c02b780 JavaThread "main"                              [_thread_in_Java, id=40694, stack(0x00007fcb2221a000,0x00007fcb2231a000) (1024K)]
  0x00007fcb1c0e45a0 JavaThread "Reference Handler"          daemon [_thread_blocked, id=40711, stack(0x00007fcb20492000,0x00007fcb20592000) (1024K)]
  0x00007fcb1c0e5b00 JavaThread "Finalizer"                  daemon [_thread_blocked, id=40712, stack(0x00007fcb20392000,0x00007fcb20492000) (1024K)]
  0x00007fcb1c0e7280 JavaThread "Signal Dispatcher"          daemon [_thread_blocked, id=40713, stack(0x00007fcb20292000,0x00007fcb20392000) (1024K)]
  0x00007fcb1c0e8820 JavaThread "Service Thread"             daemon [_thread_blocked, id=40714, stack(0x00007fcb20192000,0x00007fcb20292000) (1024K)]
  0x00007fcb1c0e9db0 JavaThread "Monitor Deflation Thread"   daemon [_thread_blocked, id=40715, stack(0x00007fcb20092000,0x00007fcb20192000) (1024K)]
  0x00007fcb1c0eb8e0 JavaThread "C2 CompilerThread0"         daemon [_thread_blocked, id=40716, stack(0x00007fcb07e18000,0x00007fcb07f18000) (1024K)]
  0x00007fcb1c0ecf90 JavaThread "C1 CompilerThread0"         daemon [_thread_blocked, id=40717, stack(0x00007fcb05d00000,0x00007fcb05e00000) (1024K)]
  0x00007fcb1c1588a0 JavaThread "Notification Thread"        daemon [_thread_blocked, id=40718, stack(0x00007fcb05c00000,0x00007fcb05d00000) (1024K)]
  0x00007fcb1c162530 JavaThread "Common-Cleaner"             daemon [_thread_blocked, id=40719, stack(0x00007fcb05b00000,0x00007fcb05c00000) (1024K)]
Total: 10

Other Threads:
  0x00007fcb1c0d2d60 VMThread "VM Thread"                           [id=40708, stack(0x00007fcb208a0000,0x00007fcb209a0000) (1024K)]
  0x00007fcb1c0c1330 WatcherThread "VM Periodic Task Thread"        [id=40706, stack(0x00007fcb209a1000,0x00007fcb20aa1000) (1024K)]
  0x00007fcb1c082ad0 WorkerThread "GC Thread#0"                     [id=40695, stack(0x00007fcb21386000,0x00007fcb21486000) (1024K)]
  0x00007fcb1c093800 ConcurrentGCThread "G1 Main Marker"            [id=40697, stack(0x00007fcb21285000,0x00007fcb21385000) (1024K)]
  0x00007fcb1c0947a0 WorkerThread "G1 Conc#0"                       [id=40698, stack(0x00007fcb21184000,0x00007fcb21284000) (1024K)]
  0x00007fcb1c0adce0 ConcurrentGCThread "G1 Refine#0"               [id=40699, stack(0x00007fcb20c7f000,0x00007fcb20d7f000) (1024K)]
  0x00007fcb1c0aec90 ConcurrentGCThread "G1 Service"                [id=40700, stack(0x00007fcb20b7e000,0x00007fcb20c7e000) (1024K)]
Total: 7

Threads with active compile tasks:
Total: 0

VM state: not at safepoint (normal execution)

VM Mutex/Monitor currently owned by a thread: None

Heap address: 0x0000000084600000, size: 1978 MB, Compressed Oops mode: 32-bit

CDS archive(s) mapped at: [0x00007fcaaf000000-0x00007fcaafbb6000-0x00007fcaafbb6000), size 12279808, SharedBaseAddress: 0x00007fcaaf000000, ArchiveRelocationMode: 1.
Compressed class space mapped at: 0x00007fcab0000000-0x00007fcaf0000000, reserved size: 1073741824
Narrow klass base: 0x00007fcaaf000000, Narrow klass shift: 0, Narrow klass range: 0x100000000

GC Precious Log:
 CardTable entry size: 512
 Card Set container configuration: InlinePtr #cards 5 size 8 Array Of Cards #cards 12 size 40 Howl #buckets 4 coarsen threshold 1843 Howl Bitmap #cards 512 size 80 coarsen threshold 460 Card regions per heap region 1 cards per card region 2048
 CPUs: 8 total, 4 available
 Memory: 7910M
 Large Page Support: Disabled
 NUMA Support: Disabled
 Compressed Oops: Enabled (32-bit)
 Heap Region Size: 1M
 Heap Min Capacity: 8M
 Heap Initial Capacity: 8M
 Heap Max Capacity: 1978M
 Pre-touch: Disabled
 Parallel Workers: 4
 Concurrent Workers: 1
 Concurrent Refinement Workers: 4
 Periodic GC: Disabled

Heap:
 garbage-first heap   total 10240K, used 3114K [0x0000000084600000, 0x0000000100000000)
  region size 1024K, 3 young (3072K), 0 survivors (0K)
 Metaspace       used 732K, committed 896K, reserved 1114112K
  class space    used 80K, committed 192K, reserved 1048576K

Heap Regions: E=young(eden), S=young(survivor), O=old, HS=humongous(starts), HC=humongous(continues), CS=collection set, F=free, TAMS=top-at-mark-start, PB=parsable bottom
|   0|0x0000000084600000, 0x0000000084600000, 0x0000000084700000|  0%| F|  |TAMS 0x0000000084600000| PB 0x0000000084600000| Untracked 
|   1|0x0000000084700000, 0x0000000084700000, 0x0000000084800000|  0%| F|  |TAMS 0x0000000084700000| PB 0x0000000084700000| Untracked 
|   2|0x0000000084800000, 0x0000000084800000, 0x0000000084900000|  0%| F|  |TAMS 0x0000000084800000| PB 0x0000000084800000| Untracked 
|   3|0x0000000084900000, 0x0000000084900000, 0x0000000084a00000|  0%| F|  |TAMS 0x0000000084900000| PB 0x0000000084900000| Untracked 
|   4|0x0000000084a00000, 0x0000000084a00000, 0x0000000084b00000|  0%| F|  |TAMS 0x0000000084a00000| PB 0x0000000084a00000| Untracked 
|   5|0x0000000084b00000, 0x0000000084b400b8, 0x0000000084c00000| 25%| E|  |TAMS 0x0000000084b00000| PB 0x0000000084b00000| Complete 
|   6|0x0000000084c00000, 0x0000000084d00000, 0x0000000084d00000|100%| E|CS|TAMS 0x0000000084c00000| PB 0x0000000084c00000| Complete 
|   7|0x0000000084d00000, 0x0000000084e00000, 0x0000000084e00000|100%| E|CS|TAMS 0x0000000084d00000| PB 0x0000000084d00000| Complete 
|1976|0x00000000ffe00000, 0x00000000fff00000, 0x00000000fff00000|100%| O|  |TAMS 0x00000000ffe00000| PB 0x00000000ffe00000| Untracked 
|1977|0x00000000fff00000, 0x00000000fff0aa80, 0x0000000100000000|  4%| O|  |TAMS 0x00000000fff00000| PB 0x00000000fff00000| Untracked 

Card table byte_map: [0x00007fcb21486000,0x00007fcb21863000] _byte_map_base: 0x00007fcb21063000

Marking Bits: (CMBitMap*) 0x00007fcb1c0835f0
 Bits: [0x00007fcb07f18000, 0x00007fcb09e00000)

Polling page: 0x00007fcb23c9e000

Metaspace:

Usage:
  Non-class:    652,41 KB used.
      Class:     80,38 KB used.
       Both:    732,79 KB used.

Virtual space:
  Non-class space:       64,00 MB reserved,     704,00 KB (  1%) committed,  1 nodes.
      Class space:        1,00 GB reserved,     192,00 KB ( <1%) committed,  1 nodes.
             Both:        1,06 GB reserved,     896,00 KB ( <1%) committed. 

Chunk freelists:
   Non-Class:  11,77 MB
       Class:  15,68 MB
        Both:  27,45 MB

MaxMetaspaceSize: unlimited
CompressedClassSpaceSize: 1,00 GB
Initial GC threshold: 21,00 MB
Current GC threshold: 21,00 MB
CDS: on
 - commit_granule_bytes: 65536.
 - commit_granule_words: 8192.
 - virtual_space_node_default_size: 8388608.
 - enlarge_chunks_in_place: 1.
 - use_allocation_guard: 0.


Internal statistics:

num_allocs_failed_limit: 0.
num_arena_births: 52.
num_arena_deaths: 0.
num_vsnodes_births: 2.
num_vsnodes_deaths: 0.
num_space_committed: 14.
num_space_uncommitted: 0.
num_chunks_returned_to_freelist: 0.
num_chunks_taken_from_freelist: 78.
num_chunk_merges: 0.
num_chunk_splits: 44.
num_chunks_enlarged: 25.
num_inconsistent_stats: 0.

CodeHeap 'non-profiled nmethods': size=120032Kb used=105Kb max_used=105Kb free=119926Kb
 bounds [0x00007fcb118c8000, 0x00007fcb11b38000, 0x00007fcb18e00000]
CodeHeap 'profiled nmethods': size=120028Kb used=369Kb max_used=369Kb free=119658Kb
 bounds [0x00007fcb09e00000, 0x00007fcb0a070000, 0x00007fcb11337000]
CodeHeap 'non-nmethods': size=5700Kb used=1266Kb max_used=1280Kb free=4433Kb
 bounds [0x00007fcb11337000, 0x00007fcb115a7000, 0x00007fcb118c8000]
 total_blobs=723 nmethods=326 adapters=304
 compilation: enabled
              stopped_count=0, restarted_count=0
 full_count=0

Compilation events (20 events):
Event: 0,160 Thread 0x00007fcb1c0ecf90 nmethod 319 0x00007fcb09e57e10 code [0x00007fcb09e57fe0, 0x00007fcb09e583b8]
Event: 0,160 Thread 0x00007fcb1c0ecf90  315       3       java.lang.StringLatin1::compareTo (14 bytes)
Event: 0,160 Thread 0x00007fcb1c0ecf90 nmethod 315 0x00007fcb09e58590 code [0x00007fcb09e58740, 0x00007fcb09e58870]
Event: 0,160 Thread 0x00007fcb1c0ecf90  314       3       java.lang.String::compareTo (63 bytes)
Event: 0,160 Thread 0x00007fcb1c0ecf90 nmethod 314 0x00007fcb09e58990 code [0x00007fcb09e58ba0, 0x00007fcb09e58fa0]
Event: 0,160 Thread 0x00007fcb1c0ecf90  317       3       java.lang.Long::numberOfTrailingZeros (26 bytes)
Event: 0,160 Thread 0x00007fcb1c0ecf90 nmethod 317 0x00007fcb09e59110 code [0x00007fcb09e592c0, 0x00007fcb09e59470]
Event: 0,160 Thread 0x00007fcb1c0ecf90  318       3       java.lang.StringLatin1::compareTo (41 bytes)
Event: 0,160 Thread 0x00007fcb1c0eb8e0  323       4       java.lang.StringLatin1::getChar (9 bytes)
Event: 0,161 Thread 0x00007fcb1c0ecf90 nmethod 318 0x00007fcb09e59510 code [0x00007fcb09e596e0, 0x00007fcb09e59a40]
Event: 0,161 Thread 0x00007fcb1c0ecf90  320       3       java.lang.String::compareTo (9 bytes)
Event: 0,161 Thread 0x00007fcb1c0ecf90 nmethod 320 0x00007fcb09e59c10 code [0x00007fcb09e59dc0, 0x00007fcb09e59fe8]
Event: 0,161 Thread 0x00007fcb1c0ecf90  313       1       java.nio.DirectByteBuffer::attachment (5 bytes)
Event: 0,161 Thread 0x00007fcb1c0ecf90 nmethod 313 0x00007fcb118e1e90 code [0x00007fcb118e2020, 0x00007fcb118e20e0]
Event: 0,161 Thread 0x00007fcb1c0ecf90  322       3       java.nio.MappedByteBuffer::position (6 bytes)
Event: 0,161 Thread 0x00007fcb1c0ecf90 nmethod 322 0x00007fcb09e5a090 code [0x00007fcb09e5a240, 0x00007fcb09e5a448]
Event: 0,161 Thread 0x00007fcb1c0ecf90  321       3       java.lang.Integer::numberOfTrailingZeros (80 bytes)
Event: 0,161 Thread 0x00007fcb1c0eb8e0 nmethod 323 0x00007fcb118e2190 code [0x00007fcb118e2300, 0x00007fcb118e23a0]
Event: 0,161 Thread 0x00007fcb1c0ecf90 nmethod 321 0x00007fcb09e5a590 code [0x00007fcb09e5a740, 0x00007fcb09e5a970]
Event: 0,161 Thread 0x00007fcb1c0ecf90  324   !   3       java.nio.DirectByteBuffer::getInt (27 bytes)

GC Heap History (0 events):
No events

Dll operation events (5 events):
Event: 0,003 Loaded shared library /home/ccordeiro/.vscode/extensions/redhat.java-1.43.0-linux-x64/jre/21.0.7-linux-x86_64/lib/libjava.so
Event: 0,055 Loaded shared library /home/ccordeiro/.vscode/extensions/redhat.java-1.43.0-linux-x64/jre/21.0.7-linux-x86_64/lib/libzip.so
Event: 0,074 Loaded shared library /home/ccordeiro/.vscode/extensions/redhat.java-1.43.0-linux-x64/jre/21.0.7-linux-x86_64/lib/libnio.so
Event: 0,075 Loaded shared library /home/ccordeiro/.vscode/extensions/redhat.java-1.43.0-linux-x64/jre/21.0.7-linux-x86_64/lib/libjimage.so
Event: 0,087 Loaded shared library /home/ccordeiro/.vscode/extensions/redhat.java-1.43.0-linux-x64/jre/21.0.7-linux-x86_64/lib/libzip.so

Deoptimization events (4 events):
Event: 0,095 Thread 0x00007fcb1c02b780 Uncommon trap: trap_request=0xffffff45 fr.pc=0x00007fcb118cb8b8 relative=0x0000000000000098
Event: 0,095 Thread 0x00007fcb1c02b780 Uncommon trap: reason=unstable_if action=reinterpret pc=0x00007fcb118cb8b8 method=java.lang.String.hashCode()I @ 13 c2
Event: 0,095 Thread 0x00007fcb1c02b780 DEOPT PACKING pc=0x00007fcb118cb8b8 sp=0x00007fcb223170d0
Event: 0,095 Thread 0x00007fcb1c02b780 DEOPT UNPACKING pc=0x00007fcb1138af99 sp=0x00007fcb22317088 mode 2

Classes loaded (20 events):
Event: 0,123 Loading class java/lang/InstantiationException
Event: 0,123 Loading class java/lang/InstantiationException done
Event: 0,123 Loading class java/lang/reflect/InvocationTargetException
Event: 0,123 Loading class java/lang/reflect/InvocationTargetException done
Event: 0,124 Loading class jdk/internal/perf/Perf$CleanerAction
Event: 0,124 Loading class jdk/internal/perf/Perf$CleanerAction done
Event: 0,124 Loading class jdk/internal/foreign/MemorySessionImpl
Event: 0,124 Loading class java/lang/foreign/MemorySegment$Scope
Event: 0,125 Loading class java/lang/foreign/MemorySegment$Scope done
Event: 0,125 Loading class jdk/internal/foreign/MemorySessionImpl done
Event: 0,138 Loading class java/net/MalformedURLException
Event: 0,138 Loading class java/net/MalformedURLException done
Event: 0,139 Loading class java/lang/InterruptedException
Event: 0,139 Loading class java/lang/InterruptedException done
Event: 0,141 Loading class sun/invoke/util/ValueConversions$1
Event: 0,142 Loading class sun/invoke/util/ValueConversions$1 done
Event: 0,142 Loading class java/lang/invoke/BoundMethodHandle$Species_LI
Event: 0,142 Loading class java/lang/invoke/BoundMethodHandle$Species_LI done
Event: 0,153 Loading class java/nio/HeapIntBuffer
Event: 0,153 Loading class java/nio/HeapIntBuffer done

Classes unloaded (0 events):
No events

Classes redefined (0 events):
No events

Internal exceptions (4 events):
Event: 0,141 Thread 0x00007fcb1c02b780 Exception <a 'java/lang/NoSuchMethodError'{0x0000000084ce22e8}: 'java.lang.Object java.lang.invoke.DirectMethodHandle$Holder.newInvokeSpecial(java.lang.Object, java.lang.Object, int)'> (0x0000000084ce22e8) 
thrown [src/hotspot/share/interpreter/linkResolver.cpp, line 772]
Event: 0,142 Thread 0x00007fcb1c02b780 Exception <a 'java/lang/NoSuchMethodError'{0x0000000084ce6d68}: 'int java.lang.invoke.DirectMethodHandle$Holder.invokeSpecial(java.lang.Object, java.lang.Object, java.lang.Object, int)'> (0x0000000084ce6d68) 
thrown [src/hotspot/share/interpreter/linkResolver.cpp, line 772]
Event: 0,147 Thread 0x00007fcb1c02b780 Exception <a 'java/lang/NoSuchMethodError'{0x0000000084cf9818}: 'java.lang.Object java.lang.invoke.DirectMethodHandle$Holder.invokeStatic(java.lang.Object, java.lang.Object, java.lang.Object, java.lang.Object, int)'> (0x0000000084cf9818) 
thrown [src/hotspot/share/interpreter/linkResolver.cpp, line 772]
Event: 0,149 Thread 0x00007fcb1c02b780 Exception <a 'java/lang/NoSuchMethodError'{0x0000000084b026e8}: 'int java.lang.invoke.DirectMethodHandle$Holder.invokeSpecial(java.lang.Object, java.lang.Object, java.lang.Object)'> (0x0000000084b026e8) 
thrown [src/hotspot/share/interpreter/linkResolver.cpp, line 772]

ZGC Phase Switch (0 events):
No events

VM Operations (0 events):
No events

Memory protections (10 events):
Event: 0,003 Protecting memory [0x00007fcb2221a000,0x00007fcb2221e000] with protection modes 0
Event: 0,038 Protecting memory [0x00007fcb20492000,0x00007fcb20496000] with protection modes 0
Event: 0,039 Protecting memory [0x00007fcb20392000,0x00007fcb20396000] with protection modes 0
Event: 0,039 Protecting memory [0x00007fcb20292000,0x00007fcb20296000] with protection modes 0
Event: 0,039 Protecting memory [0x00007fcb20192000,0x00007fcb20196000] with protection modes 0
Event: 0,039 Protecting memory [0x00007fcb20092000,0x00007fcb20096000] with protection modes 0
Event: 0,040 Protecting memory [0x00007fcb07e18000,0x00007fcb07e1c000] with protection modes 0
Event: 0,040 Protecting memory [0x00007fcb05d00000,0x00007fcb05d04000] with protection modes 0
Event: 0,072 Protecting memory [0x00007fcb05c00000,0x00007fcb05c04000] with protection modes 0
Event: 0,086 Protecting memory [0x00007fcb05b00000,0x00007fcb05b04000] with protection modes 0

Nmethod flushes (0 events):
No events

Events (10 events):
Event: 0,024 Thread 0x00007fcb1c02b780 Thread added: 0x00007fcb1c02b780
Event: 0,038 Thread 0x00007fcb1c02b780 Thread added: 0x00007fcb1c0e45a0
Event: 0,039 Thread 0x00007fcb1c02b780 Thread added: 0x00007fcb1c0e5b00
Event: 0,039 Thread 0x00007fcb1c02b780 Thread added: 0x00007fcb1c0e7280
Event: 0,039 Thread 0x00007fcb1c02b780 Thread added: 0x00007fcb1c0e8820
Event: 0,039 Thread 0x00007fcb1c02b780 Thread added: 0x00007fcb1c0e9db0
Event: 0,039 Thread 0x00007fcb1c02b780 Thread added: 0x00007fcb1c0eb8e0
Event: 0,040 Thread 0x00007fcb1c02b780 Thread added: 0x00007fcb1c0ecf90
Event: 0,072 Thread 0x00007fcb1c02b780 Thread added: 0x00007fcb1c1588a0
Event: 0,086 Thread 0x00007fcb1c02b780 Thread added: 0x00007fcb1c162530


Dynamic libraries:
84600000-84e00000 rw-p 00000000 00:00 0 
84e00000-ffe00000 ---p 00000000 00:00 0 
ffe00000-fff0b000 rw-p 00bf2000 00:26 2260517                            /home/ccordeiro/.vscode/extensions/redhat.java-1.43.0-linux-x64/jre/21.0.7-linux-x86_64/lib/server/classes.jsa
fff0b000-100000000 rw-p 00000000 00:00 0 
55f70e369000-55f70e36a000 r-xp 00000000 00:26 2260108                    /home/ccordeiro/.vscode/extensions/redhat.java-1.43.0-linux-x64/jre/21.0.7-linux-x86_64/bin/jcmd
55f70e36b000-55f70e36c000 r--p 00001000 00:26 2260108                    /home/ccordeiro/.vscode/extensions/redhat.java-1.43.0-linux-x64/jre/21.0.7-linux-x86_64/bin/jcmd
55f70e36c000-55f70e36d000 rw-p 00002000 00:26 2260108                    /home/ccordeiro/.vscode/extensions/redhat.java-1.43.0-linux-x64/jre/21.0.7-linux-x86_64/bin/jcmd
55f7241dc000-55f724222000 rw-p 00000000 00:00 0                          [heap]
7fca7c000000-7fca7c021000 rw-p 00000000 00:00 0 
7fca7c021000-7fca80000000 ---p 00000000 00:00 0 
7fca80000000-7fca80021000 rw-p 00000000 00:00 0 
7fca80021000-7fca84000000 ---p 00000000 00:00 0 
7fca84000000-7fca84109000 rw-p 00000000 00:00 0 
7fca84109000-7fca88000000 ---p 00000000 00:00 0 
7fca88000000-7fca88109000 rw-p 00000000 00:00 0 
7fca88109000-7fca8c000000 ---p 00000000 00:00 0 
7fca8c000000-7fca8c021000 rw-p 00000000 00:00 0 
7fca8c021000-7fca90000000 ---p 00000000 00:00 0 
7fca90000000-7fca90021000 rw-p 00000000 00:00 0 
7fca90021000-7fca94000000 ---p 00000000 00:00 0 
7fca94000000-7fca94021000 rw-p 00000000 00:00 0 
7fca94021000-7fca98000000 ---p 00000000 00:00 0 
7fca98000000-7fca98021000 rw-p 00000000 00:00 0 
7fca98021000-7fca9c000000 ---p 00000000 00:00 0 
7fca9c000000-7fca9c021000 rw-p 00000000 00:00 0 
7fca9c021000-7fcaa0000000 ---p 00000000 00:00 0 
7fcaa0000000-7fcaa0021000 rw-p 00000000 00:00 0 
7fcaa0021000-7fcaa4000000 ---p 00000000 00:00 0 
7fcaa4000000-7fcaa4070000 rw-p 00000000 00:00 0 
7fcaa4070000-7fcaa4400000 ---p 00000000 00:00 0 
7fcaa4400000-7fcaa4440000 rw-p 00000000 00:00 0 
7fcaa4440000-7fcaa8000000 ---p 00000000 00:00 0 
7fcaa8000000-7fcaa8021000 rw-p 00000000 00:00 0 
7fcaa8021000-7fcaac000000 ---p 00000000 00:00 0 
7fcaaf000000-7fcaafbb6000 rw-p 00001000 00:26 2260517                    /home/ccordeiro/.vscode/extensions/redhat.java-1.43.0-linux-x64/jre/21.0.7-linux-x86_64/lib/server/classes.jsa
7fcaafbb6000-7fcab0000000 ---p 00000000 00:00 0 
7fcab0000000-7fcab0020000 rw-p 00000000 00:00 0 
7fcab0020000-7fcab0040000 ---p 00000000 00:00 0 
7fcab0040000-7fcab0050000 rw-p 00000000 00:00 0 
7fcab0050000-7fcaf0000000 ---p 00000000 00:00 0 
7fcaf0000000-7fcaf0021000 rw-p 00000000 00:00 0 
7fcaf0021000-7fcaf4000000 ---p 00000000 00:00 0 
7fcaf4000000-7fcaf4021000 rw-p 00000000 00:00 0 
7fcaf4021000-7fcaf8000000 ---p 00000000 00:00 0 
7fcaf8000000-7fcaf8021000 rw-p 00000000 00:00 0 
7fcaf8021000-7fcafc000000 ---p 00000000 00:00 0 
7fcafc000000-7fcafc021000 rw-p 00000000 00:00 0 
7fcafc021000-7fcb00000000 ---p 00000000 00:00 0 
7fcb00000000-7fcb00021000 rw-p 00000000 00:00 0 
7fcb00021000-7fcb04000000 ---p 00000000 00:00 0 
7fcb05697000-7fcb05b00000 rw-p 00000000 00:00 0 
7fcb05b00000-7fcb05b04000 ---p 00000000 00:00 0 
7fcb05b04000-7fcb05c00000 rw-p 00000000 00:00 0 
7fcb05c00000-7fcb05c04000 ---p 00000000 00:00 0 
7fcb05c04000-7fcb05d00000 rw-p 00000000 00:00 0 
7fcb05d00000-7fcb05d04000 ---p 00000000 00:00 0 
7fcb05d04000-7fcb05e00000 rw-p 00000000 00:00 0 
7fcb05e00000-7fcb07e00000 rw-p 00000000 00:00 0 
7fcb07e18000-7fcb07e1c000 ---p 00000000 00:00 0 
7fcb07e1c000-7fcb07f18000 rw-p 00000000 00:00 0 
7fcb07f18000-7fcb07f38000 rw-p 00000000 00:00 0 
7fcb07f38000-7fcb09df8000 ---p 00000000 00:00 0 
7fcb09df8000-7fcb09e00000 rw-p 00000000 00:00 0 
7fcb09e00000-7fcb0a070000 rwxp 00000000 00:00 0 
7fcb0a070000-7fcb11337000 ---p 00000000 00:00 0 
7fcb11337000-7fcb115a7000 rwxp 00000000 00:00 0 
7fcb115a7000-7fcb118c8000 ---p 00000000 00:00 0 
7fcb118c8000-7fcb11b38000 rwxp 00000000 00:00 0 
7fcb11b38000-7fcb18e00000 ---p 00000000 00:00 0 
7fcb18e00000-7fcb1bfce000 r--s 00000000 00:26 2260507                    /home/ccordeiro/.vscode/extensions/redhat.java-1.43.0-linux-x64/jre/21.0.7-linux-x86_64/lib/modules
7fcb1bfda000-7fcb1bfff000 r--p 00000000 00:26 2402773                    /usr/share/locale/pt_BR/LC_MESSAGES/libc.mo
7fcb1c000000-7fcb1c210000 rw-p 00000000 00:00 0 
7fcb1c210000-7fcb20000000 ---p 00000000 00:00 0 
7fcb20012000-7fcb20042000 rw-p 00000000 00:00 0 
7fcb20042000-7fcb2004a000 r--s 00000000 00:30 762                        /tmp/hsperfdata_ccordeiro/24375
7fcb2004a000-7fcb20056000 r-xp 00000000 00:26 2260497                    /home/ccordeiro/.vscode/extensions/redhat.java-1.43.0-linux-x64/jre/21.0.7-linux-x86_64/lib/libnet.so
7fcb20056000-7fcb20057000 r--p 0000b000 00:26 2260497                    /home/ccordeiro/.vscode/extensions/redhat.java-1.43.0-linux-x64/jre/21.0.7-linux-x86_64/lib/libnet.so
7fcb20057000-7fcb20058000 rw-p 0000c000 00:26 2260497                    /home/ccordeiro/.vscode/extensions/redhat.java-1.43.0-linux-x64/jre/21.0.7-linux-x86_64/lib/libnet.so
7fcb2005a000-7fcb2006e000 r-xp 00000000 00:26 2260498                    /home/ccordeiro/.vscode/extensions/redhat.java-1.43.0-linux-x64/jre/21.0.7-linux-x86_64/lib/libnio.so
7fcb2006e000-7fcb2006f000 r--p 00013000 00:26 2260498                    /home/ccordeiro/.vscode/extensions/redhat.java-1.43.0-linux-x64/jre/21.0.7-linux-x86_64/lib/libnio.so
7fcb2006f000-7fcb20070000 rw-p 00014000 00:26 2260498                    /home/ccordeiro/.vscode/extensions/redhat.java-1.43.0-linux-x64/jre/21.0.7-linux-x86_64/lib/libnio.so
7fcb20072000-7fcb2008d000 r-xp 00000000 00:26 2260506                    /home/ccordeiro/.vscode/extensions/redhat.java-1.43.0-linux-x64/jre/21.0.7-linux-x86_64/lib/libzip.so
7fcb2008d000-7fcb2008e000 r--p 0001a000 00:26 2260506                    /home/ccordeiro/.vscode/extensions/redhat.java-1.43.0-linux-x64/jre/21.0.7-linux-x86_64/lib/libzip.so
7fcb2008e000-7fcb2008f000 rw-p 0001b000 00:26 2260506                    /home/ccordeiro/.vscode/extensions/redhat.java-1.43.0-linux-x64/jre/21.0.7-linux-x86_64/lib/libzip.so
7fcb20092000-7fcb20096000 ---p 00000000 00:00 0 
7fcb20096000-7fcb20192000 rw-p 00000000 00:00 0 
7fcb20192000-7fcb20196000 ---p 00000000 00:00 0 
7fcb20196000-7fcb20292000 rw-p 00000000 00:00 0 
7fcb20292000-7fcb20296000 ---p 00000000 00:00 0 
7fcb20296000-7fcb20392000 rw-p 00000000 00:00 0 
7fcb20392000-7fcb20396000 ---p 00000000 00:00 0 
7fcb20396000-7fcb20492000 rw-p 00000000 00:00 0 
7fcb20492000-7fcb20496000 ---p 00000000 00:00 0 
7fcb20496000-7fcb20592000 rw-p 00000000 00:00 0 
7fcb20592000-7fcb205e6000 r--p 00000000 07:03 189                        /var/lib/snapd/snap/code/193/usr/lib/locale/aa_DJ.utf8/LC_CTYPE
7fcb205ea000-7fcb205eb000 r--p 00000000 07:03 280                        /var/lib/snapd/snap/code/193/usr/lib/locale/agr_PE/LC_NUMERIC
7fcb205f2000-7fcb205f3000 r--p 00000000 07:03 5477                       /var/lib/snapd/snap/code/193/usr/lib/locale/pt_BR.utf8/LC_TIME
7fcb205fa000-7fcb20872000 r--p 00000000 07:03 188                        /var/lib/snapd/snap/code/193/usr/lib/locale/aa_DJ.utf8/LC_COLLATE
7fcb20872000-7fcb20873000 r--p 00000000 07:03 5472                       /var/lib/snapd/snap/code/193/usr/lib/locale/pt_BR.utf8/LC_MONETARY
7fcb2087a000-7fcb2087b000 r--p 00000000 07:03 5471                       /var/lib/snapd/snap/code/193/usr/lib/locale/pt_BR.utf8/LC_MESSAGES/SYS_LC_MESSAGES
7fcb20882000-7fcb20883000 r--p 00000000 07:03 197                        /var/lib/snapd/snap/code/193/usr/lib/locale/aa_DJ.utf8/LC_PAPER
7fcb2088a000-7fcb2088b000 r--p 00000000 07:03 279                        /var/lib/snapd/snap/code/193/usr/lib/locale/agr_PE/LC_NAME
7fcb20892000-7fcb20899000 r--s 00000000 00:26 2658708                    /usr/lib64/gconv/gconv-modules.cache
7fcb2089f000-7fcb208a0000 ---p 00000000 00:00 0 
7fcb208a0000-7fcb209a0000 rw-p 00000000 00:00 0 
7fcb209a0000-7fcb209a1000 ---p 00000000 00:00 0 
7fcb209a1000-7fcb20aa1000 rw-p 00000000 00:00 0 
7fcb20aa1000-7fcb20b7d000 rw-p 00000000 00:00 0 
7fcb20b7d000-7fcb20b7e000 ---p 00000000 00:00 0 
7fcb20b7e000-7fcb20c7e000 rw-p 00000000 00:00 0 
7fcb20c7e000-7fcb20c7f000 ---p 00000000 00:00 0 
7fcb20c7f000-7fcb20d7f000 rw-p 00000000 00:00 0 
7fcb20d7f000-7fcb21183000 rw-p 00000000 00:00 0 
7fcb21183000-7fcb21184000 ---p 00000000 00:00 0 
7fcb21184000-7fcb21284000 rw-p 00000000 00:00 0 
7fcb21284000-7fcb21285000 ---p 00000000 00:00 0 
7fcb21285000-7fcb21385000 rw-p 00000000 00:00 0 
7fcb21385000-7fcb21386000 ---p 00000000 00:00 0 
7fcb21386000-7fcb21486000 rw-p 00000000 00:00 0 
7fcb21486000-7fcb2148a000 rw-p 00000000 00:00 0 
7fcb2148a000-7fcb21862000 ---p 00000000 00:00 0 
7fcb21862000-7fcb21867000 rw-p 00000000 00:00 0 
7fcb21867000-7fcb21c3f000 ---p 00000000 00:00 0 
7fcb21c3f000-7fcb22049000 rw-p 00000000 00:00 0 
7fcb22049000-7fcb2212f000 ---p 00000000 00:00 0 
7fcb2212f000-7fcb22134000 rw-p 00000000 00:00 0 
7fcb22134000-7fcb2221a000 ---p 00000000 00:00 0 
7fcb2221a000-7fcb2221e000 ---p 00000000 00:00 0 
7fcb2221e000-7fcb2231a000 rw-p 00000000 00:00 0 
7fcb2231a000-7fcb2231b000 r--p 00000000 00:26 2403363                    /usr/lib64/libm.so.6
7fcb2231b000-7fcb22394000 r-xp 00001000 00:26 2403363                    /usr/lib64/libm.so.6
7fcb22394000-7fcb223fe000 r--p 0007a000 00:26 2403363                    /usr/lib64/libm.so.6
7fcb223fe000-7fcb223ff000 r--p 000e3000 00:26 2403363                    /usr/lib64/libm.so.6
7fcb223ff000-7fcb22400000 rw-p 000e4000 00:26 2403363                    /usr/lib64/libm.so.6
7fcb22400000-7fcb2380f000 r-xp 00000000 00:26 2260521                    /home/ccordeiro/.vscode/extensions/redhat.java-1.43.0-linux-x64/jre/21.0.7-linux-x86_64/lib/server/libjvm.so
7fcb2380f000-7fcb23810000 ---p 0140f000 00:26 2260521                    /home/ccordeiro/.vscode/extensions/redhat.java-1.43.0-linux-x64/jre/21.0.7-linux-x86_64/lib/server/libjvm.so
7fcb23810000-7fcb238e4000 r--p 0140f000 00:26 2260521                    /home/ccordeiro/.vscode/extensions/redhat.java-1.43.0-linux-x64/jre/21.0.7-linux-x86_64/lib/server/libjvm.so
7fcb238e4000-7fcb23914000 rw-p 014e3000 00:26 2260521                    /home/ccordeiro/.vscode/extensions/redhat.java-1.43.0-linux-x64/jre/21.0.7-linux-x86_64/lib/server/libjvm.so
7fcb23914000-7fcb2397a000 rw-p 00000000 00:00 0 
7fcb2397a000-7fcb2397b000 r--p 00000000 07:03 5465                       /var/lib/snapd/snap/code/193/usr/lib/locale/pt_BR.utf8/LC_ADDRESS
7fcb23982000-7fcb23983000 r--p 00000000 07:03 5476                       /var/lib/snapd/snap/code/193/usr/lib/locale/pt_BR.utf8/LC_TELEPHONE
7fcb23987000-7fcb23a0a000 rw-p 00000000 00:00 0 
7fcb23a0a000-7fcb23a2a000 r-xp 00000000 00:26 2260483                    /home/ccordeiro/.vscode/extensions/redhat.java-1.43.0-linux-x64/jre/21.0.7-linux-x86_64/lib/libjava.so
7fcb23a2a000-7fcb23a2b000 ---p 00020000 00:26 2260483                    /home/ccordeiro/.vscode/extensions/redhat.java-1.43.0-linux-x64/jre/21.0.7-linux-x86_64/lib/libjava.so
7fcb23a2b000-7fcb23a2c000 r--p 00020000 00:26 2260483                    /home/ccordeiro/.vscode/extensions/redhat.java-1.43.0-linux-x64/jre/21.0.7-linux-x86_64/lib/libjava.so
7fcb23a2c000-7fcb23a2d000 rw-p 00021000 00:26 2260483                    /home/ccordeiro/.vscode/extensions/redhat.java-1.43.0-linux-x64/jre/21.0.7-linux-x86_64/lib/libjava.so
7fcb23a2d000-7fcb23a2e000 rw-p 00000000 00:00 0 
7fcb23a32000-7fcb23a4d000 r-xp 00000000 00:26 2260487                    /home/ccordeiro/.vscode/extensions/redhat.java-1.43.0-linux-x64/jre/21.0.7-linux-x86_64/lib/libjimage.so
7fcb23a4d000-7fcb23a4e000 ---p 0001b000 00:26 2260487                    /home/ccordeiro/.vscode/extensions/redhat.java-1.43.0-linux-x64/jre/21.0.7-linux-x86_64/lib/libjimage.so
7fcb23a4e000-7fcb23a50000 r--p 0001b000 00:26 2260487                    /home/ccordeiro/.vscode/extensions/redhat.java-1.43.0-linux-x64/jre/21.0.7-linux-x86_64/lib/libjimage.so
7fcb23a50000-7fcb23a51000 rw-p 0001d000 00:26 2260487                    /home/ccordeiro/.vscode/extensions/redhat.java-1.43.0-linux-x64/jre/21.0.7-linux-x86_64/lib/libjimage.so
7fcb23a52000-7fcb23a53000 r--p 00000000 00:26 2403371                    /usr/lib64/librt.so.1
7fcb23a53000-7fcb23a54000 r-xp 00001000 00:26 2403371                    /usr/lib64/librt.so.1
7fcb23a54000-7fcb23a55000 r--p 00002000 00:26 2403371                    /usr/lib64/librt.so.1
7fcb23a55000-7fcb23a56000 r--p 00002000 00:26 2403371                    /usr/lib64/librt.so.1
7fcb23a56000-7fcb23a57000 rw-p 00000000 00:00 0 
7fcb23a5a000-7fcb23a5b000 r--p 00000000 00:26 2403361                    /usr/lib64/libc.so.6
7fcb23a5b000-7fcb23bca000 r-xp 00001000 00:26 2403361                    /usr/lib64/libc.so.6
7fcb23bca000-7fcb23c3f000 r--p 00170000 00:26 2403361                    /usr/lib64/libc.so.6
7fcb23c3f000-7fcb23c43000 r--p 001e5000 00:26 2403361                    /usr/lib64/libc.so.6
7fcb23c43000-7fcb23c45000 rw-p 001e9000 00:26 2403361                    /usr/lib64/libc.so.6
7fcb23c45000-7fcb23c4d000 rw-p 00000000 00:00 0 
7fcb23c52000-7fcb23c53000 r--p 00000000 00:26 2403362                    /usr/lib64/libdl.so.2
7fcb23c53000-7fcb23c54000 r-xp 00001000 00:26 2403362                    /usr/lib64/libdl.so.2
7fcb23c54000-7fcb23c55000 r--p 00002000 00:26 2403362                    /usr/lib64/libdl.so.2
7fcb23c55000-7fcb23c56000 r--p 00002000 00:26 2403362                    /usr/lib64/libdl.so.2
7fcb23c56000-7fcb23c57000 rw-p 00000000 00:00 0 
7fcb23c5a000-7fcb23c5b000 r--p 00000000 00:26 2403369                    /usr/lib64/libpthread.so.0
7fcb23c5b000-7fcb23c5c000 r-xp 00001000 00:26 2403369                    /usr/lib64/libpthread.so.0
7fcb23c5c000-7fcb23c5d000 r--p 00002000 00:26 2403369                    /usr/lib64/libpthread.so.0
7fcb23c5d000-7fcb23c5e000 r--p 00002000 00:26 2403369                    /usr/lib64/libpthread.so.0
7fcb23c5e000-7fcb23c5f000 rw-p 00000000 00:00 0 
7fcb23c62000-7fcb23c63000 r--p 00000000 07:03 191                        /var/lib/snapd/snap/code/193/usr/lib/locale/aa_DJ.utf8/LC_MEASUREMENT
7fcb23c6a000-7fcb23c6b000 r--p 00000000 07:03 5468                       /var/lib/snapd/snap/code/193/usr/lib/locale/pt_BR.utf8/LC_IDENTIFICATION
7fcb23c6e000-7fcb23c73000 rw-p 00000000 00:00 0 
7fcb23c73000-7fcb23c7a000 ---p 00000000 00:00 0 
7fcb23c7a000-7fcb23c82000 rw-s 00000000 00:30 1235                       /tmp/hsperfdata_ccordeiro/40693
7fcb23c82000-7fcb23c9b000 r-xp 00000000 00:26 2260488                    /home/ccordeiro/.vscode/extensions/redhat.java-1.43.0-linux-x64/jre/21.0.7-linux-x86_64/lib/libjli.so
7fcb23c9b000-7fcb23c9c000 r--p 00018000 00:26 2260488                    /home/ccordeiro/.vscode/extensions/redhat.java-1.43.0-linux-x64/jre/21.0.7-linux-x86_64/lib/libjli.so
7fcb23c9c000-7fcb23c9d000 rw-p 00019000 00:26 2260488                    /home/ccordeiro/.vscode/extensions/redhat.java-1.43.0-linux-x64/jre/21.0.7-linux-x86_64/lib/libjli.so
7fcb23c9e000-7fcb23c9f000 ---p 00000000 00:00 0 
7fcb23c9f000-7fcb23ca0000 r--p 00000000 00:00 0 
7fcb23ca0000-7fcb23ca2000 rw-p 00000000 00:00 0 
7fcb23ca2000-7fcb23ca6000 r--p 00000000 00:00 0                          [vvar]
7fcb23ca6000-7fcb23ca8000 r--p 00000000 00:00 0                          [vvar_vclock]
7fcb23ca8000-7fcb23caa000 r-xp 00000000 00:00 0                          [vdso]
7fcb23caa000-7fcb23cab000 r--p 00000000 00:26 2403358                    /usr/lib64/ld-linux-x86-64.so.2
7fcb23cab000-7fcb23cd4000 r-xp 00001000 00:26 2403358                    /usr/lib64/ld-linux-x86-64.so.2
7fcb23cd4000-7fcb23cdf000 r--p 0002a000 00:26 2403358                    /usr/lib64/ld-linux-x86-64.so.2
7fcb23cdf000-7fcb23ce1000 r--p 00035000 00:26 2403358                    /usr/lib64/ld-linux-x86-64.so.2
7fcb23ce1000-7fcb23ce3000 rw-p 00037000 00:26 2403358                    /usr/lib64/ld-linux-x86-64.so.2
7fcb23ce3000-7fcb23ce4000 ---p 00000000 00:00 0 
7fcb23ce4000-7fcb23ce6000 rw-p 00000000 00:00 0 
7ffccdfc1000-7ffccdfe3000 rw-p 00000000 00:00 0                          [stack]
ffffffffff600000-ffffffffff601000 --xp 00000000 00:00 0                  [vsyscall]
Total number of mappings: 195


VM Arguments:
jvm_args: -Dapplication.home=/home/ccordeiro/.vscode/extensions/redhat.java-1.43.0-linux-x64/jre/21.0.7-linux-x86_64 -Xms8m -Djdk.module.main=jdk.jcmd 
java_command: jdk.jcmd/sun.tools.jcmd.JCmd 24375 VM.uptime
java_class_path (initial): <not set>
Launcher Type: SUN_STANDARD

[Global flags]
     intx CICompilerCount                          = 3                                         {product} {ergonomic}
     uint ConcGCThreads                            = 1                                         {product} {ergonomic}
     uint G1ConcRefinementThreads                  = 4                                         {product} {ergonomic}
   size_t G1HeapRegionSize                         = 1048576                                   {product} {ergonomic}
    uintx GCDrainStackTargetSize                   = 64                                        {product} {ergonomic}
   size_t InitialHeapSize                          = 8388608                                   {product} {command line}
   size_t MarkStackSize                            = 4194304                                   {product} {ergonomic}
   size_t MaxHeapSize                              = 2074083328                                {product} {ergonomic}
   size_t MaxNewSize                               = 1243611136                                {product} {ergonomic}
   size_t MinHeapDeltaBytes                        = 1048576                                   {product} {ergonomic}
   size_t MinHeapSize                              = 8388608                                   {product} {command line}
    uintx NonNMethodCodeHeapSize                   = 5832780                                {pd product} {ergonomic}
    uintx NonProfiledCodeHeapSize                  = 122912730                              {pd product} {ergonomic}
    uintx ProfiledCodeHeapSize                     = 122912730                              {pd product} {ergonomic}
    uintx ReservedCodeCacheSize                    = 251658240                              {pd product} {ergonomic}
     bool SegmentedCodeCache                       = true                                      {product} {ergonomic}
   size_t SoftMaxHeapSize                          = 2074083328                             {manageable} {ergonomic}
     bool UseCompressedOops                        = true                           {product lp64_product} {ergonomic}
     bool UseG1GC                                  = true                                      {product} {ergonomic}

Logging:
Log output configuration:
 #0: stdout all=warning uptime,level,tags foldmultilines=false
 #1: stderr all=off uptime,level,tags foldmultilines=false

Environment Variables:
PATH=/home/ccordeiro/.local/bin:/home/ccordeiro/bin:/usr/local/bin:/usr/local/sbin:/usr/bin:/usr/sbin:/var/lib/snapd/snap/bin:/home/ccordeiro/.dotnet/tools
USERNAME=ccordeiro
SHELL=/bin/bash
DISPLAY=:0
LANG=pt_BR.UTF-8
TERM=xterm-256color

Active Locale:
LC_ALL=pt_BR.UTF-8
LC_COLLATE=pt_BR.UTF-8
LC_CTYPE=pt_BR.UTF-8
LC_MESSAGES=pt_BR.UTF-8
LC_MONETARY=pt_BR.UTF-8
LC_NUMERIC=pt_BR.UTF-8
LC_TIME=pt_BR.UTF-8

Signal Handlers:
   SIGSEGV: crash_handler in libjvm.so, mask=11100100010111111101111111111110, flags=SA_RESTART|SA_SIGINFO, unblocked
    SIGBUS: crash_handler in libjvm.so, mask=11100100010111111101111111111110, flags=SA_RESTART|SA_SIGINFO, unblocked
    SIGFPE: crash_handler in libjvm.so, mask=11100100010111111101111111111110, flags=SA_RESTART|SA_SIGINFO, unblocked
   SIGPIPE: javaSignalHandler in libjvm.so, mask=11100100010111111101111111111110, flags=SA_RESTART|SA_SIGINFO, blocked
   SIGXFSZ: javaSignalHandler in libjvm.so, mask=11100100010111111101111111111110, flags=SA_RESTART|SA_SIGINFO, blocked
    SIGILL: crash_handler in libjvm.so, mask=11100100010111111101111111111110, flags=SA_RESTART|SA_SIGINFO, unblocked
   SIGUSR2: SR_handler in libjvm.so, mask=00000000000000000000000000000000, flags=SA_RESTART|SA_SIGINFO, blocked
    SIGHUP: UserHandler in libjvm.so, mask=11100100010111111101111111111110, flags=SA_RESTART|SA_SIGINFO, blocked
    SIGINT: UserHandler in libjvm.so, mask=11100100010111111101111111111110, flags=SA_RESTART|SA_SIGINFO, blocked
   SIGTERM: UserHandler in libjvm.so, mask=11100100010111111101111111111110, flags=SA_RESTART|SA_SIGINFO, blocked
   SIGQUIT: UserHandler in libjvm.so, mask=11100100010111111101111111111110, flags=SA_RESTART|SA_SIGINFO, blocked
   SIGTRAP: crash_handler in libjvm.so, mask=11100100010111111101111111111110, flags=SA_RESTART|SA_SIGINFO, unblocked


Periodic native trim disabled

---------------  S Y S T E M  ---------------

OS:
Fedora release 41 (Forty One)
uname: Linux 6.15.3-100.fc41.x86_64 #1 SMP PREEMPT_DYNAMIC Thu Jun 19 15:09:31 UTC 2025 x86_64
OS uptime: 0 days 1:21 hours
libc: glibc 2.40 NPTL 2.40 
rlimit (soft/hard): STACK 8192k/infinity , CORE infinity/infinity , NPROC 31375/31375 , NOFILE 1048576/1048576 , AS infinity/infinity , CPU infinity/infinity , DATA infinity/infinity , FSIZE infinity/infinity , MEMLOCK 8192k/8192k
load average: 2,77 2,67 2,50

/proc/meminfo:
MemTotal:        8100276 kB
MemFree:          319876 kB
MemAvailable:    2219580 kB
Buffers:             300 kB
Cached:          2185392 kB
SwapCached:         4868 kB
Active:          2767548 kB
Inactive:        3318680 kB
Active(anon):    2378608 kB
Inactive(anon):  1807668 kB
Active(file):     388940 kB
Inactive(file):  1511012 kB
Unevictable:        5992 kB
Mlocked:            5992 kB
SwapTotal:       8099836 kB
SwapFree:        5395384 kB
Zswap:                 0 kB
Zswapped:              0 kB
Dirty:             17168 kB
Writeback:             0 kB
AnonPages:       3903820 kB
Mapped:           704908 kB
Shmem:            280392 kB
KReclaimable:     304292 kB
Slab:             538820 kB
SReclaimable:     304292 kB
SUnreclaim:       234528 kB
KernelStack:       25152 kB
PageTables:        99400 kB
SecPageTables:         0 kB
NFS_Unstable:          0 kB
Bounce:                0 kB
WritebackTmp:          0 kB
CommitLimit:    12149972 kB
Committed_AS:   51178492 kB
VmallocTotal:   34359738367 kB
VmallocUsed:      168504 kB
VmallocChunk:          0 kB
Percpu:             7744 kB
HardwareCorrupted:     0 kB
AnonHugePages:         0 kB
ShmemHugePages:        0 kB
ShmemPmdMapped:        0 kB
FileHugePages:         0 kB
FilePmdMapped:         0 kB
CmaTotal:              0 kB
CmaFree:               0 kB
Unaccepted:            0 kB
Balloon:               0 kB
HugePages_Total:       0
HugePages_Free:        0
HugePages_Rsvd:        0
HugePages_Surp:        0
Hugepagesize:       2048 kB
Hugetlb:               0 kB
DirectMap4k:      797184 kB
DirectMap2M:     7573504 kB
DirectMap1G:           0 kB

/sys/kernel/mm/transparent_hugepage/enabled: always [madvise] never
/sys/kernel/mm/transparent_hugepage/hpage_pmd_size: 2097152
/sys/kernel/mm/transparent_hugepage/defrag (defrag/compaction efforts parameter): always defer defer+madvise [madvise] never

Process Memory:
Virtual Size: 4702332K (peak: 4702432K)
Resident Set Size: 50892K (peak: 50892K) (anon: 25728K, file: 25164K, shmem: 0K)
Swapped out: 0K
C-Heap outstanding allocations: 18360K, retained: 2091K
glibc malloc tunables: (default)

/proc/sys/kernel/threads-max (system-wide limit on the number of threads): 62751
/proc/sys/vm/max_map_count (maximum number of memory map areas a process may have): 1048576
/proc/sys/vm/swappiness (control to define how aggressively the kernel swaps out anonymous memory): 60
/proc/sys/kernel/pid_max (system-wide limit on number of process identifiers): 4194304

container (cgroup) information:
container_type: cgroupv2
cpu_cpuset_cpus: not supported
cpu_memory_nodes: not supported
active_processor_count: 4
cpu_quota: no quota
cpu_period: 100000
cpu_shares: no shares
memory_limit_in_bytes: unlimited
memory_and_swap_limit_in_bytes: unlimited
memory_soft_limit_in_bytes: unlimited
memory_usage_in_bytes: 1858520 k
memory_max_usage_in_bytes: not supported
memory_swap_current_in_bytes: 459612 k
memory_swap_max_limit_in_bytes: unlimited
maximum number of tasks: 9412
current number of tasks: 206

Steal ticks since vm start: 0
Steal ticks percentage since vm start:  0,000

CPU: total 8 (initial active 4) (4 cores per cpu, 1 threads per core) family 21 model 1 stepping 2 microcode 0x600063e, cx8, cmov, fxsr, mmx, 3dnowpref, sse, sse2, sse3, ssse3, sse4a, sse4.1, sse4.2, popcnt, lzcnt, tsc, tscinvbit, avx, aes, clmul, vzeroupper, clflush, rdtscp
CPU Model and flags from /proc/cpuinfo:
model name	: AMD FX(tm)-4100 Quad-Core Processor
flags		: fpu vme de pse tsc msr pae mce cx8 apic sep mtrr pge mca cmov pat pse36 clflush mmx fxsr sse sse2 ht syscall nx mmxext fxsr_opt pdpe1gb rdtscp lm constant_tsc rep_good nopl nonstop_tsc cpuid extd_apicid aperfmperf pni pclmulqdq monitor ssse3 cx16 sse4_1 sse4_2 popcnt aes xsave avx lahf_lm cmp_legacy svm extapic cr8_legacy abm sse4a misalignsse 3dnowprefetch osvw ibs xop skinit wdt fma4 nodeid_msr topoext perfctr_core perfctr_nb cpb hw_pstate ssbd ibpb vmmcall arat npt lbrv svm_lock nrip_save tsc_scale vmcb_clean flushbyasid decodeassists pausefilter pfthreshold

Online cpus: 0-3
Offline cpus: 4-7
BIOS frequency limitation: 3600000
Frequency switch latency (ns): 4000
Available cpu frequencies: 3600000 3300000 2500000 1700000 1400000 
Current governor: schedutil
Core performance/turbo boost: 1

Memory: 4k page, physical 8100276k(2219580k free), swap 8099836k(5395384k free)
Page Sizes: 4k

vm_info: OpenJDK 64-Bit Server VM (21.0.7+6-LTS) for linux-amd64 JRE (21.0.7+6-LTS), built on 2025-04-15T00:00:00Z by "admin" with gcc 11.3.0

END.
